This file contains any messages produced by compilers while
running configure, to aid debugging if configure makes a mistake.

It was created by configure, which was
generated by GNU Autoconf 2.57.  Invocation command line was

  $ ./configure --build=i386-linux --host=i386-linux --target=i386-linux CC=gcc CFLAGS= CPPFLAGS= CPP=cpp CXXFLAGS=-O0 -g3 -Wall  CXX=g++ LDFLAGS= build_alias=i386-linux host_alias=i386-linux target_alias=i386-linux --prefix=/usr/kde/3.1 --no-create --no-recursion

## --------- ##
## Platform. ##
## --------- ##

hostname = mainbrain
uname -m = i686
uname -r = 2.4.21
uname -s = Linux
uname -v = #2 Sat Jun 14 00:16:22 IDT 2003

/usr/bin/uname -p = unknown
/bin/uname -X     = unknown

/bin/arch              = i686
/usr/bin/arch -k       = unknown
/usr/convex/getsysinfo = unknown
hostinfo               = unknown
/bin/machine           = unknown
/usr/bin/oslevel       = unknown
/bin/universe          = unknown

PATH: /usr/kde/3.1/bin
PATH: /bin
PATH: /usr/bin
PATH: /usr/local/bin
PATH: /opt/bin
PATH: /usr/i686-pc-linux-gnu/gcc-bin/3.2
PATH: /usr/X11R6/bin
PATH: /opt/blackdown-jdk-1.4.1/bin
PATH: /opt/blackdown-jdk-1.4.1/jre/bin
PATH: /usr/qt/3/bin
PATH: /usr/kde/3.1/bin
PATH: /usr/qt/2/bin
PATH: /usr/games/bin


## ----------- ##
## Core tests. ##
## ----------- ##

configure:1507: checking build system type
configure:1525: result: i386-pc-linux-gnu
configure:1533: checking host system type
configure:1547: result: i386-pc-linux-gnu
configure:1555: checking target system type
configure:1569: result: i386-pc-linux-gnu
configure:1615: checking for a BSD-compatible install
configure:1669: result: /bin/install -c
configure:1684: checking for -p flag to install
configure:1697: result: yes
configure:1708: checking whether build environment is sane
configure:1751: result: yes
configure:1753: checking whether make sets $(MAKE)
configure:1773: result: yes
configure:1805: checking for working aclocal-1.4
configure:1812: result: found
configure:1820: checking for working autoconf
configure:1827: result: found
configure:1835: checking for working automake-1.4
configure:1842: result: found
configure:1850: checking for working autoheader
configure:1857: result: found
configure:1865: checking for working makeinfo
configure:1872: result: found
configure:2005: checking for i386-linux-gcc
configure:2031: result: gcc
configure:2313: checking for C compiler version
configure:2316: gcc --version </dev/null >&5
gcc (GCC) 3.2.3 20030422 (Gentoo Linux 1.4 3.2.3-r1, propolice)
Copyright (C) 2002 Free Software Foundation, Inc.
This is free software; see the source for copying conditions.  There is NO
warranty; not even for MERCHANTABILITY or FITNESS FOR A PARTICULAR PURPOSE.

configure:2319: $? = 0
configure:2321: gcc -v </dev/null >&5
Reading specs from /usr/lib/gcc-lib/i686-pc-linux-gnu/3.2.3/specs
Configured with: /var/tmp/portage/gcc-3.2.3-r1/work/gcc-3.2.3/configure --prefix=/usr --bindir=/usr/i686-pc-linux-gnu/gcc-bin/3.2 --includedir=/usr/lib/gcc-lib/i686-pc-linux-gnu/3.2.3/include --datadir=/usr/share/gcc-data/i686-pc-linux-gnu/3.2 --mandir=/usr/share/gcc-data/i686-pc-linux-gnu/3.2/man --infodir=/usr/share/gcc-data/i686-pc-linux-gnu/3.2/info --enable-shared --host=i686-pc-linux-gnu --target=i686-pc-linux-gnu --with-system-zlib --enable-languages=c,c++,ada,f77,objc,java --enable-threads=posix --enable-long-long --disable-checking --enable-cstdio=stdio --enable-clocale=generic --enable-__cxa_atexit --enable-version-specific-runtime-libs --with-gxx-include-dir=/usr/lib/gcc-lib/i686-pc-linux-gnu/3.2.3/include/g++-v3 --with-local-prefix=/usr/local --enable-shared --enable-nls --without-included-gettext
Thread model: posix
gcc version 3.2.3 20030422 (Gentoo Linux 1.4 3.2.3-r1, propolice)
configure:2324: $? = 0
configure:2326: gcc -V </dev/null >&5
gcc: argument to `-V' is missing
configure:2329: $? = 1
configure:2353: checking for C compiler default output
configure:2356: gcc     conftest.c  >&5
configure:2359: $? = 0
configure:2405: result: a.out
configure:2410: checking whether the C compiler works
configure:2416: ./a.out
configure:2419: $? = 0
configure:2436: result: yes
configure:2443: checking whether we are cross compiling
configure:2445: result: no
configure:2448: checking for suffix of executables
configure:2450: gcc -o conftest     conftest.c  >&5
configure:2453: $? = 0
configure:2478: result: 
configure:2484: checking for suffix of object files
configure:2506: gcc -c    conftest.c >&5
configure:2509: $? = 0
configure:2531: result: o
configure:2535: checking whether we are using the GNU C compiler
configure:2560: gcc -c    conftest.c >&5
configure:2563: $? = 0
configure:2566: test -s conftest.o
configure:2569: $? = 0
configure:2582: result: yes
configure:2588: checking whether gcc accepts -g
configure:2610: gcc -c -g  conftest.c >&5
configure:2613: $? = 0
configure:2616: test -s conftest.o
configure:2619: $? = 0
configure:2630: result: yes
configure:2647: checking for gcc option to accept ANSI C
configure:2708: gcc  -c    conftest.c >&5
configure:2711: $? = 0
configure:2714: test -s conftest.o
configure:2717: $? = 0
configure:2735: result: none needed
configure:2753: gcc -c    conftest.c >&5
conftest.c:2: parse error before "me"
configure:2756: $? = 1
configure: failed program was:
| #ifndef __cplusplus
|   choke me
| #endif
configure:2871: checking how to run the C preprocessor
configure:2989: result: cpp
configure:3014: cpp  conftest.c
configure:3020: $? = 0
configure:3052: cpp  conftest.c
configure:3053:28: ac_nonexistent.h: No such file or directory
configure:3058: $? = 1
configure: failed program was:
| #line 3043 "configure"
| /* confdefs.h.  */
| 
| #define PACKAGE_NAME ""
| #define PACKAGE_TARNAME ""
| #define PACKAGE_VERSION ""
| #define PACKAGE_STRING ""
| #define PACKAGE_BUGREPORT ""
| #define PACKAGE "idial"
| #define VERSION "0.2-rc1"
| /* end confdefs.h.  */
| #include <ac_nonexistent.h>
configure:3139: checking for i386-linux-g++
configure:3165: result: g++
configure:3223: checking for C++ compiler version
configure:3226: g++ --version </dev/null >&5
g++ (GCC) 3.2.3 20030422 (Gentoo Linux 1.4 3.2.3-r1, propolice)
Copyright (C) 2002 Free Software Foundation, Inc.
This is free software; see the source for copying conditions.  There is NO
warranty; not even for MERCHANTABILITY or FITNESS FOR A PARTICULAR PURPOSE.

configure:3229: $? = 0
configure:3231: g++ -v </dev/null >&5
Reading specs from /usr/lib/gcc-lib/i686-pc-linux-gnu/3.2.3/specs
Configured with: /var/tmp/portage/gcc-3.2.3-r1/work/gcc-3.2.3/configure --prefix=/usr --bindir=/usr/i686-pc-linux-gnu/gcc-bin/3.2 --includedir=/usr/lib/gcc-lib/i686-pc-linux-gnu/3.2.3/include --datadir=/usr/share/gcc-data/i686-pc-linux-gnu/3.2 --mandir=/usr/share/gcc-data/i686-pc-linux-gnu/3.2/man --infodir=/usr/share/gcc-data/i686-pc-linux-gnu/3.2/info --enable-shared --host=i686-pc-linux-gnu --target=i686-pc-linux-gnu --with-system-zlib --enable-languages=c,c++,ada,f77,objc,java --enable-threads=posix --enable-long-long --disable-checking --enable-cstdio=stdio --enable-clocale=generic --enable-__cxa_atexit --enable-version-specific-runtime-libs --with-gxx-include-dir=/usr/lib/gcc-lib/i686-pc-linux-gnu/3.2.3/include/g++-v3 --with-local-prefix=/usr/local --enable-shared --enable-nls --without-included-gettext
Thread model: posix
gcc version 3.2.3 20030422 (Gentoo Linux 1.4 3.2.3-r1, propolice)
configure:3234: $? = 0
configure:3236: g++ -V </dev/null >&5
g++: argument to `-V' missing

configure:3239: $? = 1
configure:3242: checking whether we are using the GNU C++ compiler
configure:3267: g++ -c  -O0 -g3 -Wall   conftest.cc >&5
configure:3270: $? = 0
configure:3273: test -s conftest.o
configure:3276: $? = 0
configure:3289: result: yes
configure:3295: checking whether g++ accepts -g
configure:3317: g++ -c -g  conftest.cc >&5
configure:3320: $? = 0
configure:3323: test -s conftest.o
configure:3326: $? = 0
configure:3337: result: yes
configure:3381: g++ -c  -O0 -g3 -Wall   conftest.cc >&5
configure:3384: $? = 0
configure:3387: test -s conftest.o
configure:3390: $? = 0
configure:3417: g++ -c  -O0 -g3 -Wall   conftest.cc >&5
configure: In function `int main()':
configure:3414: `exit' undeclared (first use this function)
configure:3414: (Each undeclared identifier is reported only once for each 
   function it appears in.)
configure:3420: $? = 1
configure: failed program was:
| #line 3400 "configure"
| /* confdefs.h.  */
| 
| #define PACKAGE_NAME ""
| #define PACKAGE_TARNAME ""
| #define PACKAGE_VERSION ""
| #define PACKAGE_STRING ""
| #define PACKAGE_BUGREPORT ""
| #define PACKAGE "idial"
| #define VERSION "0.2-rc1"
| /* end confdefs.h.  */
| 
| int
| main ()
| {
| exit (42);
|   ;
|   return 0;
| }
configure:3381: g++ -c  -O0 -g3 -Wall   conftest.cc >&5
configure:3384: $? = 0
configure:3387: test -s conftest.o
configure:3390: $? = 0
configure:3417: g++ -c  -O0 -g3 -Wall   conftest.cc >&5
configure:3420: $? = 0
configure:3423: test -s conftest.o
configure:3426: $? = 0
configure:3728: checking whether g++ supports -Wundef
configure:3765: rm -rf SunWS_cache; g++ -o conftest -Wall -pedantic -W -Wpointer-arith -Wmissing-prototypes -Wwrite-strings -ansi -D_XOPEN_SOURCE=500 -D_BSD_SOURCE -Wcast-align -Wconversion -O2  -O0 -g3 -Wall  -Wundef   conftest.cc  1>&5
configure:3768: $? = 0
configure:3771: test -s conftest
configure:3774: $? = 0
configure:3794: result: yes
configure:3806: checking whether g++ supports -Wno-long-long
configure:3843: rm -rf SunWS_cache; g++ -o conftest -Wundef -Wall -pedantic -W -Wpointer-arith -Wmissing-prototypes -Wwrite-strings -ansi -D_XOPEN_SOURCE=500 -D_BSD_SOURCE -Wcast-align -Wconversion -O2  -O0 -g3 -Wall  -Wno-long-long   conftest.cc  1>&5
configure:3846: $? = 0
configure:3849: test -s conftest
configure:3852: $? = 0
configure:3872: result: yes
configure:3884: checking whether g++ supports -Wnon-virtual-dtor
configure:3921: rm -rf SunWS_cache; g++ -o conftest -Wno-long-long -Wundef -Wall -pedantic -W -Wpointer-arith -Wmissing-prototypes -Wwrite-strings -ansi -D_XOPEN_SOURCE=500 -D_BSD_SOURCE -Wcast-align -Wconversion -O2  -O0 -g3 -Wall  -Wnon-virtual-dtor   conftest.cc  1>&5
configure:3924: $? = 0
configure:3927: test -s conftest
configure:3930: $? = 0
configure:3950: result: yes
configure:3970: checking whether g++ supports -fno-exceptions
configure:4007: rm -rf SunWS_cache; g++ -o conftest -Wnon-virtual-dtor -Wno-long-long -Wundef -Wall -pedantic -W -Wpointer-arith -Wmissing-prototypes -Wwrite-strings -ansi -D_XOPEN_SOURCE=500 -D_BSD_SOURCE -Wcast-align -Wconversion -O2  -O0 -g3 -Wall  -fno-exceptions   conftest.cc  1>&5
configure:4010: $? = 0
configure:4013: test -s conftest
configure:4016: $? = 0
configure:4036: result: yes
configure:4048: checking whether g++ supports -fno-check-new
configure:4085: rm -rf SunWS_cache; g++ -o conftest -Wnon-virtual-dtor -Wno-long-long -Wundef -Wall -pedantic -W -Wpointer-arith -Wmissing-prototypes -Wwrite-strings -ansi -D_XOPEN_SOURCE=500 -D_BSD_SOURCE -Wcast-align -Wconversion -O2  -O0 -g3 -Wall  -fno-exceptions -fno-check-new   conftest.cc  1>&5
configure:4088: $? = 0
configure:4091: test -s conftest
configure:4094: $? = 0
configure:4114: result: yes
configure:4126: checking whether g++ supports -fexceptions
configure:4163: rm -rf SunWS_cache; g++ -o conftest -Wnon-virtual-dtor -Wno-long-long -Wundef -Wall -pedantic -W -Wpointer-arith -Wmissing-prototypes -Wwrite-strings -ansi -D_XOPEN_SOURCE=500 -D_BSD_SOURCE -Wcast-align -Wconversion -O2  -O0 -g3 -Wall  -fno-exceptions -fno-check-new -fexceptions   conftest.cc  1>&5
configure:4166: $? = 0
configure:4169: test -s conftest
configure:4172: $? = 0
configure:4192: result: yes
configure:4793: checking how to run the C++ preprocessor
configure:4825: g++ -E  conftest.cc
configure:4831: $? = 0
configure:4863: g++ -E  conftest.cc
configure:4867:28: ac_nonexistent.h: No such file or directory
configure:4869: $? = 1
configure: failed program was:
| #line 4854 "configure"
| /* confdefs.h.  */
| 
| #define PACKAGE_NAME ""
| #define PACKAGE_TARNAME ""
| #define PACKAGE_VERSION ""
| #define PACKAGE_STRING ""
| #define PACKAGE_BUGREPORT ""
| #define PACKAGE "idial"
| #define VERSION "0.2-rc1"
| #ifdef __cplusplus
| #include <stdlib.h>
| #endif
| /* end confdefs.h.  */
| #include <ac_nonexistent.h>
configure:4907: result: g++ -E
configure:4932: g++ -E  conftest.cc
configure:4938: $? = 0
configure:4970: g++ -E  conftest.cc
configure:4974:28: ac_nonexistent.h: No such file or directory
configure:4976: $? = 1
configure: failed program was:
| #line 4961 "configure"
| /* confdefs.h.  */
| 
| #define PACKAGE_NAME ""
| #define PACKAGE_TARNAME ""
| #define PACKAGE_VERSION ""
| #define PACKAGE_STRING ""
| #define PACKAGE_BUGREPORT ""
| #define PACKAGE "idial"
| #define VERSION "0.2-rc1"
| #ifdef __cplusplus
| #include <stdlib.h>
| #endif
| /* end confdefs.h.  */
| #include <ac_nonexistent.h>
configure:5041: checking whether g++ supports -frepo
configure:5078: rm -rf SunWS_cache; g++ -o conftest -Wnon-virtual-dtor -Wno-long-long -Wundef -Wall -pedantic -W -Wpointer-arith -Wmissing-prototypes -Wwrite-strings -ansi -D_XOPEN_SOURCE=500 -D_BSD_SOURCE -Wcast-align -Wconversion -O2 -O0 -g3 -Wall -fno-exceptions -fno-check-new -frepo   conftest.cc  1>&5
conftest.cc:1: warning: -frepo must be used with -c
configure:5081: $? = 0
configure:5084: test -s conftest
configure:5087: $? = 0
configure:5107: result: yes
configure:5315: result: not using lib directory suffix
configure:5371: checking for ld used by GCC
configure:5435: result: /usr/i686-pc-linux-gnu/bin/ld
configure:5444: checking if the linker (/usr/i686-pc-linux-gnu/bin/ld) is GNU ld
GNU ld version 2.14.90.0.2 20030515
configure:5456: result: yes
configure:5461: checking for /usr/i686-pc-linux-gnu/bin/ld option to reload object files
configure:5468: result: -r
configure:5477: checking for BSD-compatible nm
configure:5512: result: nm
configure:5516: checking for a sed that does not truncate output
configure:5592: result: 
configure:5595: checking whether ln -s works
configure:5599: result: yes
configure:5606: checking how to recognise dependant libraries
configure:5793: result: pass_all
configure:5863: gcc -c -ansi -W -Wall -pedantic -Wshadow -Wpointer-arith -Wmissing-prototypes -Wwrite-strings -D_XOPEN_SOURCE=500 -D_BSD_SOURCE -O2    conftest.c >&5
configure:5866: $? = 0
configure:5952: checking for egrep
configure:5962: result: grep -E
configure:5967: checking for ANSI C header files
configure:5993: gcc -c -ansi -W -Wall -pedantic -Wshadow -Wpointer-arith -Wmissing-prototypes -Wwrite-strings -D_XOPEN_SOURCE=500 -D_BSD_SOURCE -O2    conftest.c >&5
configure:5996: $? = 0
configure:5999: test -s conftest.o
configure:6002: $? = 0
configure:6091: gcc -o conftest -ansi -W -Wall -pedantic -Wshadow -Wpointer-arith -Wmissing-prototypes -Wwrite-strings -D_XOPEN_SOURCE=500 -D_BSD_SOURCE -O2     conftest.c  >&5
configure: In function `main':
configure:6094: warning: implicit declaration of function `exit'
configure:6094: $? = 0
configure:6096: ./conftest
configure:6099: $? = 0
configure:6114: result: yes
configure:6138: checking for sys/types.h
configure:6155: gcc -c -ansi -W -Wall -pedantic -Wshadow -Wpointer-arith -Wmissing-prototypes -Wwrite-strings -D_XOPEN_SOURCE=500 -D_BSD_SOURCE -O2    conftest.c >&5
configure:6158: $? = 0
configure:6161: test -s conftest.o
configure:6164: $? = 0
configure:6175: result: yes
configure:6138: checking for sys/stat.h
configure:6155: gcc -c -ansi -W -Wall -pedantic -Wshadow -Wpointer-arith -Wmissing-prototypes -Wwrite-strings -D_XOPEN_SOURCE=500 -D_BSD_SOURCE -O2    conftest.c >&5
configure:6158: $? = 0
configure:6161: test -s conftest.o
configure:6164: $? = 0
configure:6175: result: yes
configure:6138: checking for stdlib.h
configure:6155: gcc -c -ansi -W -Wall -pedantic -Wshadow -Wpointer-arith -Wmissing-prototypes -Wwrite-strings -D_XOPEN_SOURCE=500 -D_BSD_SOURCE -O2    conftest.c >&5
configure:6158: $? = 0
configure:6161: test -s conftest.o
configure:6164: $? = 0
configure:6175: result: yes
configure:6138: checking for string.h
configure:6155: gcc -c -ansi -W -Wall -pedantic -Wshadow -Wpointer-arith -Wmissing-prototypes -Wwrite-strings -D_XOPEN_SOURCE=500 -D_BSD_SOURCE -O2    conftest.c >&5
configure:6158: $? = 0
configure:6161: test -s conftest.o
configure:6164: $? = 0
configure:6175: result: yes
configure:6138: checking for memory.h
configure:6155: gcc -c -ansi -W -Wall -pedantic -Wshadow -Wpointer-arith -Wmissing-prototypes -Wwrite-strings -D_XOPEN_SOURCE=500 -D_BSD_SOURCE -O2    conftest.c >&5
configure:6158: $? = 0
configure:6161: test -s conftest.o
configure:6164: $? = 0
configure:6175: result: yes
configure:6138: checking for strings.h
configure:6155: gcc -c -ansi -W -Wall -pedantic -Wshadow -Wpointer-arith -Wmissing-prototypes -Wwrite-strings -D_XOPEN_SOURCE=500 -D_BSD_SOURCE -O2    conftest.c >&5
configure:6158: $? = 0
configure:6161: test -s conftest.o
configure:6164: $? = 0
configure:6175: result: yes
configure:6138: checking for inttypes.h
configure:6155: gcc -c -ansi -W -Wall -pedantic -Wshadow -Wpointer-arith -Wmissing-prototypes -Wwrite-strings -D_XOPEN_SOURCE=500 -D_BSD_SOURCE -O2    conftest.c >&5
configure:6158: $? = 0
configure:6161: test -s conftest.o
configure:6164: $? = 0
configure:6175: result: yes
configure:6138: checking for stdint.h
configure:6155: gcc -c -ansi -W -Wall -pedantic -Wshadow -Wpointer-arith -Wmissing-prototypes -Wwrite-strings -D_XOPEN_SOURCE=500 -D_BSD_SOURCE -O2    conftest.c >&5
configure:6158: $? = 0
configure:6161: test -s conftest.o
configure:6164: $? = 0
configure:6175: result: yes
configure:6138: checking for unistd.h
configure:6155: gcc -c -ansi -W -Wall -pedantic -Wshadow -Wpointer-arith -Wmissing-prototypes -Wwrite-strings -D_XOPEN_SOURCE=500 -D_BSD_SOURCE -O2    conftest.c >&5
configure:6158: $? = 0
configure:6161: test -s conftest.o
configure:6164: $? = 0
configure:6175: result: yes
configure:6201: checking dlfcn.h usability
configure:6214: gcc -c -ansi -W -Wall -pedantic -Wshadow -Wpointer-arith -Wmissing-prototypes -Wwrite-strings -D_XOPEN_SOURCE=500 -D_BSD_SOURCE -O2    conftest.c >&5
configure:6217: $? = 0
configure:6220: test -s conftest.o
configure:6223: $? = 0
configure:6233: result: yes
configure:6237: checking dlfcn.h presence
configure:6248: cpp  conftest.c
configure:6254: $? = 0
configure:6273: result: yes
configure:6309: checking for dlfcn.h
configure:6316: result: yes
configure:6333: checking the maximum length of command line arguments
configure:6381: result: 32768
configure:6392: checking command to parse nm output from gcc object
configure:6477: gcc -c -ansi -W -Wall -pedantic -Wshadow -Wpointer-arith -Wmissing-prototypes -Wwrite-strings -D_XOPEN_SOURCE=500 -D_BSD_SOURCE -O2    conftest.c >&5
conftest.c:5: warning: no previous prototype for `nm_test_func'
configure:6480: $? = 0
configure:6484: nm conftest.o \| sed -n -e 's/^.*[ 	]\([ABCDGISTW][ABCDGISTW]*\)[ 	][ 	]*\(\)\([_A-Za-z][_A-Za-z0-9]*\)$/\1 \2\3 \3/p' \> conftest.nm
configure:6487: $? = 0
configure:6539: gcc -o conftest -ansi -W -Wall -pedantic -Wshadow -Wpointer-arith -Wmissing-prototypes -Wwrite-strings -D_XOPEN_SOURCE=500 -D_BSD_SOURCE -O2     conftest.c conftstm.o >&5
configure:6542: $? = 0
configure:6580: result: ok
configure:6584: checking for objdir
configure:6599: result: .libs
configure:6651: checking for i386-linux-ranlib
configure:6680: result: no
configure:6689: checking for ranlib
configure:6705: found /usr/bin/ranlib
configure:6716: result: ranlib
configure:6731: checking for i386-linux-strip
configure:6760: result: no
configure:6769: checking for strip
configure:6785: found /usr/bin/strip
configure:6796: result: strip
configure:7059: checking if gcc static flag  works
conftest.c:1: warning: return type defaults to `int'
configure:7082: result: no
configure:7099: checking if gcc supports -fno-rtti -fno-exceptions
cc1: warning: ignoring command line option '-fno-rtti'
cc1: warning: (it is valid for C++ but not the selected language)
cc1: warning: ignoring command line option '-fno-rtti'
cc1: warning: (it is valid for C++ but not the selected language)
configure:7123: result: no
configure:7138: checking for gcc option to produce PIC
configure:7291: result: -fPIC
configure:7298: checking if gcc PIC flag -fPIC works
configure:7322: result: yes
configure:7346: checking if gcc supports -c -o file.o
configure:7387: result: yes
configure:7413: checking whether the gcc linker (/usr/i686-pc-linux-gnu/bin/ld) supports shared libraries
configure:8196: result: yes
configure:8218: checking whether -lc should be explicitly linked in
configure:8223: gcc -c -ansi -W -Wall -pedantic -Wshadow -Wpointer-arith -Wmissing-prototypes -Wwrite-strings -D_XOPEN_SOURCE=500 -D_BSD_SOURCE -O2    conftest.c >&5
conftest.c:1: warning: `dummy' defined but not used
configure:8226: $? = 0
configure:8240: gcc -shared conftest.o  -v -Wl,-soname -Wl,conftest -o conftest 2\>\&1 \| grep  -lc  \>/dev/null 2\>\&1
configure:8243: $? = 0
configure:8255: result: no
configure:8261: checking how to hardcode library paths into programs
configure:8285: result: immediate
configure:8299: checking whether stripping libraries is possible
configure:8304: result: yes
configure:8311: checking dynamic linker characteristics
configure:8762: result: GNU/Linux ld.so
configure:9415: checking if libtool supports shared libraries
configure:9417: result: yes
configure:9420: checking whether to build shared libraries
configure:9441: result: yes
configure:9444: checking whether to build static libraries
configure:9448: result: no
configure:9527: creating libtool
configure:10252: checking whether the g++ linker (/usr/i686-pc-linux-gnu/bin/ld) supports shared libraries
configure:10907: result: yes
configure:10924: g++ -c -Wnon-virtual-dtor -Wno-long-long -Wundef -Wall -pedantic -W -Wpointer-arith -Wmissing-prototypes -Wwrite-strings -ansi -D_XOPEN_SOURCE=500 -D_BSD_SOURCE -Wcast-align -Wconversion -O2 -O0 -g3 -Wall -fno-exceptions -fno-check-new  conftest.cc >&5
configure:10927: $? = 0
configure:11027: checking for g++ option to produce PIC
configure:11263: result: -fPIC
configure:11270: checking if g++ PIC flag -fPIC works
configure:11294: result: yes
configure:11318: checking if g++ supports -c -o file.o
configure:11359: result: yes
configure:11385: checking whether the g++ linker (/usr/i686-pc-linux-gnu/bin/ld) supports shared libraries
configure:11407: result: yes
configure:11429: checking whether -lc should be explicitly linked in
configure:11434: g++ -c -Wnon-virtual-dtor -Wno-long-long -Wundef -Wall -pedantic -W -Wpointer-arith -Wmissing-prototypes -Wwrite-strings -ansi -D_XOPEN_SOURCE=500 -D_BSD_SOURCE -Wcast-align -Wconversion -O2 -O0 -g3 -Wall -fno-exceptions -fno-check-new  conftest.cc >&5
conftest.cc:1: warning: `int dummy' defined but not used
configure:11437: $? = 0
configure:11451: g++ -shared -nostdlib  conftest.o   -v -Wl,-soname -Wl,conftest -o conftest 2\>\&1 \| grep  -lc  \>/dev/null 2\>\&1
configure:11454: $? = 1
configure:11466: result: yes
configure:11472: checking how to hardcode library paths into programs
configure:11496: result: immediate
configure:11510: checking whether stripping libraries is possible
configure:11515: result: yes
configure:11522: checking dynamic linker characteristics
configure:11973: result: GNU/Linux ld.so
configure:13042: checking if gcj supports -fno-rtti -fno-exceptions
configure:13066: result: no
configure:13081: checking for gcj option to produce PIC
configure:13234: result: -fPIC
configure:13241: checking if gcj PIC flag -fPIC works
configure:13265: result: no
configure:13289: checking if gcj supports -c -o file.o
configure:13330: result: no
configure:13356: checking whether the gcj linker (/usr/i686-pc-linux-gnu/bin/ld) supports shared libraries
configure:14139: result: yes
configure:14161: checking whether -lc should be explicitly linked in
configure:14166: gcj -c -ansi -W -Wall -pedantic -Wshadow -Wpointer-arith -Wmissing-prototypes -Wwrite-strings -D_XOPEN_SOURCE=500 -D_BSD_SOURCE -O2    conftest.java >&5
gcj: can't specify `-D' without `--main'

configure:14169: $? = 1
configure:14198: result: yes
configure:14204: checking how to hardcode library paths into programs
configure:14228: result: immediate
configure:14242: checking whether stripping libraries is possible
configure:14247: result: yes
configure:14254: checking dynamic linker characteristics
configure:14705: result: GNU/Linux ld.so
configure:16250: checking for msgfmt
configure:16277: result: /usr/bin/msgfmt
configure:16286: checking for gmsgfmt
configure:16317: result: /usr/bin/msgfmt
configure:16336: checking for xgettext
configure:16363: result: /usr/bin/xgettext
configure:16462: checking for main in -lutil
configure:16487: gcc -o conftest -ansi -W -Wall -pedantic -Wshadow -Wpointer-arith -Wmissing-prototypes -Wwrite-strings -D_XOPEN_SOURCE=500 -D_BSD_SOURCE -O2     conftest.c -lutil   >&5
configure:16490: $? = 0
configure:16493: test -s conftest
configure:16496: $? = 0
configure:16508: result: yes
configure:16514: checking for main in -lcompat
configure:16539: gcc -o conftest -ansi -W -Wall -pedantic -Wshadow -Wpointer-arith -Wmissing-prototypes -Wwrite-strings -D_XOPEN_SOURCE=500 -D_BSD_SOURCE -O2     conftest.c -lcompat   >&5
/usr/lib/gcc-lib/i686-pc-linux-gnu/3.2.3/../../../../i686-pc-linux-gnu/bin/ld: cannot find -lcompat
collect2: ld returned 1 exit status
configure:16542: $? = 1
configure: failed program was:
| #line 16521 "configure"
| /* confdefs.h.  */
| 
| #define PACKAGE_NAME ""
| #define PACKAGE_TARNAME ""
| #define PACKAGE_VERSION ""
| #define PACKAGE_STRING ""
| #define PACKAGE_BUGREPORT ""
| #define PACKAGE "idial"
| #define VERSION "0.2-rc1"
| #ifdef __cplusplus
| #include <stdlib.h>
| #endif
| #define HAVE_TEMPLATE_REPOSITORY 1
| #define KDELIBSUFF ""
| #define STDC_HEADERS 1
| #define HAVE_SYS_TYPES_H 1
| #define HAVE_SYS_STAT_H 1
| #define HAVE_STDLIB_H 1
| #define HAVE_STRING_H 1
| #define HAVE_MEMORY_H 1
| #define HAVE_STRINGS_H 1
| #define HAVE_INTTYPES_H 1
| #define HAVE_STDINT_H 1
| #define HAVE_UNISTD_H 1
| #define HAVE_DLFCN_H 1
| /* end confdefs.h.  */
| 
| 
| int
| main ()
| {
| main ();
|   ;
|   return 0;
| }
configure:16560: result: no
configure:16567: checking for crypt in -lcrypt
configure:16598: gcc -o conftest -ansi -W -Wall -pedantic -Wshadow -Wpointer-arith -Wmissing-prototypes -Wwrite-strings -D_XOPEN_SOURCE=500 -D_BSD_SOURCE -O2     conftest.c -lcrypt   >&5
configure:16601: $? = 0
configure:16604: test -s conftest
configure:16607: $? = 0
configure:16619: result: yes
configure:16703: checking for socklen_t
configure:16743: g++ -c -Wnon-virtual-dtor -Wno-long-long -Wundef -Wall -pedantic -W -Wpointer-arith -Wmissing-prototypes -Wwrite-strings -ansi -D_XOPEN_SOURCE=500 -D_BSD_SOURCE -Wcast-align -Wconversion -O2 -O0 -g3 -Wall -fno-exceptions -fno-check-new  conftest.cc >&5
configure:16746: $? = 0
configure:16749: test -s conftest.o
configure:16752: $? = 0
configure:16815: result: socklen_t
configure:16837: checking for dnet_ntoa in -ldnet
configure:16868: gcc -o conftest -ansi -W -Wall -pedantic -Wshadow -Wpointer-arith -Wmissing-prototypes -Wwrite-strings -D_XOPEN_SOURCE=500 -D_BSD_SOURCE -O2     conftest.c -ldnet   >&5
/usr/lib/gcc-lib/i686-pc-linux-gnu/3.2.3/../../../../i686-pc-linux-gnu/bin/ld: cannot find -ldnet
collect2: ld returned 1 exit status
configure:16871: $? = 1
configure: failed program was:
| #line 16844 "configure"
| /* confdefs.h.  */
| 
| #define PACKAGE_NAME ""
| #define PACKAGE_TARNAME ""
| #define PACKAGE_VERSION ""
| #define PACKAGE_STRING ""
| #define PACKAGE_BUGREPORT ""
| #define PACKAGE "idial"
| #define VERSION "0.2-rc1"
| #ifdef __cplusplus
| #include <stdlib.h>
| #endif
| #define HAVE_TEMPLATE_REPOSITORY 1
| #define KDELIBSUFF ""
| #define STDC_HEADERS 1
| #define HAVE_SYS_TYPES_H 1
| #define HAVE_SYS_STAT_H 1
| #define HAVE_STDLIB_H 1
| #define HAVE_STRING_H 1
| #define HAVE_MEMORY_H 1
| #define HAVE_STRINGS_H 1
| #define HAVE_INTTYPES_H 1
| #define HAVE_STDINT_H 1
| #define HAVE_UNISTD_H 1
| #define HAVE_DLFCN_H 1
| #define HAVE_CRYPT 1
| #define ksize_t socklen_t
| /* end confdefs.h.  */
| 
| /* Override any gcc2 internal prototype to avoid an error.  */
| #ifdef __cplusplus
| extern "C"
| #endif
| /* We use char because int might match the return type of a gcc2
|    builtin and then its argument prototype would still apply.  */
| char dnet_ntoa ();
| int
| main ()
| {
| dnet_ntoa ();
|   ;
|   return 0;
| }
configure:16889: result: no
configure:16896: checking for dnet_ntoa in -ldnet_stub
configure:16927: gcc -o conftest -ansi -W -Wall -pedantic -Wshadow -Wpointer-arith -Wmissing-prototypes -Wwrite-strings -D_XOPEN_SOURCE=500 -D_BSD_SOURCE -O2     conftest.c -ldnet_stub   >&5
/usr/lib/gcc-lib/i686-pc-linux-gnu/3.2.3/../../../../i686-pc-linux-gnu/bin/ld: cannot find -ldnet_stub
collect2: ld returned 1 exit status
configure:16930: $? = 1
configure: failed program was:
| #line 16903 "configure"
| /* confdefs.h.  */
| 
| #define PACKAGE_NAME ""
| #define PACKAGE_TARNAME ""
| #define PACKAGE_VERSION ""
| #define PACKAGE_STRING ""
| #define PACKAGE_BUGREPORT ""
| #define PACKAGE "idial"
| #define VERSION "0.2-rc1"
| #ifdef __cplusplus
| #include <stdlib.h>
| #endif
| #define HAVE_TEMPLATE_REPOSITORY 1
| #define KDELIBSUFF ""
| #define STDC_HEADERS 1
| #define HAVE_SYS_TYPES_H 1
| #define HAVE_SYS_STAT_H 1
| #define HAVE_STDLIB_H 1
| #define HAVE_STRING_H 1
| #define HAVE_MEMORY_H 1
| #define HAVE_STRINGS_H 1
| #define HAVE_INTTYPES_H 1
| #define HAVE_STDINT_H 1
| #define HAVE_UNISTD_H 1
| #define HAVE_DLFCN_H 1
| #define HAVE_CRYPT 1
| #define ksize_t socklen_t
| /* end confdefs.h.  */
| 
| /* Override any gcc2 internal prototype to avoid an error.  */
| #ifdef __cplusplus
| extern "C"
| #endif
| /* We use char because int might match the return type of a gcc2
|    builtin and then its argument prototype would still apply.  */
| char dnet_ntoa ();
| int
| main ()
| {
| dnet_ntoa ();
|   ;
|   return 0;
| }
configure:16948: result: no
configure:16955: checking for inet_ntoa
configure:17005: gcc -o conftest -ansi -W -Wall -pedantic -Wshadow -Wpointer-arith -Wmissing-prototypes -Wwrite-strings -D_XOPEN_SOURCE=500 -D_BSD_SOURCE -O2     conftest.c  >&5
configure:17008: $? = 0
configure:17011: test -s conftest
configure:17014: $? = 0
configure:17025: result: yes
configure:17088: checking for connect
configure:17138: gcc -o conftest -ansi -W -Wall -pedantic -Wshadow -Wpointer-arith -Wmissing-prototypes -Wwrite-strings -D_XOPEN_SOURCE=500 -D_BSD_SOURCE -O2     conftest.c  >&5
configure:17141: $? = 0
configure:17144: test -s conftest
configure:17147: $? = 0
configure:17158: result: yes
configure:17222: checking for remove
configure:17272: gcc -o conftest -ansi -W -Wall -pedantic -Wshadow -Wpointer-arith -Wmissing-prototypes -Wwrite-strings -D_XOPEN_SOURCE=500 -D_BSD_SOURCE -O2     conftest.c  >&5
configure:17275: $? = 0
configure:17278: test -s conftest
configure:17281: $? = 0
configure:17292: result: yes
configure:17357: checking for shmat
configure:17407: gcc -o conftest -ansi -W -Wall -pedantic -Wshadow -Wpointer-arith -Wmissing-prototypes -Wwrite-strings -D_XOPEN_SOURCE=500 -D_BSD_SOURCE -O2     conftest.c  >&5
configure:17410: $? = 0
configure:17413: test -s conftest
configure:17416: $? = 0
configure:17427: result: yes
configure:17508: checking crt_externs.h usability
configure:17521: gcc -c -ansi -W -Wall -pedantic -Wshadow -Wpointer-arith -Wmissing-prototypes -Wwrite-strings -D_XOPEN_SOURCE=500 -D_BSD_SOURCE -O2    conftest.c >&5
configure:17572:25: crt_externs.h: No such file or directory
configure:17524: $? = 1
configure: failed program was:
| #line 17510 "configure"
| /* confdefs.h.  */
| 
| #define PACKAGE_NAME ""
| #define PACKAGE_TARNAME ""
| #define PACKAGE_VERSION ""
| #define PACKAGE_STRING ""
| #define PACKAGE_BUGREPORT ""
| #define PACKAGE "idial"
| #define VERSION "0.2-rc1"
| #ifdef __cplusplus
| #include <stdlib.h>
| #endif
| #define HAVE_TEMPLATE_REPOSITORY 1
| #define KDELIBSUFF ""
| #define STDC_HEADERS 1
| #define HAVE_SYS_TYPES_H 1
| #define HAVE_SYS_STAT_H 1
| #define HAVE_STDLIB_H 1
| #define HAVE_STRING_H 1
| #define HAVE_MEMORY_H 1
| #define HAVE_STRINGS_H 1
| #define HAVE_INTTYPES_H 1
| #define HAVE_STDINT_H 1
| #define HAVE_UNISTD_H 1
| #define HAVE_DLFCN_H 1
| #define HAVE_CRYPT 1
| #define ksize_t socklen_t
| /* end confdefs.h.  */
| #include <stdio.h>
| #if HAVE_SYS_TYPES_H
| # include <sys/types.h>
| #endif
| #if HAVE_SYS_STAT_H
| # include <sys/stat.h>
| #endif
| #if STDC_HEADERS
| # include <stdlib.h>
| # include <stddef.h>
| #else
| # if HAVE_STDLIB_H
| #  include <stdlib.h>
| # endif
| #endif
| #if HAVE_STRING_H
| # if !STDC_HEADERS && HAVE_MEMORY_H
| #  include <memory.h>
| # endif
| # include <string.h>
| #endif
| #if HAVE_STRINGS_H
| # include <strings.h>
| #endif
| #if HAVE_INTTYPES_H
| # include <inttypes.h>
| #else
| # if HAVE_STDINT_H
| #  include <stdint.h>
| # endif
| #endif
| #if HAVE_UNISTD_H
| # include <unistd.h>
| #endif
| #include <crt_externs.h>
configure:17540: result: no
configure:17544: checking crt_externs.h presence
configure:17555: cpp  conftest.c
configure:17574:25: crt_externs.h: No such file or directory
configure:17561: $? = 1
configure: failed program was:
| #line 17546 "configure"
| /* confdefs.h.  */
| 
| #define PACKAGE_NAME ""
| #define PACKAGE_TARNAME ""
| #define PACKAGE_VERSION ""
| #define PACKAGE_STRING ""
| #define PACKAGE_BUGREPORT ""
| #define PACKAGE "idial"
| #define VERSION "0.2-rc1"
| #ifdef __cplusplus
| #include <stdlib.h>
| #endif
| #define HAVE_TEMPLATE_REPOSITORY 1
| #define KDELIBSUFF ""
| #define STDC_HEADERS 1
| #define HAVE_SYS_TYPES_H 1
| #define HAVE_SYS_STAT_H 1
| #define HAVE_STDLIB_H 1
| #define HAVE_STRING_H 1
| #define HAVE_MEMORY_H 1
| #define HAVE_STRINGS_H 1
| #define HAVE_INTTYPES_H 1
| #define HAVE_STDINT_H 1
| #define HAVE_UNISTD_H 1
| #define HAVE_DLFCN_H 1
| #define HAVE_CRYPT 1
| #define ksize_t socklen_t
| /* end confdefs.h.  */
| #include <crt_externs.h>
configure:17580: result: no
configure:17616: checking for crt_externs.h
configure:17623: result: no
configure:17636: checking for _NSGetEnviron
configure:17686: gcc -o conftest -ansi -W -Wall -pedantic -Wshadow -Wpointer-arith -Wmissing-prototypes -Wwrite-strings -D_XOPEN_SOURCE=500 -D_BSD_SOURCE -O2     conftest.c  >&5
/tmp/ccqdAm6h.o(.text+0x11): In function `main':
: undefined reference to `_NSGetEnviron'
/tmp/ccqdAm6h.o(.data+0x0): undefined reference to `_NSGetEnviron'
collect2: ld returned 1 exit status
configure:17689: $? = 1
configure: failed program was:
| #line 17641 "configure"
| /* confdefs.h.  */
| 
| #define PACKAGE_NAME ""
| #define PACKAGE_TARNAME ""
| #define PACKAGE_VERSION ""
| #define PACKAGE_STRING ""
| #define PACKAGE_BUGREPORT ""
| #define PACKAGE "idial"
| #define VERSION "0.2-rc1"
| #ifdef __cplusplus
| #include <stdlib.h>
| #endif
| #define HAVE_TEMPLATE_REPOSITORY 1
| #define KDELIBSUFF ""
| #define STDC_HEADERS 1
| #define HAVE_SYS_TYPES_H 1
| #define HAVE_SYS_STAT_H 1
| #define HAVE_STDLIB_H 1
| #define HAVE_STRING_H 1
| #define HAVE_MEMORY_H 1
| #define HAVE_STRINGS_H 1
| #define HAVE_INTTYPES_H 1
| #define HAVE_STDINT_H 1
| #define HAVE_UNISTD_H 1
| #define HAVE_DLFCN_H 1
| #define HAVE_CRYPT 1
| #define ksize_t socklen_t
| /* end confdefs.h.  */
| /* System header to define __stub macros and hopefully few prototypes,
|     which can conflict with char _NSGetEnviron (); below.
|     Prefer <limits.h> to <assert.h> if __STDC__ is defined, since
|     <limits.h> exists even on freestanding compilers.  */
| #ifdef __STDC__
| # include <limits.h>
| #else
| # include <assert.h>
| #endif
| /* Override any gcc2 internal prototype to avoid an error.  */
| #ifdef __cplusplus
| extern "C"
| {
| #endif
| /* We use char because int might match the return type of a gcc2
|    builtin and then its argument prototype would still apply.  */
| char _NSGetEnviron ();
| /* The GNU C library defines this for functions which it implements
|     to always fail with ENOSYS.  Some functions are actually named
|     something starting with __ and the normal name is an alias.  */
| #if defined (__stub__NSGetEnviron) || defined (__stub____NSGetEnviron)
| choke me
| #else
| char (*f) () = _NSGetEnviron;
| #endif
| #ifdef __cplusplus
| }
| #endif
| 
| int
| main ()
| {
| return f != _NSGetEnviron;
|   ;
|   return 0;
| }
configure:17706: result: no
configure:17724: checking for sys/types.h
configure:17729: result: yes
configure:17724: checking for stdint.h
configure:17729: result: yes
configure:17863: checking for poll in -lpoll
configure:17894: gcc -o conftest -ansi -W -Wall -pedantic -Wshadow -Wpointer-arith -Wmissing-prototypes -Wwrite-strings -D_XOPEN_SOURCE=500 -D_BSD_SOURCE -O2     conftest.c -lpoll   >&5
/usr/lib/gcc-lib/i686-pc-linux-gnu/3.2.3/../../../../i686-pc-linux-gnu/bin/ld: cannot find -lpoll
collect2: ld returned 1 exit status
configure:17897: $? = 1
configure: failed program was:
| #line 17870 "configure"
| /* confdefs.h.  */
| 
| #define PACKAGE_NAME ""
| #define PACKAGE_TARNAME ""
| #define PACKAGE_VERSION ""
| #define PACKAGE_STRING ""
| #define PACKAGE_BUGREPORT ""
| #define PACKAGE "idial"
| #define VERSION "0.2-rc1"
| #ifdef __cplusplus
| #include <stdlib.h>
| #endif
| #define HAVE_TEMPLATE_REPOSITORY 1
| #define KDELIBSUFF ""
| #define STDC_HEADERS 1
| #define HAVE_SYS_TYPES_H 1
| #define HAVE_SYS_STAT_H 1
| #define HAVE_STDLIB_H 1
| #define HAVE_STRING_H 1
| #define HAVE_MEMORY_H 1
| #define HAVE_STRINGS_H 1
| #define HAVE_INTTYPES_H 1
| #define HAVE_STDINT_H 1
| #define HAVE_UNISTD_H 1
| #define HAVE_DLFCN_H 1
| #define HAVE_CRYPT 1
| #define ksize_t socklen_t
| #define HAVE_SYS_TYPES_H 1
| #define HAVE_STDINT_H 1
| /* end confdefs.h.  */
| 
| /* Override any gcc2 internal prototype to avoid an error.  */
| #ifdef __cplusplus
| extern "C"
| #endif
| /* We use char because int might match the return type of a gcc2
|    builtin and then its argument prototype would still apply.  */
| char poll ();
| int
| main ()
| {
| poll ();
|   ;
|   return 0;
| }
configure:17915: result: no
configure:17933: checking CoreAudio/CoreAudio.h usability
configure:17946: gcc -c -ansi -W -Wall -pedantic -Wshadow -Wpointer-arith -Wmissing-prototypes -Wwrite-strings -D_XOPEN_SOURCE=500 -D_BSD_SOURCE -O2    conftest.c >&5
configure:17999:33: CoreAudio/CoreAudio.h: No such file or directory
configure:17949: $? = 1
configure: failed program was:
| #line 17935 "configure"
| /* confdefs.h.  */
| 
| #define PACKAGE_NAME ""
| #define PACKAGE_TARNAME ""
| #define PACKAGE_VERSION ""
| #define PACKAGE_STRING ""
| #define PACKAGE_BUGREPORT ""
| #define PACKAGE "idial"
| #define VERSION "0.2-rc1"
| #ifdef __cplusplus
| #include <stdlib.h>
| #endif
| #define HAVE_TEMPLATE_REPOSITORY 1
| #define KDELIBSUFF ""
| #define STDC_HEADERS 1
| #define HAVE_SYS_TYPES_H 1
| #define HAVE_SYS_STAT_H 1
| #define HAVE_STDLIB_H 1
| #define HAVE_STRING_H 1
| #define HAVE_MEMORY_H 1
| #define HAVE_STRINGS_H 1
| #define HAVE_INTTYPES_H 1
| #define HAVE_STDINT_H 1
| #define HAVE_UNISTD_H 1
| #define HAVE_DLFCN_H 1
| #define HAVE_CRYPT 1
| #define ksize_t socklen_t
| #define HAVE_SYS_TYPES_H 1
| #define HAVE_STDINT_H 1
| /* end confdefs.h.  */
| #include <stdio.h>
| #if HAVE_SYS_TYPES_H
| # include <sys/types.h>
| #endif
| #if HAVE_SYS_STAT_H
| # include <sys/stat.h>
| #endif
| #if STDC_HEADERS
| # include <stdlib.h>
| # include <stddef.h>
| #else
| # if HAVE_STDLIB_H
| #  include <stdlib.h>
| # endif
| #endif
| #if HAVE_STRING_H
| # if !STDC_HEADERS && HAVE_MEMORY_H
| #  include <memory.h>
| # endif
| # include <string.h>
| #endif
| #if HAVE_STRINGS_H
| # include <strings.h>
| #endif
| #if HAVE_INTTYPES_H
| # include <inttypes.h>
| #else
| # if HAVE_STDINT_H
| #  include <stdint.h>
| # endif
| #endif
| #if HAVE_UNISTD_H
| # include <unistd.h>
| #endif
| #include <CoreAudio/CoreAudio.h>
configure:17965: result: no
configure:17969: checking CoreAudio/CoreAudio.h presence
configure:17980: cpp  conftest.c
configure:18001:33: CoreAudio/CoreAudio.h: No such file or directory
configure:17986: $? = 1
configure: failed program was:
| #line 17971 "configure"
| /* confdefs.h.  */
| 
| #define PACKAGE_NAME ""
| #define PACKAGE_TARNAME ""
| #define PACKAGE_VERSION ""
| #define PACKAGE_STRING ""
| #define PACKAGE_BUGREPORT ""
| #define PACKAGE "idial"
| #define VERSION "0.2-rc1"
| #ifdef __cplusplus
| #include <stdlib.h>
| #endif
| #define HAVE_TEMPLATE_REPOSITORY 1
| #define KDELIBSUFF ""
| #define STDC_HEADERS 1
| #define HAVE_SYS_TYPES_H 1
| #define HAVE_SYS_STAT_H 1
| #define HAVE_STDLIB_H 1
| #define HAVE_STRING_H 1
| #define HAVE_MEMORY_H 1
| #define HAVE_STRINGS_H 1
| #define HAVE_INTTYPES_H 1
| #define HAVE_STDINT_H 1
| #define HAVE_UNISTD_H 1
| #define HAVE_DLFCN_H 1
| #define HAVE_CRYPT 1
| #define ksize_t socklen_t
| #define HAVE_SYS_TYPES_H 1
| #define HAVE_STDINT_H 1
| /* end confdefs.h.  */
| #include <CoreAudio/CoreAudio.h>
configure:18005: result: no
configure:18041: checking for CoreAudio/CoreAudio.h
configure:18048: result: no
configure:18066: checking if res_init needs -lresolv
configure:18094: gcc -o conftest -ansi -W -Wall -pedantic -Wshadow -Wpointer-arith -Wmissing-prototypes -Wwrite-strings -D_XOPEN_SOURCE=500 -D_BSD_SOURCE -O2     conftest.c   -lresolv >&5
configure:18097: $? = 0
configure:18100: test -s conftest
configure:18103: $? = 0
configure:18107: result: yes
configure:18127: checking if res_init is available
configure:18153: gcc -c -ansi -W -Wall -pedantic -Wshadow -Wpointer-arith -Wmissing-prototypes -Wwrite-strings -D_XOPEN_SOURCE=500 -D_BSD_SOURCE -O2    conftest.c >&5
configure:18156: $? = 0
configure:18159: test -s conftest.o
configure:18162: $? = 0
configure:18165: result: yes
configure:18188: checking for killpg in -lucb
configure:18219: gcc -o conftest -ansi -W -Wall -pedantic -Wshadow -Wpointer-arith -Wmissing-prototypes -Wwrite-strings -D_XOPEN_SOURCE=500 -D_BSD_SOURCE -O2     conftest.c -lucb   >&5
/usr/lib/gcc-lib/i686-pc-linux-gnu/3.2.3/../../../../i686-pc-linux-gnu/bin/ld: cannot find -lucb
collect2: ld returned 1 exit status
configure:18222: $? = 1
configure: failed program was:
| #line 18195 "configure"
| /* confdefs.h.  */
| 
| #define PACKAGE_NAME ""
| #define PACKAGE_TARNAME ""
| #define PACKAGE_VERSION ""
| #define PACKAGE_STRING ""
| #define PACKAGE_BUGREPORT ""
| #define PACKAGE "idial"
| #define VERSION "0.2-rc1"
| #ifdef __cplusplus
| #include <stdlib.h>
| #endif
| #define HAVE_TEMPLATE_REPOSITORY 1
| #define KDELIBSUFF ""
| #define STDC_HEADERS 1
| #define HAVE_SYS_TYPES_H 1
| #define HAVE_SYS_STAT_H 1
| #define HAVE_STDLIB_H 1
| #define HAVE_STRING_H 1
| #define HAVE_MEMORY_H 1
| #define HAVE_STRINGS_H 1
| #define HAVE_INTTYPES_H 1
| #define HAVE_STDINT_H 1
| #define HAVE_UNISTD_H 1
| #define HAVE_DLFCN_H 1
| #define HAVE_CRYPT 1
| #define ksize_t socklen_t
| #define HAVE_SYS_TYPES_H 1
| #define HAVE_STDINT_H 1
| #define HAVE_RES_INIT 1
| #define HAVE_RES_INIT 1
| /* end confdefs.h.  */
| 
| /* Override any gcc2 internal prototype to avoid an error.  */
| #ifdef __cplusplus
| extern "C"
| #endif
| /* We use char because int might match the return type of a gcc2
|    builtin and then its argument prototype would still apply.  */
| char killpg ();
| int
| main ()
| {
| killpg ();
|   ;
|   return 0;
| }
configure:18240: result: no
configure:18313: checking for int
configure:18338: gcc -c -ansi -W -Wall -pedantic -Wshadow -Wpointer-arith -Wmissing-prototypes -Wwrite-strings -D_XOPEN_SOURCE=500 -D_BSD_SOURCE -O2    conftest.c >&5
configure:18341: $? = 0
configure:18344: test -s conftest.o
configure:18347: $? = 0
configure:18358: result: yes
configure:18361: checking size of int
configure:18636: gcc -o conftest -ansi -W -Wall -pedantic -Wshadow -Wpointer-arith -Wmissing-prototypes -Wwrite-strings -D_XOPEN_SOURCE=500 -D_BSD_SOURCE -O2     conftest.c  >&5
configure:18662: warning: no previous prototype for `longval'
configure:18663: warning: no previous prototype for `ulongval'
configure:18639: $? = 0
configure:18641: ./conftest
configure:18644: $? = 0
configure:18667: result: 4
configure:18673: checking for long
configure:18698: gcc -c -ansi -W -Wall -pedantic -Wshadow -Wpointer-arith -Wmissing-prototypes -Wwrite-strings -D_XOPEN_SOURCE=500 -D_BSD_SOURCE -O2    conftest.c >&5
configure:18701: $? = 0
configure:18704: test -s conftest.o
configure:18707: $? = 0
configure:18718: result: yes
configure:18721: checking size of long
configure:18996: gcc -o conftest -ansi -W -Wall -pedantic -Wshadow -Wpointer-arith -Wmissing-prototypes -Wwrite-strings -D_XOPEN_SOURCE=500 -D_BSD_SOURCE -O2     conftest.c  >&5
configure:19023: warning: no previous prototype for `longval'
configure:19024: warning: no previous prototype for `ulongval'
configure:18999: $? = 0
configure:19001: ./conftest
configure:19004: $? = 0
configure:19027: result: 4
configure:19033: checking for char *
configure:19058: gcc -c -ansi -W -Wall -pedantic -Wshadow -Wpointer-arith -Wmissing-prototypes -Wwrite-strings -D_XOPEN_SOURCE=500 -D_BSD_SOURCE -O2    conftest.c >&5
configure:19061: $? = 0
configure:19064: test -s conftest.o
configure:19067: $? = 0
configure:19078: result: yes
configure:19081: checking size of char *
configure:19356: gcc -o conftest -ansi -W -Wall -pedantic -Wshadow -Wpointer-arith -Wmissing-prototypes -Wwrite-strings -D_XOPEN_SOURCE=500 -D_BSD_SOURCE -O2     conftest.c  >&5
configure:19384: warning: no previous prototype for `longval'
configure:19385: warning: no previous prototype for `ulongval'
configure:19359: $? = 0
configure:19361: ./conftest
configure:19364: $? = 0
configure:19387: result: 4
configure:19393: checking for char
configure:19418: gcc -c -ansi -W -Wall -pedantic -Wshadow -Wpointer-arith -Wmissing-prototypes -Wwrite-strings -D_XOPEN_SOURCE=500 -D_BSD_SOURCE -O2    conftest.c >&5
configure:19421: $? = 0
configure:19424: test -s conftest.o
configure:19427: $? = 0
configure:19438: result: yes
configure:19441: checking size of char
configure:19716: gcc -o conftest -ansi -W -Wall -pedantic -Wshadow -Wpointer-arith -Wmissing-prototypes -Wwrite-strings -D_XOPEN_SOURCE=500 -D_BSD_SOURCE -O2     conftest.c  >&5
configure:19745: warning: no previous prototype for `longval'
configure:19746: warning: no previous prototype for `ulongval'
configure:19719: $? = 0
configure:19721: ./conftest
configure:19724: $? = 0
configure:19747: result: 1
configure:19755: checking for dlopen in -ldl
configure:19786: gcc -o conftest -ansi -W -Wall -pedantic -Wshadow -Wpointer-arith -Wmissing-prototypes -Wwrite-strings -D_XOPEN_SOURCE=500 -D_BSD_SOURCE -O2     conftest.c -ldl   >&5
configure:19789: $? = 0
configure:19792: test -s conftest
configure:19795: $? = 0
configure:19807: result: yes
configure:19817: checking for shl_unload in -ldld
configure:19848: gcc -o conftest -ansi -W -Wall -pedantic -Wshadow -Wpointer-arith -Wmissing-prototypes -Wwrite-strings -D_XOPEN_SOURCE=500 -D_BSD_SOURCE -O2     conftest.c -ldld   >&5
/usr/lib/gcc-lib/i686-pc-linux-gnu/3.2.3/../../../../i686-pc-linux-gnu/bin/ld: cannot find -ldld
collect2: ld returned 1 exit status
configure:19851: $? = 1
configure: failed program was:
| #line 19824 "configure"
| /* confdefs.h.  */
| 
| #define PACKAGE_NAME ""
| #define PACKAGE_TARNAME ""
| #define PACKAGE_VERSION ""
| #define PACKAGE_STRING ""
| #define PACKAGE_BUGREPORT ""
| #define PACKAGE "idial"
| #define VERSION "0.2-rc1"
| #ifdef __cplusplus
| #include <stdlib.h>
| #endif
| #define HAVE_TEMPLATE_REPOSITORY 1
| #define KDELIBSUFF ""
| #define STDC_HEADERS 1
| #define HAVE_SYS_TYPES_H 1
| #define HAVE_SYS_STAT_H 1
| #define HAVE_STDLIB_H 1
| #define HAVE_STRING_H 1
| #define HAVE_MEMORY_H 1
| #define HAVE_STRINGS_H 1
| #define HAVE_INTTYPES_H 1
| #define HAVE_STDINT_H 1
| #define HAVE_UNISTD_H 1
| #define HAVE_DLFCN_H 1
| #define HAVE_CRYPT 1
| #define ksize_t socklen_t
| #define HAVE_SYS_TYPES_H 1
| #define HAVE_STDINT_H 1
| #define HAVE_RES_INIT 1
| #define HAVE_RES_INIT 1
| #define SIZEOF_INT 4
| #define SIZEOF_LONG 4
| #define SIZEOF_CHAR_P 4
| #define SIZEOF_CHAR 1
| /* end confdefs.h.  */
| 
| /* Override any gcc2 internal prototype to avoid an error.  */
| #ifdef __cplusplus
| extern "C"
| #endif
| /* We use char because int might match the return type of a gcc2
|    builtin and then its argument prototype would still apply.  */
| char shl_unload ();
| int
| main ()
| {
| shl_unload ();
|   ;
|   return 0;
| }
configure:19869: result: no
configure:19890: checking for vsnprintf
configure:19940: gcc -o conftest -ansi -W -Wall -pedantic -Wshadow -Wpointer-arith -Wmissing-prototypes -Wwrite-strings -D_XOPEN_SOURCE=500 -D_BSD_SOURCE -O2     conftest.c  >&5
configure:19943: $? = 0
configure:19946: test -s conftest
configure:19949: $? = 0
configure:19960: result: yes
configure:19890: checking for snprintf
configure:19940: gcc -o conftest -ansi -W -Wall -pedantic -Wshadow -Wpointer-arith -Wmissing-prototypes -Wwrite-strings -D_XOPEN_SOURCE=500 -D_BSD_SOURCE -O2     conftest.c  >&5
configure:19943: $? = 0
configure:19946: test -s conftest
configure:19949: $? = 0
configure:19960: result: yes
configure:19998: checking for X
configure:20044: cpp  conftest.c
configure:20050: $? = 0
configure:20141: gcc -o conftest -ansi -W -Wall -pedantic -Wshadow -Wpointer-arith -Wmissing-prototypes -Wwrite-strings -D_XOPEN_SOURCE=500 -D_BSD_SOURCE -O2     conftest.c -lXt  >&5
configure: In function `main':
configure:20166: warning: implicit declaration of function `XtMalloc'
/usr/lib/gcc-lib/i686-pc-linux-gnu/3.2.3/../../../../i686-pc-linux-gnu/bin/ld: cannot find -lXt
collect2: ld returned 1 exit status
configure:20144: $? = 1
configure: failed program was:
| #line 20124 "configure"
| /* confdefs.h.  */
| 
| #define PACKAGE_NAME ""
| #define PACKAGE_TARNAME ""
| #define PACKAGE_VERSION ""
| #define PACKAGE_STRING ""
| #define PACKAGE_BUGREPORT ""
| #define PACKAGE "idial"
| #define VERSION "0.2-rc1"
| #ifdef __cplusplus
| #include <stdlib.h>
| #endif
| #define HAVE_TEMPLATE_REPOSITORY 1
| #define KDELIBSUFF ""
| #define STDC_HEADERS 1
| #define HAVE_SYS_TYPES_H 1
| #define HAVE_SYS_STAT_H 1
| #define HAVE_STDLIB_H 1
| #define HAVE_STRING_H 1
| #define HAVE_MEMORY_H 1
| #define HAVE_STRINGS_H 1
| #define HAVE_INTTYPES_H 1
| #define HAVE_STDINT_H 1
| #define HAVE_UNISTD_H 1
| #define HAVE_DLFCN_H 1
| #define HAVE_CRYPT 1
| #define ksize_t socklen_t
| #define HAVE_SYS_TYPES_H 1
| #define HAVE_STDINT_H 1
| #define HAVE_RES_INIT 1
| #define HAVE_RES_INIT 1
| #define SIZEOF_INT 4
| #define SIZEOF_LONG 4
| #define SIZEOF_CHAR_P 4
| #define SIZEOF_CHAR 1
| #define HAVE_VSNPRINTF 1
| #define HAVE_SNPRINTF 1
| /* end confdefs.h.  */
| 
| int
| main ()
| {
| XtMalloc()
|   ;
|   return 0;
| }
configure:20295: result: libraries /usr/X11R6/lib, headers /usr/X11R6/include
configure:20329: checking for IceConnectionNumber in -lICE
configure:20360: gcc -o conftest -ansi -W -Wall -pedantic -Wshadow -Wpointer-arith -Wmissing-prototypes -Wwrite-strings -D_XOPEN_SOURCE=500 -D_BSD_SOURCE -O2     -L/usr/X11R6/lib conftest.c -lICE   >&5
configure:20363: $? = 0
configure:20366: test -s conftest
configure:20369: $? = 0
configure:20381: result: yes
configure:20395: checking for libXext
configure:20431: gcc -o conftest -ansi -W -Wall -pedantic -Wshadow -Wpointer-arith -Wmissing-prototypes -Wwrite-strings -D_XOPEN_SOURCE=500 -D_BSD_SOURCE -O2     -L/usr/X11R6/lib  conftest.c -lXext -lX11  >&5
configure:20434: $? = 0
configure:20437: test -s conftest
configure:20440: $? = 0
configure:20458: result: yes
configure:20471: checking for Xinerama
configure:20545: result: no
configure:20601: checking for pthread_create in -lpthread
configure:20632: gcc -o conftest -ansi -W -Wall -pedantic -Wshadow -Wpointer-arith -Wmissing-prototypes -Wwrite-strings -D_XOPEN_SOURCE=500 -D_BSD_SOURCE -O2     conftest.c -lpthread   >&5
configure:20635: $? = 0
configure:20638: test -s conftest
configure:20641: $? = 0
configure:20653: result: yes
configure:21073: checking for extra includes
configure:21101: result: no
configure:21105: checking for extra libs
configure:21134: result: no
configure:21140: checking for libz
configure:21175: gcc -o conftest -ansi -W -Wall -pedantic -Wshadow -Wpointer-arith -Wmissing-prototypes -Wwrite-strings -D_XOPEN_SOURCE=500 -D_BSD_SOURCE -O2   -I/usr/X11R6/include   -D_REENTRANT  conftest.c -L/usr/X11R6/lib  -lz  >&5
configure:21178: $? = 0
configure:21181: test -s conftest
configure:21184: $? = 0
configure:21206: result: -lz
configure:21219: checking for libpng
configure:21262: gcc -o conftest -ansi -W -Wall -pedantic -Wshadow -Wpointer-arith -Wmissing-prototypes -Wwrite-strings -D_XOPEN_SOURCE=500 -D_BSD_SOURCE -O2   -I/usr/X11R6/include   -D_REENTRANT  conftest.c  -L/usr/X11R6/lib  -lpng -lz -lm -lX11  >&5
configure:21265: $? = 0
configure:21268: test -s conftest
configure:21271: $? = 0
configure:21294: result: -lpng -lz -lm
configure:21305: checking for libjpeg6b
configure:21352: gcc -o conftest -ansi -W -Wall -pedantic -Wshadow -Wpointer-arith -Wmissing-prototypes -Wwrite-strings -D_XOPEN_SOURCE=500 -D_BSD_SOURCE -O2   -I/usr/X11R6/include   -D_REENTRANT  conftest.c -L/usr/X11R6/lib  -ljpeg6b -lm >&5
/usr/lib/gcc-lib/i686-pc-linux-gnu/3.2.3/../../../../i686-pc-linux-gnu/bin/ld: cannot find -ljpeg6b
collect2: ld returned 1 exit status
configure:21355: $? = 1
configure: failed program was:
| #line 21321 "configure"
| /* confdefs.h.  */
| 
| #define PACKAGE_NAME ""
| #define PACKAGE_TARNAME ""
| #define PACKAGE_VERSION ""
| #define PACKAGE_STRING ""
| #define PACKAGE_BUGREPORT ""
| #define PACKAGE "idial"
| #define VERSION "0.2-rc1"
| #ifdef __cplusplus
| #include <stdlib.h>
| #endif
| #define HAVE_TEMPLATE_REPOSITORY 1
| #define KDELIBSUFF ""
| #define STDC_HEADERS 1
| #define HAVE_SYS_TYPES_H 1
| #define HAVE_SYS_STAT_H 1
| #define HAVE_STDLIB_H 1
| #define HAVE_STRING_H 1
| #define HAVE_MEMORY_H 1
| #define HAVE_STRINGS_H 1
| #define HAVE_INTTYPES_H 1
| #define HAVE_STDINT_H 1
| #define HAVE_UNISTD_H 1
| #define HAVE_DLFCN_H 1
| #define HAVE_CRYPT 1
| #define ksize_t socklen_t
| #define HAVE_SYS_TYPES_H 1
| #define HAVE_STDINT_H 1
| #define HAVE_RES_INIT 1
| #define HAVE_RES_INIT 1
| #define SIZEOF_INT 4
| #define SIZEOF_LONG 4
| #define SIZEOF_CHAR_P 4
| #define SIZEOF_CHAR 1
| #define HAVE_VSNPRINTF 1
| #define HAVE_SNPRINTF 1
| #define HAVE_LIBZ 1
| #define HAVE_LIBPNG 1
| /* end confdefs.h.  */
| /* Override any gcc2 internal prototype to avoid an error.  */
| struct jpeg_decompress_struct;
| typedef struct jpeg_decompress_struct * j_decompress_ptr;
| typedef int size_t;
| #ifdef __cplusplus
| extern "C" {
| #endif
|     void jpeg_CreateDecompress(j_decompress_ptr cinfo,
|                                     int version, size_t structsize);
| #ifdef __cplusplus
| }
| #endif
| /* We use char because int might match the return type of a gcc2
|     builtin and then its argument prototype would still apply.  */
| 
| int
| main ()
| {
| jpeg_CreateDecompress(0L, 0, 0);
|   ;
|   return 0;
| }
configure:21382: result: no
configure:21385: checking for libjpeg
configure:21432: gcc -o conftest -ansi -W -Wall -pedantic -Wshadow -Wpointer-arith -Wmissing-prototypes -Wwrite-strings -D_XOPEN_SOURCE=500 -D_BSD_SOURCE -O2   -I/usr/X11R6/include   -D_REENTRANT  conftest.c -L/usr/X11R6/lib  -ljpeg -lm >&5
configure:21435: $? = 0
configure:21438: test -s conftest
configure:21441: $? = 0
configure:21459: result: -ljpeg
configure: 21486: ${prefix}/include/jpeglib.h
configure: 21486: /usr/include/jpeglib.h
taking that
configure:21656: checking for Qt
configure: 21724: /usr/qt/3/include/qstyle.h
taking that
tried NO
configure:21833: rm -rf SunWS_cache; g++ -o conftest -Wnon-virtual-dtor -Wno-long-long -Wundef -Wall -pedantic -W -Wpointer-arith -Wmissing-prototypes -Wwrite-strings -ansi -D_XOPEN_SOURCE=500 -D_BSD_SOURCE -Wcast-align -Wconversion -O2 -O0 -g3 -Wall -fno-exceptions -fno-check-new -I/usr/qt/3/include -I/usr/X11R6/include  -DQT_THREAD_SUPPORT  -D_REENTRANT  -L/usr/qt/3/lib -L/usr/X11R6/lib   conftest.cc  -lqt-mt -lpng -lz -lm -ljpeg -ldl  -lXext -lX11 -lSM -lICE  -lpthread 1>&5
configure:21836: $? = 0
configure:21895: result: libraries /usr/qt/3/lib, headers /usr/qt/3/include using -mt
configure:21905: checking if Qt compiles without flags
configure:22002: rm -rf SunWS_cache; g++ -o conftest -Wnon-virtual-dtor -Wno-long-long -Wundef -Wall -pedantic -W -Wpointer-arith -Wmissing-prototypes -Wwrite-strings -ansi -D_XOPEN_SOURCE=500 -D_BSD_SOURCE -Wcast-align -Wconversion -O2 -O0 -g3 -Wall -fno-exceptions -fno-check-new -I/usr/qt/3/include  -DQT_THREAD_SUPPORT  -D_REENTRANT  -L/usr/X11R6/lib conftest.cc -lqt-mt -lpng -lz -lm -ljpeg -ldl  -lXext -lX11 -lSM -lICE  -lXext -lX11  1>&5
/usr/lib/gcc-lib/i686-pc-linux-gnu/3.2.3/../../../../i686-pc-linux-gnu/bin/ld: cannot find -lqt-mt
collect2: ld returned 1 exit status
configure:22005: $? = 1
configure: failed program was:
#include "confdefs.h"
#include <qglobal.h>
#include <qapplication.h>
#include <qcursor.h>
#include <qstylefactory.h>
#include <private/qucomextra_p.h>
#if ! (QT_VERSION >= 0x030100)
#error 1
#endif

int main() {
    (void)QStyleFactory::create(QString::null);
    QCursor c(Qt::WhatsThisCursor);
    return 0;
}
configure:22038: result: no
configure:22076: checking for moc
configure:22145: result: /usr/qt/3/bin/moc
configure:22153: checking for uic
configure:22204: result: /usr/qt/3/bin/uic
configure:22232: checking whether uic supports -L 
configure:22243: /usr/qt/3/bin/uic -L /nonexistant conftest.ui >/dev/null
configure:22246: $? = 0
configure:22258: result: yes
configure:22270: checking whether uic supports -nounload 
configure:22281: /usr/qt/3/bin/uic -nounload  conftest.ui >/dev/null
configure:22284: $? = 0
configure:22296: result: yes
configure:22332: checking if Qt needs -ljpeg
configure:22374: rm -rf SunWS_cache; g++ -o conftest -Wnon-virtual-dtor -Wno-long-long -Wundef -Wall -pedantic -W -Wpointer-arith -Wmissing-prototypes -Wwrite-strings -ansi -D_XOPEN_SOURCE=500 -D_BSD_SOURCE -Wcast-align -Wconversion -O2 -O0 -g3 -Wall -fno-exceptions -fno-check-new -I/usr/qt/3/include -I/usr/X11R6/include   -DQT_THREAD_SUPPORT  -D_REENTRANT  conftest.cc -L/usr/X11R6/lib -L/usr/qt/3/lib -lqt-mt -lpng -lz -lm  -ldl -lXext -lX11 -lSM -lICE 1>&5
configure:22377: $? = 0
configure:22380: test -s conftest
configure:22383: $? = 0
configure:22410: result: no
configure:22436: checking for rpath
configure:22462: result: yes
configure:22465: checking for KDE
configure: 22516: /usr/kde/3.1/include/ksharedptr.h
taking that
configure: 22546: /usr/kde/3.1/lib/libkio.la
taking that
configure: 22564: /usr/kde/3.1/lib/kde3/plugins/designer/kdewidgets.la
taking that
configure:22634: result: libraries /usr/kde/3.1/lib, headers /usr/kde/3.1/include
configure:22671: checking if UIC has KDE plugins available
configure:22698: /usr/qt/3/bin/uic -L /usr/kde/3.1/lib/kde3/plugins/designer -nounload -impl actest.h actest.ui > actest.cpp
configure:22701: $? = 0
configure:22713: result: yes
configure:22752: checking for KDE paths
configure:23312: result: defaults
configure:23332: checking for dcopidl
configure:23391: result: /usr/kde/3.1/bin/dcopidl
configure:23398: checking for dcopidl2cpp
configure:23457: result: /usr/kde/3.1/bin/dcopidl2cpp
configure:23464: checking for mcopidl
configure:23523: result: /usr/kde/3.1/bin/mcopidl
configure:23530: checking for artsc-config
configure:23589: result: /usr/kde/3.1/bin/artsc-config
configure:23596: checking for kde-config
configure:23647: result: /usr/kde/3.1/bin/kde-config
configure:23654: checking for meinproc
configure:23705: result: /usr/kde/3.1/bin/meinproc
configure: 23724: /usr/kde/3.1/share/apps/ksgmltools2/customization/kde-chunk.xsl
taking that
configure:23889: checking if doc should be compiled
configure:23901: result: yes
configure:23889: checking if idial should be compiled
configure:23901: result: yes
configure:23889: checking if po should be compiled
configure:23901: result: yes
configure:24019: creating ./config.status

## ---------------- ##
## Cache variables. ##
## ---------------- ##

ac_cv_build=i386-pc-linux-gnu
ac_cv_build_alias=i386-linux
ac_cv_c_compiler_gnu=yes
ac_cv_cxx_compiler_gnu=yes
ac_cv_env_CC_set=set
ac_cv_env_CC_value=gcc
ac_cv_env_CFLAGS_set=set
ac_cv_env_CFLAGS_value=
ac_cv_env_CPPFLAGS_set=set
ac_cv_env_CPPFLAGS_value=
ac_cv_env_CPP_set=set
ac_cv_env_CPP_value=cpp
ac_cv_env_CXXCPP_set=
ac_cv_env_CXXCPP_value=
ac_cv_env_CXXFLAGS_set=set
ac_cv_env_CXXFLAGS_value='-O0 -g3 -Wall '
ac_cv_env_CXX_set=set
ac_cv_env_CXX_value=g++
ac_cv_env_LDFLAGS_set=set
ac_cv_env_LDFLAGS_value=
ac_cv_env_build_alias_set=set
ac_cv_env_build_alias_value=i386-linux
ac_cv_env_host_alias_set=set
ac_cv_env_host_alias_value=i386-linux
ac_cv_env_target_alias_set=set
ac_cv_env_target_alias_value=i386-linux
ac_cv_exeext=
ac_cv_func__NSGetEnviron=no
ac_cv_func_connect=yes
ac_cv_func_inet_ntoa=yes
ac_cv_func_remove=yes
ac_cv_func_shmat=yes
ac_cv_func_snprintf=yes
ac_cv_func_vsnprintf=yes
ac_cv_have_dlfcn=yes
ac_cv_have_kde='have_kde=yes     ac_kde_includes=/usr/kde/3.1/include ac_kde_libraries=/usr/kde/3.1/lib'
ac_cv_have_qt='have_qt=yes     ac_qt_includes=/usr/qt/3/include ac_qt_libraries=/usr/qt/3/lib'
ac_cv_have_xinerama=no
ac_cv_header_CoreAudio_CoreAudio_h=no
ac_cv_header_crt_externs_h=no
ac_cv_header_dlfcn_h=yes
ac_cv_header_inttypes_h=yes
ac_cv_header_memory_h=yes
ac_cv_header_stdc=yes
ac_cv_header_stdint_h=yes
ac_cv_header_stdlib_h=yes
ac_cv_header_string_h=yes
ac_cv_header_strings_h=yes
ac_cv_header_sys_stat_h=yes
ac_cv_header_sys_types_h=yes
ac_cv_header_unistd_h=yes
ac_cv_host=i386-pc-linux-gnu
ac_cv_host_alias=i386-linux
ac_cv_lib_ICE_IceConnectionNumber=yes
ac_cv_lib_compat_main=no
ac_cv_lib_crypt_crypt=yes
ac_cv_lib_dl_dlopen=yes
ac_cv_lib_dld_shl_unload=no
ac_cv_lib_dnet_dnet_ntoa=no
ac_cv_lib_dnet_stub_dnet_ntoa=no
ac_cv_lib_jpeg_6b=no
ac_cv_lib_jpeg_normal=-ljpeg
ac_cv_lib_png='-lpng -lz -lm'
ac_cv_lib_poll_poll=no
ac_cv_lib_pthread_pthread_create=yes
ac_cv_lib_ucb_killpg=no
ac_cv_lib_util_main=yes
ac_cv_lib_z=-lz
ac_cv_objext=o
ac_cv_path_GMSGFMT=/usr/bin/msgfmt
ac_cv_path_MSGFMT=/usr/bin/msgfmt
ac_cv_path_XGETTEXT=/usr/bin/xgettext
ac_cv_path_install='/bin/install -c'
ac_cv_prog_CC=gcc
ac_cv_prog_CPP=cpp
ac_cv_prog_CXX=g++
ac_cv_prog_CXXCPP='g++ -E'
ac_cv_prog_ac_ct_RANLIB=ranlib
ac_cv_prog_ac_ct_STRIP=strip
ac_cv_prog_cc_g=yes
ac_cv_prog_cc_stdc=
ac_cv_prog_cxx_g=yes
ac_cv_prog_egrep='grep -E'
ac_cv_prog_make_make_set=yes
ac_cv_sizeof_char=1
ac_cv_sizeof_char_p=4
ac_cv_sizeof_int=4
ac_cv_sizeof_long=4
ac_cv_socklen_t=socklen_t
ac_cv_target=i386-pc-linux-gnu
ac_cv_target_alias=i386-linux
ac_cv_type_char=yes
ac_cv_type_char_p=yes
ac_cv_type_int=yes
ac_cv_type_long=yes
kde_cv_all_paths='kde_have_all_paths="yes" 	kde_htmldir="\${prefix}/share/doc/HTML" 	kde_appsdir="\${prefix}/share/applnk" 	kde_icondir="\${prefix}/share/icons" 	kde_sounddir="\${prefix}/share/sounds" 	kde_datadir="\${prefix}/share/apps" 	kde_locale="\${prefix}/share/locale" 	kde_cgidir="\${exec_prefix}/cgi-bin" 	kde_confdir="\${prefix}/share/config" 	kde_mimedir="\${prefix}/share/mimelnk" 	kde_toolbardir="\${prefix}/share/toolbar" 	kde_wallpaperdir="\${prefix}/share/wallpapers" 	kde_templatesdir="\${prefix}/share/templates" 	kde_bindir="\${exec_prefix}/bin" 	kde_servicesdir="\${prefix}/share/services" 	kde_servicetypesdir="\${prefix}/share/servicetypes" 	kde_moduledir="\${libdir}/kde3"    kde_styledir="\${libdir}/kde3/plugins/styles" 	kde_widgetdir="/usr/kde/3.1/lib/kde3/plugins/designer" 	kde_result=defaults'
kde_cv_have_libXext=yes
kde_cv_have_x='have_x=yes          kde_x_includes=/usr/X11R6/include kde_x_libraries=/usr/X11R6/lib'
kde_cv_path=/usr/kde/3.1/bin/meinproc
kde_cv_path_artsc_config=/usr/kde/3.1/bin/artsc-config
kde_cv_path_dcopidl=/usr/kde/3.1/bin/dcopidl
kde_cv_path_dcopidl2cpp=/usr/kde/3.1/bin/dcopidl2cpp
kde_cv_path_kde_config=/usr/kde/3.1/bin/kde-config
kde_cv_path_mcopidl=/usr/kde/3.1/bin/mcopidl
kde_cv_path_meinproc=/usr/kde/3.1/bin/meinproc
kde_cv_path_moc=/usr/qt/3/bin/moc
kde_cv_path_uic=/usr/qt/3/bin/uic
kde_cv_prog_cxx_Wno_long_long=yes
kde_cv_prog_cxx_Wnon_virtual_dtor=yes
kde_cv_prog_cxx_Wundef=yes
kde_cv_prog_cxx_fexceptions=yes
kde_cv_prog_cxx_fno_check_new=yes
kde_cv_prog_cxx_fno_exceptions=yes
kde_cv_prog_cxx_frepo=yes
kde_cv_prog_uic_L=yes
kde_cv_prog_uic_nounload=yes
kde_cv_qt_direct=no
kde_cv_qt_jpeg=no
kde_cv_uic_plugins=yes
lt_cv_deplibs_check_method=pass_all
lt_cv_file_magic_cmd='$MAGIC_CMD'
lt_cv_file_magic_test_file='/lib/libc.so.6 /lib/libc-2.3.2.so'
lt_cv_ld_reload_flag=-r
lt_cv_objdir=.libs
lt_cv_path_LD=/usr/i686-pc-linux-gnu/bin/ld
lt_cv_path_NM=nm
lt_cv_path_SED=/bin/sed
lt_cv_prog_compiler_c_o=yes
lt_cv_prog_compiler_c_o_CXX=yes
lt_cv_prog_compiler_c_o_GCJ=no
lt_cv_prog_compiler_rtti_exceptions=no
lt_cv_prog_gnu_ld=yes
lt_cv_sys_global_symbol_pipe='sed -n -e '\''s/^.*[ 	]\([ABCDGISTW][ABCDGISTW]*\)[ 	][ 	]*\(\)\([_A-Za-z][_A-Za-z0-9]*\)$/\1 \2\3 \3/p'\'''
lt_cv_sys_global_symbol_to_c_name_address='sed -n -e '\''s/^: \([^ ]*\) $/  {\"\1\", (lt_ptr) 0},/p'\'' -e '\''s/^[BCDEGRST] \([^ ]*\) \([^ ]*\)$/  {"\2", (lt_ptr) \&\2},/p'\'''
lt_cv_sys_global_symbol_to_cdecl='sed -n -e '\''s/^. .* \(.*\)$/extern int \1;/p'\'''
lt_cv_sys_max_cmd_len=32768
lt_lt_cv_prog_compiler_c_o='"yes"'
lt_lt_cv_prog_compiler_c_o_CXX='"yes"'
lt_lt_cv_prog_compiler_c_o_GCJ='"no"'
lt_lt_cv_sys_global_symbol_pipe='"sed -n -e '\''s/^.*[ 	]\\([ABCDGISTW][ABCDGISTW]*\\)[ 	][ 	]*\\(\\)\\([_A-Za-z][_A-Za-z0-9]*\\)\$/\\1 \\2\\3 \\3/p'\''"'
lt_lt_cv_sys_global_symbol_to_c_name_address='"sed -n -e '\''s/^: \\([^ ]*\\) \$/  {\\\"\\1\\\", (lt_ptr) 0},/p'\'' -e '\''s/^[BCDEGRST] \\([^ ]*\\) \\([^ ]*\\)\$/  {\"\\2\", (lt_ptr) \\&\\2},/p'\''"'
lt_lt_cv_sys_global_symbol_to_cdecl='"sed -n -e '\''s/^. .* \\(.*\\)\$/extern int \\1;/p'\''"'

## ----------------- ##
## Output variables. ##
## ----------------- ##

ACLOCAL='aclocal-1.4'
ARTSCCONFIG='/usr/kde/3.1/bin/artsc-config'
AUTOCONF='autoconf'
AUTODIRS=''
AUTOHEADER='autoheader'
AUTOMAKE='automake-1.4'
CC='gcc'
CFLAGS='-ansi -W -Wall -pedantic -Wshadow -Wpointer-arith -Wmissing-prototypes -Wwrite-strings -D_XOPEN_SOURCE=500 -D_BSD_SOURCE -O2  '
CONF_FILES=' $(top_srcdir)/./admin/configure.in.min $(top_srcdir)/configure.in.in'
CPP='cpp'
CPPFLAGS=' -DQT_THREAD_SUPPORT  -D_REENTRANT'
CXX='g++'
CXXCPP='g++ -E'
CXXFLAGS='-Wnon-virtual-dtor -Wno-long-long -Wundef -Wall -pedantic -W -Wpointer-arith -Wmissing-prototypes -Wwrite-strings -ansi -D_XOPEN_SOURCE=500 -D_BSD_SOURCE -Wcast-align -Wconversion -O2 -O0 -g3 -Wall -fno-exceptions -fno-check-new'
DCOPIDL2CPP='/usr/kde/3.1/bin/dcopidl2cpp'
DCOPIDL='/usr/kde/3.1/bin/dcopidl'
DCOP_DEPENDENCIES='$(DCOPIDL)'
DEFS='-DHAVE_CONFIG_H'
ECHO='echo'
ECHO_C=''
ECHO_N='-n'
ECHO_T=''
EGREP='grep -E'
EXEEXT=''
FRAMEWORK_COREAUDIO=''
GMSGFMT='/usr/bin/msgfmt'
INSTALL_DATA='${INSTALL} -m 644'
INSTALL_PROGRAM='${INSTALL} $(INSTALL_STRIP_FLAG)'
INSTALL_SCRIPT='${INSTALL}'
KDECONFIG='/usr/kde/3.1/bin/kde-config'
KDE_EXTRA_RPATH=''
KDE_INCLUDES='-I/usr/kde/3.1/include'
KDE_LDFLAGS='-L/usr/kde/3.1/lib'
KDE_MT_LDFLAGS=''
KDE_MT_LIBS='-lpthread'
KDE_PLUGIN='-avoid-version -module -no-undefined $(KDE_RPATH) $(KDE_MT_LDFLAGS)'
KDE_RPATH='-R $(kde_libraries) -R $(qt_libraries) -R $(x_libraries)'
KDE_USE_CLOSURE_FALSE='#'
KDE_USE_CLOSURE_TRUE=''
KDE_USE_FINAL_FALSE=''
KDE_USE_FINAL_TRUE='#'
KDE_XSL_STYLESHEET='/usr/kde/3.1/share/apps/ksgmltools2/customization/kde-chunk.xsl'
LDFLAGS=''
LIBCOMPAT=''
LIBCRYPT='-lcrypt'
LIBDL='-ldl'
LIBJPEG='-ljpeg'
LIBOBJS=''
LIBPNG='-lpng -lz -lm'
LIBPTHREAD='-lpthread'
LIBRESOLV='-lresolv'
LIBS=''
LIBSM='-lSM -lICE'
LIBSOCKET=''
LIBTOOL='$(SHELL) $(top_builddir)/libtool --silent'
LIBUCB=''
LIBUTIL='-lutil'
LIBXINERAMA=''
LIBZ='-lz'
LIB_KAB='-lkab'
LIB_KABC='-lkabc'
LIB_KDECORE='-lkdecore'
LIB_KDEPRINT='-lkdeprint'
LIB_KDEUI='-lkdeui'
LIB_KFILE='-lkio'
LIB_KFM=''
LIB_KHTML='-lkhtml'
LIB_KIO='-lkio'
LIB_KPARTS='-lkparts'
LIB_KSPELL='-lkspell'
LIB_KSYCOCA='-lkio'
LIB_POLL=''
LIB_QPE=''
LIB_QT='-lqt-mt  $(LIBPNG) -lXext $(LIB_X11) $(LIBSM) -lpthread'
LIB_SMB='-lsmb'
LIB_X11='-lX11 $(LIBSOCKET)'
LIB_XEXT='-lXext'
LN_S='ln -s'
LTLIBOBJS=''
MAKEINFO='makeinfo'
MCOPIDL='/usr/kde/3.1/bin/mcopidl'
MEINPROC='/usr/kde/3.1/bin/meinproc'
MOC='/usr/qt/3/bin/moc'
MSGFMT='/usr/bin/msgfmt'
NOOPT_CFLAGS='-O0'
NOOPT_CXXFLAGS='-O0'
NOREPO='-fno-repo'
OBJEXT='o'
PACKAGE='idial'
PACKAGE_BUGREPORT=''
PACKAGE_NAME=''
PACKAGE_STRING=''
PACKAGE_TARNAME=''
PACKAGE_VERSION=''
PATH_SEPARATOR=':'
QTE_NORTTI=''
QT_INCLUDES='-I/usr/qt/3/include'
QT_LDFLAGS='-L/usr/qt/3/lib'
RANLIB='ranlib'
REPO='-frepo'
SET_MAKE=''
SHELL='/bin/sh'
STRIP='strip'
TOPSUBDIRS=' doc idial po'
UIC='/usr/qt/3/bin/uic -L $(kde_widgetdir) -nounload'
UIC_TR='tr2i18n'
USER_INCLUDES=''
USER_LDFLAGS=''
USE_EXCEPTIONS='-fexceptions'
USE_RTTI=''
USE_THREADS=''
VERSION='0.2-rc1'
WOVERLOADED_VIRTUAL=''
XGETTEXT='/usr/bin/xgettext'
X_EXTRA_LIBS=''
X_INCLUDES='-I/usr/X11R6/include'
X_LDFLAGS='-L/usr/X11R6/lib'
X_PRE_LIBS=''
ac_ct_CC=''
ac_ct_CXX=''
ac_ct_RANLIB='ranlib'
ac_ct_STRIP='strip'
all_includes='-I/usr/kde/3.1/include -I/usr/qt/3/include -I/usr/X11R6/include '
all_libraries='-L/usr/X11R6/lib -L/usr/qt/3/lib -L/usr/kde/3.1/lib '
bindir='${exec_prefix}/bin'
build='i386-pc-linux-gnu'
build_alias='i386-linux'
build_cpu='i386'
build_os='linux-gnu'
build_vendor='pc'
datadir='${prefix}/share'
exec_prefix='${prefix}'
host='i386-pc-linux-gnu'
host_alias='i386-linux'
host_cpu='i386'
host_os='linux-gnu'
host_vendor='pc'
includedir='${prefix}/include'
infodir='${prefix}/info'
kde_appsdir='${prefix}/share/applnk'
kde_bindir='${exec_prefix}/bin'
kde_confdir='${prefix}/share/config'
kde_datadir='${prefix}/share/apps'
kde_htmldir='${prefix}/share/doc/HTML'
kde_icondir='${prefix}/share/icons'
kde_includes='/usr/kde/3.1/include'
kde_libraries='/usr/kde/3.1/lib'
kde_libs_htmldir='/usr/kde/3.1/share/doc/HTML'
kde_libs_prefix='/usr/kde/3.1'
kde_locale='${prefix}/share/locale'
kde_mimedir='${prefix}/share/mimelnk'
kde_moduledir='${libdir}/kde3'
kde_qtver='3'
kde_servicesdir='${prefix}/share/services'
kde_servicetypesdir='${prefix}/share/servicetypes'
kde_sounddir='${prefix}/share/sounds'
kde_styledir='${libdir}/kde3/plugins/styles'
kde_templatesdir='${prefix}/share/templates'
kde_wallpaperdir='${prefix}/share/wallpapers'
kde_widgetdir='/usr/kde/3.1/lib/kde3/plugins/designer'
libdir='${exec_prefix}/lib'
libexecdir='${exec_prefix}/libexec'
localstatedir='${prefix}/var'
mandir='${prefix}/man'
oldincludedir='/usr/include'
prefix='/usr/kde/3.1'
program_transform_name='s,^,i386-linux-,'
qt_includes='/usr/qt/3/include'
qt_libraries='/usr/qt/3/lib'
sbindir='${exec_prefix}/sbin'
sharedstatedir='${prefix}/com'
sysconfdir='${prefix}/etc'
target='i386-pc-linux-gnu'
target_alias='i386-linux'
target_cpu='i386'
target_os='linux-gnu'
target_vendor='pc'
x_includes='/usr/X11R6/include'
x_libraries='/usr/X11R6/lib'

## ----------- ##
## confdefs.h. ##
## ----------- ##

#define HAVE_CRYPT 1
#define HAVE_DLFCN_H 1
#define HAVE_INTTYPES_H 1
#define HAVE_LIBJPEG 1
#define HAVE_LIBPNG 1
#define HAVE_LIBPTHREAD 1
#define HAVE_LIBZ 1
#define HAVE_MEMORY_H 1
#define HAVE_RES_INIT 1
#define HAVE_RES_INIT 1
#define HAVE_SNPRINTF 1
#define HAVE_STDINT_H 1
#define HAVE_STDINT_H 1
#define HAVE_STDLIB_H 1
#define HAVE_STRINGS_H 1
#define HAVE_STRING_H 1
#define HAVE_SYS_STAT_H 1
#define HAVE_SYS_TYPES_H 1
#define HAVE_SYS_TYPES_H 1
#define HAVE_TEMPLATE_REPOSITORY 1
#define HAVE_UNISTD_H 1
#define HAVE_VSNPRINTF 1
#define KDELIBSUFF ""
#define PACKAGE "idial"
#define PACKAGE_BUGREPORT ""
#define PACKAGE_NAME ""
#define PACKAGE_STRING ""
#define PACKAGE_TARNAME ""
#define PACKAGE_VERSION ""
#define SIZEOF_CHAR 1
#define SIZEOF_CHAR_P 4
#define SIZEOF_INT 4
#define SIZEOF_LONG 4
#define STDC_HEADERS 1
#define VERSION "0.2-rc1"
#define ksize_t socklen_t
#endif
#ifdef __cplusplus
#include <stdlib.h>

configure: exit 0

## ---------------------- ##
## Running config.status. ##
## ---------------------- ##

This file was extended by config.status, which was
generated by GNU Autoconf 2.57.  Invocation command line was

  CONFIG_FILES    = Makefile
  CONFIG_HEADERS  = 
  CONFIG_LINKS    = 
  CONFIG_COMMANDS = 
  $ ./config.status 

on mainbrain

config.status:766: creating Makefile
config.status:1111: executing default-1 commands

## ---------------------- ##
## Running config.status. ##
## ---------------------- ##

This file was extended by config.status, which was
generated by GNU Autoconf 2.57.  Invocation command line was

  CONFIG_FILES    = po/Makefile
  CONFIG_HEADERS  = 
  CONFIG_LINKS    = 
  CONFIG_COMMANDS = 
  $ ./config.status 

on mainbrain

config.status:766: creating po/Makefile
config.status:1111: executing default-1 commands
