This file contains any messages produced by compilers while
running configure, to aid debugging if configure makes a mistake.

It was created by configure, which was
generated by GNU Autoconf 2.57.  Invocation command line was

  $ ./configure --build=i386-linux --host=i386-linux --target=i386-linux --enable-debug

## --------- ##
## Platform. ##
## --------- ##

hostname = mainbrain
uname -m = i686
uname -r = 2.4.21
uname -s = Linux
uname -v = #2 Sat Jun 14 00:16:22 IDT 2003

/usr/bin/uname -p = unknown
/bin/uname -X     = unknown

/bin/arch              = i686
/usr/bin/arch -k       = unknown
/usr/convex/getsysinfo = unknown
hostinfo               = unknown
/bin/machine           = unknown
/usr/bin/oslevel       = unknown
/bin/universe          = unknown

PATH: /usr/kde/3.1/bin
PATH: /bin
PATH: /usr/bin
PATH: /usr/local/bin
PATH: /opt/bin
PATH: /usr/i686-pc-linux-gnu/gcc-bin/3.2
PATH: /usr/X11R6/bin
PATH: /opt/blackdown-jre-1.4.1/bin
PATH: /usr/qt/3/bin
PATH: /usr/kde/3.1/bin
PATH: /usr/qt/2/bin
PATH: /usr/games/bin


## ----------- ##
## Core tests. ##
## ----------- ##

configure:1498: checking build system type
configure:1516: result: i386-pc-linux-gnu
configure:1524: checking host system type
configure:1538: result: i386-pc-linux-gnu
configure:1546: checking target system type
configure:1560: result: i386-pc-linux-gnu
configure:1605: checking for a BSD-compatible install
configure:1659: result: /bin/install -c
configure:1674: checking for -p flag to install
configure:1687: result: yes
configure:1698: checking whether build environment is sane
configure:1741: result: yes
configure:1762: checking for gawk
configure:1778: found /bin/gawk
configure:1788: result: gawk
configure:1798: checking whether make sets $(MAKE)
configure:1818: result: yes
configure:1966: checking for style of include used by make
configure:1994: result: GNU
configure:2082: checking for i386-linux-gcc
configure:2108: result: gcc
configure:2390: checking for C compiler version
configure:2393: gcc --version </dev/null >&5
gcc (GCC) 3.2.3 20030422 (Gentoo Linux 1.4 3.2.3-r1, propolice)
Copyright (C) 2002 Free Software Foundation, Inc.
This is free software; see the source for copying conditions.  There is NO
warranty; not even for MERCHANTABILITY or FITNESS FOR A PARTICULAR PURPOSE.

configure:2396: $? = 0
configure:2398: gcc -v </dev/null >&5
Reading specs from /usr/lib/gcc-lib/i686-pc-linux-gnu/3.2.3/specs
Configured with: /var/tmp/portage/gcc-3.2.3-r1/work/gcc-3.2.3/configure --prefix=/usr --bindir=/usr/i686-pc-linux-gnu/gcc-bin/3.2 --includedir=/usr/lib/gcc-lib/i686-pc-linux-gnu/3.2.3/include --datadir=/usr/share/gcc-data/i686-pc-linux-gnu/3.2 --mandir=/usr/share/gcc-data/i686-pc-linux-gnu/3.2/man --infodir=/usr/share/gcc-data/i686-pc-linux-gnu/3.2/info --enable-shared --host=i686-pc-linux-gnu --target=i686-pc-linux-gnu --with-system-zlib --enable-languages=c,c++,ada,f77,objc,java --enable-threads=posix --enable-long-long --disable-checking --enable-cstdio=stdio --enable-clocale=generic --enable-__cxa_atexit --enable-version-specific-runtime-libs --with-gxx-include-dir=/usr/lib/gcc-lib/i686-pc-linux-gnu/3.2.3/include/g++-v3 --with-local-prefix=/usr/local --enable-shared --enable-nls --without-included-gettext
Thread model: posix
gcc version 3.2.3 20030422 (Gentoo Linux 1.4 3.2.3-r1, propolice)
configure:2401: $? = 0
configure:2403: gcc -V </dev/null >&5
gcc: argument to `-V' is missing
configure:2406: $? = 1
configure:2430: checking for C compiler default output
configure:2433: gcc  -I/usr/include/libxml2/   conftest.c  >&5
configure:2436: $? = 0
configure:2482: result: a.out
configure:2487: checking whether the C compiler works
configure:2493: ./a.out
configure:2496: $? = 0
configure:2513: result: yes
configure:2520: checking whether we are cross compiling
configure:2522: result: no
configure:2525: checking for suffix of executables
configure:2527: gcc -o conftest  -I/usr/include/libxml2/   conftest.c  >&5
configure:2530: $? = 0
configure:2555: result: 
configure:2561: checking for suffix of object files
configure:2583: gcc -c  -I/usr/include/libxml2/  conftest.c >&5
configure:2586: $? = 0
configure:2608: result: o
configure:2612: checking whether we are using the GNU C compiler
configure:2637: gcc -c  -I/usr/include/libxml2/  conftest.c >&5
configure:2640: $? = 0
configure:2643: test -s conftest.o
configure:2646: $? = 0
configure:2659: result: yes
configure:2665: checking whether gcc accepts -g
configure:2687: gcc -c -g  conftest.c >&5
configure:2690: $? = 0
configure:2693: test -s conftest.o
configure:2696: $? = 0
configure:2707: result: yes
configure:2724: checking for gcc option to accept ANSI C
configure:2785: gcc  -c  -I/usr/include/libxml2/  conftest.c >&5
configure:2788: $? = 0
configure:2791: test -s conftest.o
configure:2794: $? = 0
configure:2812: result: none needed
configure:2830: gcc -c  -I/usr/include/libxml2/  conftest.c >&5
conftest.c:2: parse error before "me"
configure:2833: $? = 1
configure: failed program was:
| #ifndef __cplusplus
|   choke me
| #endif
configure:2944: checking dependency style of gcc
configure:3006: result: gcc3
configure:3017: checking how to run the C preprocessor
configure:3135: result: cpp
configure:3160: cpp  conftest.c
configure:3166: $? = 0
configure:3198: cpp  conftest.c
configure:3199:28: ac_nonexistent.h: No such file or directory
configure:3204: $? = 1
configure: failed program was:
| #line 3189 "configure"
| /* confdefs.h.  */
| 
| #define PACKAGE_NAME ""
| #define PACKAGE_TARNAME ""
| #define PACKAGE_VERSION ""
| #define PACKAGE_STRING ""
| #define PACKAGE_BUGREPORT ""
| #define PACKAGE "internet"
| #define VERSION "0.1.1"
| /* end confdefs.h.  */
| #include <ac_nonexistent.h>
configure:3285: checking for i386-linux-g++
configure:3311: result: g++
configure:3369: checking for C++ compiler version
configure:3372: g++ --version </dev/null >&5
g++ (GCC) 3.2.3 20030422 (Gentoo Linux 1.4 3.2.3-r1, propolice)
Copyright (C) 2002 Free Software Foundation, Inc.
This is free software; see the source for copying conditions.  There is NO
warranty; not even for MERCHANTABILITY or FITNESS FOR A PARTICULAR PURPOSE.

configure:3375: $? = 0
configure:3377: g++ -v </dev/null >&5
Reading specs from /usr/lib/gcc-lib/i686-pc-linux-gnu/3.2.3/specs
Configured with: /var/tmp/portage/gcc-3.2.3-r1/work/gcc-3.2.3/configure --prefix=/usr --bindir=/usr/i686-pc-linux-gnu/gcc-bin/3.2 --includedir=/usr/lib/gcc-lib/i686-pc-linux-gnu/3.2.3/include --datadir=/usr/share/gcc-data/i686-pc-linux-gnu/3.2 --mandir=/usr/share/gcc-data/i686-pc-linux-gnu/3.2/man --infodir=/usr/share/gcc-data/i686-pc-linux-gnu/3.2/info --enable-shared --host=i686-pc-linux-gnu --target=i686-pc-linux-gnu --with-system-zlib --enable-languages=c,c++,ada,f77,objc,java --enable-threads=posix --enable-long-long --disable-checking --enable-cstdio=stdio --enable-clocale=generic --enable-__cxa_atexit --enable-version-specific-runtime-libs --with-gxx-include-dir=/usr/lib/gcc-lib/i686-pc-linux-gnu/3.2.3/include/g++-v3 --with-local-prefix=/usr/local --enable-shared --enable-nls --without-included-gettext
Thread model: posix
gcc version 3.2.3 20030422 (Gentoo Linux 1.4 3.2.3-r1, propolice)
configure:3380: $? = 0
configure:3382: g++ -V </dev/null >&5
g++: argument to `-V' missing

configure:3385: $? = 1
configure:3388: checking whether we are using the GNU C++ compiler
configure:3413: g++ -c  -O0 -g3 -Wall -I/usr/include/libxml2/  conftest.cc >&5
configure:3416: $? = 0
configure:3419: test -s conftest.o
configure:3422: $? = 0
configure:3435: result: yes
configure:3441: checking whether g++ accepts -g
configure:3463: g++ -c -g  conftest.cc >&5
configure:3466: $? = 0
configure:3469: test -s conftest.o
configure:3472: $? = 0
configure:3483: result: yes
configure:3527: g++ -c  -O0 -g3 -Wall -I/usr/include/libxml2/  conftest.cc >&5
configure:3530: $? = 0
configure:3533: test -s conftest.o
configure:3536: $? = 0
configure:3563: g++ -c  -O0 -g3 -Wall -I/usr/include/libxml2/  conftest.cc >&5
configure: In function `int main()':
configure:3560: `exit' undeclared (first use this function)
configure:3560: (Each undeclared identifier is reported only once for each 
   function it appears in.)
configure:3566: $? = 1
configure: failed program was:
| #line 3546 "configure"
| /* confdefs.h.  */
| 
| #define PACKAGE_NAME ""
| #define PACKAGE_TARNAME ""
| #define PACKAGE_VERSION ""
| #define PACKAGE_STRING ""
| #define PACKAGE_BUGREPORT ""
| #define PACKAGE "internet"
| #define VERSION "0.1.1"
| /* end confdefs.h.  */
| 
| int
| main ()
| {
| exit (42);
|   ;
|   return 0;
| }
configure:3527: g++ -c  -O0 -g3 -Wall -I/usr/include/libxml2/  conftest.cc >&5
configure:3530: $? = 0
configure:3533: test -s conftest.o
configure:3536: $? = 0
configure:3563: g++ -c  -O0 -g3 -Wall -I/usr/include/libxml2/  conftest.cc >&5
configure:3566: $? = 0
configure:3569: test -s conftest.o
configure:3572: $? = 0
configure:3597: checking dependency style of g++
configure:3659: result: gcc3
configure:3677: checking whether g++ supports -fno-builtin
configure:3716: rm -rf SunWS_cache; g++ -o conftest -g -O2  -O0 -g3 -Wall -I/usr/include/libxml2/ -fno-builtin   conftest.cc  1>&5
configure:3719: $? = 0
configure:3722: test -s conftest
configure:3725: $? = 0
configure:3745: result: yes
configure:3758: checking whether g++ supports -Woverloaded-virtual
configure:3795: rm -rf SunWS_cache; g++ -o conftest -fno-builtin -g -O2  -O0 -g3 -Wall -I/usr/include/libxml2/ -Woverloaded-virtual   conftest.cc  1>&5
configure:3798: $? = 0
configure:3801: test -s conftest
configure:3804: $? = 0
configure:3824: result: yes
configure:3943: checking whether g++ supports -Wundef
configure:3980: rm -rf SunWS_cache; g++ -o conftest -Wall -pedantic -W -Wpointer-arith -Wmissing-prototypes -Wwrite-strings -ansi -D_XOPEN_SOURCE=500 -D_BSD_SOURCE -Wcast-align -Wconversion -fno-builtin -g -O2  -O0 -g3 -Wall -I/usr/include/libxml2/ -Wundef   conftest.cc  1>&5
configure:3983: $? = 0
configure:3986: test -s conftest
configure:3989: $? = 0
configure:4009: result: yes
configure:4021: checking whether g++ supports -Wno-long-long
configure:4058: rm -rf SunWS_cache; g++ -o conftest -Wundef -Wall -pedantic -W -Wpointer-arith -Wmissing-prototypes -Wwrite-strings -ansi -D_XOPEN_SOURCE=500 -D_BSD_SOURCE -Wcast-align -Wconversion -fno-builtin -g -O2  -O0 -g3 -Wall -I/usr/include/libxml2/ -Wno-long-long   conftest.cc  1>&5
configure:4061: $? = 0
configure:4064: test -s conftest
configure:4067: $? = 0
configure:4087: result: yes
configure:4099: checking whether g++ supports -Wnon-virtual-dtor
configure:4136: rm -rf SunWS_cache; g++ -o conftest -Wno-long-long -Wundef -Wall -pedantic -W -Wpointer-arith -Wmissing-prototypes -Wwrite-strings -ansi -D_XOPEN_SOURCE=500 -D_BSD_SOURCE -Wcast-align -Wconversion -fno-builtin -g -O2  -O0 -g3 -Wall -I/usr/include/libxml2/ -Wnon-virtual-dtor   conftest.cc  1>&5
configure:4139: $? = 0
configure:4142: test -s conftest
configure:4145: $? = 0
configure:4165: result: yes
configure:4185: checking whether g++ supports -fno-exceptions
configure:4222: rm -rf SunWS_cache; g++ -o conftest -Wnon-virtual-dtor -Wno-long-long -Wundef -Wall -pedantic -W -Wpointer-arith -Wmissing-prototypes -Wwrite-strings -ansi -D_XOPEN_SOURCE=500 -D_BSD_SOURCE -Wcast-align -Wconversion -fno-builtin -g -O2  -O0 -g3 -Wall -I/usr/include/libxml2/ -fno-exceptions   conftest.cc  1>&5
configure:4225: $? = 0
configure:4228: test -s conftest
configure:4231: $? = 0
configure:4251: result: yes
configure:4263: checking whether g++ supports -fno-check-new
configure:4300: rm -rf SunWS_cache; g++ -o conftest -Wnon-virtual-dtor -Wno-long-long -Wundef -Wall -pedantic -W -Wpointer-arith -Wmissing-prototypes -Wwrite-strings -ansi -D_XOPEN_SOURCE=500 -D_BSD_SOURCE -Wcast-align -Wconversion -fno-builtin -g -O2  -O0 -g3 -Wall -I/usr/include/libxml2/ -fno-exceptions -fno-check-new   conftest.cc  1>&5
configure:4303: $? = 0
configure:4306: test -s conftest
configure:4309: $? = 0
configure:4329: result: yes
configure:4341: checking whether g++ supports -fexceptions
configure:4378: rm -rf SunWS_cache; g++ -o conftest -Wnon-virtual-dtor -Wno-long-long -Wundef -Wall -pedantic -W -Wpointer-arith -Wmissing-prototypes -Wwrite-strings -ansi -D_XOPEN_SOURCE=500 -D_BSD_SOURCE -Wcast-align -Wconversion -fno-builtin -g -O2  -O0 -g3 -Wall -I/usr/include/libxml2/ -fno-exceptions -fno-check-new -fexceptions   conftest.cc  1>&5
configure:4381: $? = 0
configure:4384: test -s conftest
configure:4387: $? = 0
configure:4407: result: yes
configure:5008: checking how to run the C++ preprocessor
configure:5040: g++ -E  conftest.cc
configure:5046: $? = 0
configure:5078: g++ -E  conftest.cc
configure:5082:28: ac_nonexistent.h: No such file or directory
configure:5084: $? = 1
configure: failed program was:
| #line 5069 "configure"
| /* confdefs.h.  */
| 
| #define PACKAGE_NAME ""
| #define PACKAGE_TARNAME ""
| #define PACKAGE_VERSION ""
| #define PACKAGE_STRING ""
| #define PACKAGE_BUGREPORT ""
| #define PACKAGE "internet"
| #define VERSION "0.1.1"
| #ifdef __cplusplus
| #include <stdlib.h>
| #endif
| /* end confdefs.h.  */
| #include <ac_nonexistent.h>
configure:5122: result: g++ -E
configure:5147: g++ -E  conftest.cc
configure:5153: $? = 0
configure:5185: g++ -E  conftest.cc
configure:5189:28: ac_nonexistent.h: No such file or directory
configure:5191: $? = 1
configure: failed program was:
| #line 5176 "configure"
| /* confdefs.h.  */
| 
| #define PACKAGE_NAME ""
| #define PACKAGE_TARNAME ""
| #define PACKAGE_VERSION ""
| #define PACKAGE_STRING ""
| #define PACKAGE_BUGREPORT ""
| #define PACKAGE "internet"
| #define VERSION "0.1.1"
| #ifdef __cplusplus
| #include <stdlib.h>
| #endif
| /* end confdefs.h.  */
| #include <ac_nonexistent.h>
configure:5256: checking whether g++ supports -frepo
configure:5293: rm -rf SunWS_cache; g++ -o conftest -Wnon-virtual-dtor -Wno-long-long -Wundef -Wall -pedantic -W -Wpointer-arith -Wmissing-prototypes -Wwrite-strings -ansi -D_XOPEN_SOURCE=500 -D_BSD_SOURCE -Wcast-align -Wconversion -fno-builtin -g -O2 -O0 -g3 -Wall -I/usr/include/libxml2/ -fno-exceptions -fno-check-new -frepo   conftest.cc  1>&5
conftest.cc:1: warning: -frepo must be used with -c
configure:5296: $? = 0
configure:5299: test -s conftest
configure:5302: $? = 0
configure:5322: result: yes
configure:5534: result: not using lib directory suffix
configure:5590: checking for ld used by GCC
configure:5654: result: /usr/i686-pc-linux-gnu/bin/ld
configure:5663: checking if the linker (/usr/i686-pc-linux-gnu/bin/ld) is GNU ld
GNU ld version 2.14.90.0.2 20030515
configure:5675: result: yes
configure:5680: checking for /usr/i686-pc-linux-gnu/bin/ld option to reload object files
configure:5687: result: -r
configure:5696: checking for BSD-compatible nm
configure:5731: result: nm
configure:5735: checking for a sed that does not truncate output
configure:5811: result: 
configure:5814: checking whether ln -s works
configure:5818: result: yes
configure:5825: checking how to recognise dependant libraries
configure:6012: result: pass_all
configure:6082: gcc -c -ansi -W -Wall -pedantic -Wshadow -Wpointer-arith -Wmissing-prototypes -Wwrite-strings -D_XOPEN_SOURCE=500 -D_BSD_SOURCE -g -O2  -I/usr/include/libxml2/  conftest.c >&5
configure:6085: $? = 0
configure:6171: checking for egrep
configure:6181: result: grep -E
configure:6186: checking for ANSI C header files
configure:6212: gcc -c -ansi -W -Wall -pedantic -Wshadow -Wpointer-arith -Wmissing-prototypes -Wwrite-strings -D_XOPEN_SOURCE=500 -D_BSD_SOURCE -g -O2  -I/usr/include/libxml2/  conftest.c >&5
configure:6215: $? = 0
configure:6218: test -s conftest.o
configure:6221: $? = 0
configure:6310: gcc -o conftest -ansi -W -Wall -pedantic -Wshadow -Wpointer-arith -Wmissing-prototypes -Wwrite-strings -D_XOPEN_SOURCE=500 -D_BSD_SOURCE -g -O2  -I/usr/include/libxml2/   conftest.c  >&5
configure: In function `main':
configure:6313: warning: implicit declaration of function `exit'
configure:6313: $? = 0
configure:6315: ./conftest
configure:6318: $? = 0
configure:6333: result: yes
configure:6357: checking for sys/types.h
configure:6374: gcc -c -ansi -W -Wall -pedantic -Wshadow -Wpointer-arith -Wmissing-prototypes -Wwrite-strings -D_XOPEN_SOURCE=500 -D_BSD_SOURCE -g -O2  -I/usr/include/libxml2/  conftest.c >&5
configure:6377: $? = 0
configure:6380: test -s conftest.o
configure:6383: $? = 0
configure:6394: result: yes
configure:6357: checking for sys/stat.h
configure:6374: gcc -c -ansi -W -Wall -pedantic -Wshadow -Wpointer-arith -Wmissing-prototypes -Wwrite-strings -D_XOPEN_SOURCE=500 -D_BSD_SOURCE -g -O2  -I/usr/include/libxml2/  conftest.c >&5
configure:6377: $? = 0
configure:6380: test -s conftest.o
configure:6383: $? = 0
configure:6394: result: yes
configure:6357: checking for stdlib.h
configure:6374: gcc -c -ansi -W -Wall -pedantic -Wshadow -Wpointer-arith -Wmissing-prototypes -Wwrite-strings -D_XOPEN_SOURCE=500 -D_BSD_SOURCE -g -O2  -I/usr/include/libxml2/  conftest.c >&5
configure:6377: $? = 0
configure:6380: test -s conftest.o
configure:6383: $? = 0
configure:6394: result: yes
configure:6357: checking for string.h
configure:6374: gcc -c -ansi -W -Wall -pedantic -Wshadow -Wpointer-arith -Wmissing-prototypes -Wwrite-strings -D_XOPEN_SOURCE=500 -D_BSD_SOURCE -g -O2  -I/usr/include/libxml2/  conftest.c >&5
configure:6377: $? = 0
configure:6380: test -s conftest.o
configure:6383: $? = 0
configure:6394: result: yes
configure:6357: checking for memory.h
configure:6374: gcc -c -ansi -W -Wall -pedantic -Wshadow -Wpointer-arith -Wmissing-prototypes -Wwrite-strings -D_XOPEN_SOURCE=500 -D_BSD_SOURCE -g -O2  -I/usr/include/libxml2/  conftest.c >&5
configure:6377: $? = 0
configure:6380: test -s conftest.o
configure:6383: $? = 0
configure:6394: result: yes
configure:6357: checking for strings.h
configure:6374: gcc -c -ansi -W -Wall -pedantic -Wshadow -Wpointer-arith -Wmissing-prototypes -Wwrite-strings -D_XOPEN_SOURCE=500 -D_BSD_SOURCE -g -O2  -I/usr/include/libxml2/  conftest.c >&5
configure:6377: $? = 0
configure:6380: test -s conftest.o
configure:6383: $? = 0
configure:6394: result: yes
configure:6357: checking for inttypes.h
configure:6374: gcc -c -ansi -W -Wall -pedantic -Wshadow -Wpointer-arith -Wmissing-prototypes -Wwrite-strings -D_XOPEN_SOURCE=500 -D_BSD_SOURCE -g -O2  -I/usr/include/libxml2/  conftest.c >&5
configure:6377: $? = 0
configure:6380: test -s conftest.o
configure:6383: $? = 0
configure:6394: result: yes
configure:6357: checking for stdint.h
configure:6374: gcc -c -ansi -W -Wall -pedantic -Wshadow -Wpointer-arith -Wmissing-prototypes -Wwrite-strings -D_XOPEN_SOURCE=500 -D_BSD_SOURCE -g -O2  -I/usr/include/libxml2/  conftest.c >&5
configure:6377: $? = 0
configure:6380: test -s conftest.o
configure:6383: $? = 0
configure:6394: result: yes
configure:6357: checking for unistd.h
configure:6374: gcc -c -ansi -W -Wall -pedantic -Wshadow -Wpointer-arith -Wmissing-prototypes -Wwrite-strings -D_XOPEN_SOURCE=500 -D_BSD_SOURCE -g -O2  -I/usr/include/libxml2/  conftest.c >&5
configure:6377: $? = 0
configure:6380: test -s conftest.o
configure:6383: $? = 0
configure:6394: result: yes
configure:6420: checking dlfcn.h usability
configure:6433: gcc -c -ansi -W -Wall -pedantic -Wshadow -Wpointer-arith -Wmissing-prototypes -Wwrite-strings -D_XOPEN_SOURCE=500 -D_BSD_SOURCE -g -O2  -I/usr/include/libxml2/  conftest.c >&5
configure:6436: $? = 0
configure:6439: test -s conftest.o
configure:6442: $? = 0
configure:6452: result: yes
configure:6456: checking dlfcn.h presence
configure:6467: cpp  conftest.c
configure:6473: $? = 0
configure:6492: result: yes
configure:6528: checking for dlfcn.h
configure:6535: result: yes
configure:6552: checking the maximum length of command line arguments
configure:6600: result: 32768
configure:6611: checking command to parse nm output from gcc object
configure:6696: gcc -c -ansi -W -Wall -pedantic -Wshadow -Wpointer-arith -Wmissing-prototypes -Wwrite-strings -D_XOPEN_SOURCE=500 -D_BSD_SOURCE -g -O2  -I/usr/include/libxml2/  conftest.c >&5
conftest.c:5: warning: no previous prototype for `nm_test_func'
configure:6699: $? = 0
configure:6703: nm conftest.o \| sed -n -e 's/^.*[ 	]\([ABCDGISTW][ABCDGISTW]*\)[ 	][ 	]*\(\)\([_A-Za-z][_A-Za-z0-9]*\)$/\1 \2\3 \3/p' \> conftest.nm
configure:6706: $? = 0
configure:6758: gcc -o conftest -ansi -W -Wall -pedantic -Wshadow -Wpointer-arith -Wmissing-prototypes -Wwrite-strings -D_XOPEN_SOURCE=500 -D_BSD_SOURCE -g -O2  -I/usr/include/libxml2/   conftest.c conftstm.o >&5
configure:6761: $? = 0
configure:6799: result: ok
configure:6803: checking for objdir
configure:6818: result: .libs
configure:6870: checking for i386-linux-ranlib
configure:6899: result: no
configure:6908: checking for ranlib
configure:6924: found /usr/bin/ranlib
configure:6935: result: ranlib
configure:6950: checking for i386-linux-strip
configure:6979: result: no
configure:6988: checking for strip
configure:7004: found /usr/bin/strip
configure:7015: result: strip
configure:7278: checking if gcc static flag  works
conftest.c:1: warning: return type defaults to `int'
configure:7301: result: no
configure:7318: checking if gcc supports -fno-rtti -fno-exceptions
cc1: warning: ignoring command line option '-fno-rtti'
cc1: warning: (it is valid for C++ but not the selected language)
cc1: warning: ignoring command line option '-fno-rtti'
cc1: warning: (it is valid for C++ but not the selected language)
configure:7342: result: no
configure:7357: checking for gcc option to produce PIC
configure:7510: result: -fPIC
configure:7517: checking if gcc PIC flag -fPIC works
configure:7541: result: yes
configure:7565: checking if gcc supports -c -o file.o
configure:7606: result: yes
configure:7632: checking whether the gcc linker (/usr/i686-pc-linux-gnu/bin/ld) supports shared libraries
configure:8415: result: yes
configure:8437: checking whether -lc should be explicitly linked in
configure:8442: gcc -c -ansi -W -Wall -pedantic -Wshadow -Wpointer-arith -Wmissing-prototypes -Wwrite-strings -D_XOPEN_SOURCE=500 -D_BSD_SOURCE -g -O2  -I/usr/include/libxml2/  conftest.c >&5
conftest.c:1: warning: `dummy' defined but not used
configure:8445: $? = 0
configure:8459: gcc -shared conftest.o  -v -Wl,-soname -Wl,conftest -o conftest 2\>\&1 \| grep  -lc  \>/dev/null 2\>\&1
configure:8462: $? = 0
configure:8474: result: no
configure:8480: checking how to hardcode library paths into programs
configure:8504: result: immediate
configure:8518: checking whether stripping libraries is possible
configure:8523: result: yes
configure:8530: checking dynamic linker characteristics
configure:8981: result: GNU/Linux ld.so
configure:9634: checking if libtool supports shared libraries
configure:9636: result: yes
configure:9639: checking whether to build shared libraries
configure:9660: result: yes
configure:9663: checking whether to build static libraries
configure:9667: result: no
configure:9746: creating libtool
configure:10471: checking whether the g++ linker (/usr/i686-pc-linux-gnu/bin/ld) supports shared libraries
configure:11126: result: yes
configure:11143: g++ -c -Wnon-virtual-dtor -Wno-long-long -Wundef -Wall -pedantic -W -Wpointer-arith -Wmissing-prototypes -Wwrite-strings -ansi -D_XOPEN_SOURCE=500 -D_BSD_SOURCE -Wcast-align -Wconversion -fno-builtin -g -O2 -O0 -g3 -Wall -I/usr/include/libxml2/ -fno-exceptions -fno-check-new -fexceptions  conftest.cc >&5
configure:11146: $? = 0
configure:11246: checking for g++ option to produce PIC
configure:11482: result: -fPIC
configure:11489: checking if g++ PIC flag -fPIC works
configure:11513: result: yes
configure:11537: checking if g++ supports -c -o file.o
configure:11578: result: yes
configure:11604: checking whether the g++ linker (/usr/i686-pc-linux-gnu/bin/ld) supports shared libraries
configure:11626: result: yes
configure:11648: checking whether -lc should be explicitly linked in
configure:11653: g++ -c -Wnon-virtual-dtor -Wno-long-long -Wundef -Wall -pedantic -W -Wpointer-arith -Wmissing-prototypes -Wwrite-strings -ansi -D_XOPEN_SOURCE=500 -D_BSD_SOURCE -Wcast-align -Wconversion -fno-builtin -g -O2 -O0 -g3 -Wall -I/usr/include/libxml2/ -fno-exceptions -fno-check-new -fexceptions  conftest.cc >&5
conftest.cc:1: warning: `int dummy' defined but not used
configure:11656: $? = 0
configure:11670: g++ -shared -nostdlib  conftest.o   -v -Wl,-soname -Wl,conftest -o conftest 2\>\&1 \| grep  -lc  \>/dev/null 2\>\&1
configure:11673: $? = 1
configure:11685: result: yes
configure:11691: checking how to hardcode library paths into programs
configure:11715: result: immediate
configure:11729: checking whether stripping libraries is possible
configure:11734: result: yes
configure:11741: checking dynamic linker characteristics
configure:12192: result: GNU/Linux ld.so
configure:13261: checking if gcj supports -fno-rtti -fno-exceptions
configure:13285: result: no
configure:13300: checking for gcj option to produce PIC
configure:13453: result: -fPIC
configure:13460: checking if gcj PIC flag -fPIC works
configure:13484: result: no
configure:13508: checking if gcj supports -c -o file.o
configure:13549: result: no
configure:13575: checking whether the gcj linker (/usr/i686-pc-linux-gnu/bin/ld) supports shared libraries
configure:14358: result: yes
configure:14380: checking whether -lc should be explicitly linked in
configure:14385: gcj -c -ansi -W -Wall -pedantic -Wshadow -Wpointer-arith -Wmissing-prototypes -Wwrite-strings -D_XOPEN_SOURCE=500 -D_BSD_SOURCE -g -O2  -I/usr/include/libxml2/  conftest.java >&5
gcj: can't specify `-D' without `--main'

configure:14388: $? = 1
configure:14417: result: yes
configure:14423: checking how to hardcode library paths into programs
configure:14447: result: immediate
configure:14461: checking whether stripping libraries is possible
configure:14466: result: yes
configure:14473: checking dynamic linker characteristics
configure:14924: result: GNU/Linux ld.so
configure:16469: checking for extra includes
configure:16497: result: no
configure:16501: checking for extra libs
configure:16530: result: no
configure:16561: checking if help should be compiled
configure:16573: result: yes
configure:16561: checking if internet should be compiled
configure:16573: result: yes
configure:16691: creating ./config.status

## ---------------------- ##
## Running config.status. ##
## ---------------------- ##

This file was extended by config.status, which was
generated by GNU Autoconf 2.57.  Invocation command line was

  CONFIG_FILES    = 
  CONFIG_HEADERS  = 
  CONFIG_LINKS    = 
  CONFIG_COMMANDS = 
  $ ./config.status 

on mainbrain

config.status:612: creating config.h
config.status:723: config.h is unchanged
config.status:829: executing default-1 commands

## ---------------- ##
## Cache variables. ##
## ---------------- ##

ac_cv_build=i386-pc-linux-gnu
ac_cv_build_alias=i386-linux
ac_cv_c_compiler_gnu=yes
ac_cv_cxx_compiler_gnu=yes
ac_cv_env_CC_set=set
ac_cv_env_CC_value=gcc
ac_cv_env_CFLAGS_set=set
ac_cv_env_CFLAGS_value=-I/usr/include/libxml2/
ac_cv_env_CPPFLAGS_set=set
ac_cv_env_CPPFLAGS_value=
ac_cv_env_CPP_set=set
ac_cv_env_CPP_value=cpp
ac_cv_env_CXXCPP_set=
ac_cv_env_CXXCPP_value=
ac_cv_env_CXXFLAGS_set=set
ac_cv_env_CXXFLAGS_value='-O0 -g3 -Wall -I/usr/include/libxml2/'
ac_cv_env_CXX_set=set
ac_cv_env_CXX_value=g++
ac_cv_env_LDFLAGS_set=set
ac_cv_env_LDFLAGS_value=
ac_cv_env_build_alias_set=set
ac_cv_env_build_alias_value=i386-linux
ac_cv_env_host_alias_set=set
ac_cv_env_host_alias_value=i386-linux
ac_cv_env_target_alias_set=set
ac_cv_env_target_alias_value=i386-linux
ac_cv_exeext=
ac_cv_header_dlfcn_h=yes
ac_cv_header_inttypes_h=yes
ac_cv_header_memory_h=yes
ac_cv_header_stdc=yes
ac_cv_header_stdint_h=yes
ac_cv_header_stdlib_h=yes
ac_cv_header_string_h=yes
ac_cv_header_strings_h=yes
ac_cv_header_sys_stat_h=yes
ac_cv_header_sys_types_h=yes
ac_cv_header_unistd_h=yes
ac_cv_host=i386-pc-linux-gnu
ac_cv_host_alias=i386-linux
ac_cv_objext=o
ac_cv_path_install='/bin/install -c'
ac_cv_prog_AWK=gawk
ac_cv_prog_CC=gcc
ac_cv_prog_CPP=cpp
ac_cv_prog_CXX=g++
ac_cv_prog_CXXCPP='g++ -E'
ac_cv_prog_ac_ct_RANLIB=ranlib
ac_cv_prog_ac_ct_STRIP=strip
ac_cv_prog_cc_g=yes
ac_cv_prog_cc_stdc=
ac_cv_prog_cxx_g=yes
ac_cv_prog_egrep='grep -E'
ac_cv_prog_make_make_set=yes
ac_cv_target=i386-pc-linux-gnu
ac_cv_target_alias=i386-linux
am_cv_CC_dependencies_compiler_type=gcc3
am_cv_CXX_dependencies_compiler_type=gcc3
kde_cv_prog_cxx_Wno_long_long=yes
kde_cv_prog_cxx_Wnon_virtual_dtor=yes
kde_cv_prog_cxx_Woverloaded_virtual=yes
kde_cv_prog_cxx_Wundef=yes
kde_cv_prog_cxx_fexceptions=yes
kde_cv_prog_cxx_fno_builtin=yes
kde_cv_prog_cxx_fno_check_new=yes
kde_cv_prog_cxx_fno_exceptions=yes
kde_cv_prog_cxx_frepo=yes
lt_cv_deplibs_check_method=pass_all
lt_cv_file_magic_cmd='$MAGIC_CMD'
lt_cv_file_magic_test_file='/lib/libc.so.6 /lib/libc-2.3.2.so'
lt_cv_ld_reload_flag=-r
lt_cv_objdir=.libs
lt_cv_path_LD=/usr/i686-pc-linux-gnu/bin/ld
lt_cv_path_NM=nm
lt_cv_path_SED=/bin/sed
lt_cv_prog_compiler_c_o=yes
lt_cv_prog_compiler_c_o_CXX=yes
lt_cv_prog_compiler_c_o_GCJ=no
lt_cv_prog_compiler_rtti_exceptions=no
lt_cv_prog_gnu_ld=yes
lt_cv_sys_global_symbol_pipe='sed -n -e '\''s/^.*[ 	]\([ABCDGISTW][ABCDGISTW]*\)[ 	][ 	]*\(\)\([_A-Za-z][_A-Za-z0-9]*\)$/\1 \2\3 \3/p'\'''
lt_cv_sys_global_symbol_to_c_name_address='sed -n -e '\''s/^: \([^ ]*\) $/  {\"\1\", (lt_ptr) 0},/p'\'' -e '\''s/^[BCDEGRST] \([^ ]*\) \([^ ]*\)$/  {"\2", (lt_ptr) \&\2},/p'\'''
lt_cv_sys_global_symbol_to_cdecl='sed -n -e '\''s/^. .* \(.*\)$/extern int \1;/p'\'''
lt_cv_sys_max_cmd_len=32768
lt_lt_cv_prog_compiler_c_o='"yes"'
lt_lt_cv_prog_compiler_c_o_CXX='"yes"'
lt_lt_cv_prog_compiler_c_o_GCJ='"no"'
lt_lt_cv_sys_global_symbol_pipe='"sed -n -e '\''s/^.*[ 	]\\([ABCDGISTW][ABCDGISTW]*\\)[ 	][ 	]*\\(\\)\\([_A-Za-z][_A-Za-z0-9]*\\)\$/\\1 \\2\\3 \\3/p'\''"'
lt_lt_cv_sys_global_symbol_to_c_name_address='"sed -n -e '\''s/^: \\([^ ]*\\) \$/  {\\\"\\1\\\", (lt_ptr) 0},/p'\'' -e '\''s/^[BCDEGRST] \\([^ ]*\\) \\([^ ]*\\)\$/  {\"\\2\", (lt_ptr) \\&\\2},/p'\''"'
lt_lt_cv_sys_global_symbol_to_cdecl='"sed -n -e '\''s/^. .* \\(.*\\)\$/extern int \\1;/p'\''"'

## ----------------- ##
## Output variables. ##
## ----------------- ##

ACLOCAL='${SHELL} /home/z9u2K/projects/internet/admin/missing --run aclocal'
AMDEPBACKSLASH='\'
AMDEP_FALSE='#'
AMDEP_TRUE=''
AMTAR='${SHELL} /home/z9u2K/projects/internet/admin/missing --run tar'
AUTOCONF='${SHELL} /home/z9u2K/projects/internet/admin/missing --run autoconf'
AUTODIRS=''
AUTOHEADER='${SHELL} /home/z9u2K/projects/internet/admin/missing --run autoheader'
AUTOMAKE='${SHELL} /home/z9u2K/projects/internet/admin/missing --run automake'
AWK='gawk'
CC='gcc'
CCDEPMODE='depmode=gcc3'
CFLAGS='-ansi -W -Wall -pedantic -Wshadow -Wpointer-arith -Wmissing-prototypes -Wwrite-strings -D_XOPEN_SOURCE=500 -D_BSD_SOURCE -g -O2  -I/usr/include/libxml2/'
CONF_FILES=' $(top_srcdir)/configure.in.in'
CPP='cpp'
CPPFLAGS=''
CXX='g++'
CXXCPP='g++ -E'
CXXDEPMODE='depmode=gcc3'
CXXFLAGS='-Wnon-virtual-dtor -Wno-long-long -Wundef -Wall -pedantic -W -Wpointer-arith -Wmissing-prototypes -Wwrite-strings -ansi -D_XOPEN_SOURCE=500 -D_BSD_SOURCE -Wcast-align -Wconversion -fno-builtin -g -O2 -O0 -g3 -Wall -I/usr/include/libxml2/ -fno-exceptions -fno-check-new -fexceptions'
DEFS='-DHAVE_CONFIG_H'
DEPDIR='.deps'
ECHO='echo'
ECHO_C=''
ECHO_N='-n'
ECHO_T=''
EGREP='grep -E'
EXEEXT=''
INSTALL_DATA='${INSTALL} -m 644'
INSTALL_PROGRAM='${INSTALL} $(INSTALL_STRIP_FLAG)'
INSTALL_SCRIPT='${INSTALL}'
INSTALL_STRIP_PROGRAM='${SHELL} $(install_sh) -c -s'
KDE_PLUGIN='-avoid-version -module -no-undefined $(KDE_RPATH) $(KDE_MT_LDFLAGS)'
KDE_USE_CLOSURE_FALSE='#'
KDE_USE_CLOSURE_TRUE=''
KDE_USE_FINAL_FALSE=''
KDE_USE_FINAL_TRUE='#'
LDFLAGS=''
LIBOBJS=''
LIBS=''
LIBTOOL='$(SHELL) $(top_builddir)/libtool --silent'
LN_S='ln -s'
LTLIBOBJS=''
MAKEINFO='${SHELL} /home/z9u2K/projects/internet/admin/missing --run makeinfo'
NOOPT_CFLAGS='-O0'
NOOPT_CXXFLAGS='-O0'
NOREPO='-fno-repo'
OBJEXT='o'
PACKAGE='internet'
PACKAGE_BUGREPORT=''
PACKAGE_NAME=''
PACKAGE_STRING=''
PACKAGE_TARNAME=''
PACKAGE_VERSION=''
PATH_SEPARATOR=':'
RANLIB='ranlib'
REPO='-frepo'
SET_MAKE=''
SHELL='/bin/sh'
STRIP='strip'
TOPSUBDIRS=' help internet'
USER_INCLUDES=''
USER_LDFLAGS=''
USE_EXCEPTIONS='-fexceptions'
USE_RTTI=''
VERSION='0.1.1'
WOVERLOADED_VIRTUAL='-Woverloaded-virtual'
ac_ct_CC=''
ac_ct_CXX=''
ac_ct_RANLIB='ranlib'
ac_ct_STRIP='strip'
all_includes=' '
all_libraries=' '
am__include='include'
am__quote=''
bindir='${exec_prefix}/bin'
build='i386-pc-linux-gnu'
build_alias='i386-linux'
build_cpu='i386'
build_os='linux-gnu'
build_vendor='pc'
datadir='${prefix}/share'
exec_prefix='${prefix}'
host='i386-pc-linux-gnu'
host_alias='i386-linux'
host_cpu='i386'
host_os='linux-gnu'
host_vendor='pc'
includedir='${prefix}/include'
infodir='${prefix}/info'
install_sh='/home/z9u2K/projects/internet/admin/install-sh'
libdir='${exec_prefix}/lib'
libexecdir='${exec_prefix}/libexec'
localstatedir='${prefix}/var'
mandir='${prefix}/man'
oldincludedir='/usr/include'
prefix='/usr/local'
program_transform_name='s,^,i386-linux-,'
sbindir='${exec_prefix}/sbin'
sharedstatedir='${prefix}/com'
sysconfdir='${prefix}/etc'
target='i386-pc-linux-gnu'
target_alias='i386-linux'
target_cpu='i386'
target_os='linux-gnu'
target_vendor='pc'

## ----------- ##
## confdefs.h. ##
## ----------- ##

#define HAVE_DLFCN_H 1
#define HAVE_INTTYPES_H 1
#define HAVE_MEMORY_H 1
#define HAVE_STDINT_H 1
#define HAVE_STDLIB_H 1
#define HAVE_STRINGS_H 1
#define HAVE_STRING_H 1
#define HAVE_SYS_STAT_H 1
#define HAVE_SYS_TYPES_H 1
#define HAVE_TEMPLATE_REPOSITORY 1
#define HAVE_UNISTD_H 1
#define KDELIBSUFF ""
#define PACKAGE "internet"
#define PACKAGE_BUGREPORT ""
#define PACKAGE_NAME ""
#define PACKAGE_STRING ""
#define PACKAGE_TARNAME ""
#define PACKAGE_VERSION ""
#define STDC_HEADERS 1
#define VERSION "0.1.1"
#endif
#ifdef __cplusplus
#include <stdlib.h>

configure: exit 0

## ---------------------- ##
## Running config.status. ##
## ---------------------- ##

This file was extended by config.status, which was
generated by GNU Autoconf 2.57.  Invocation command line was

  CONFIG_FILES    = 
  CONFIG_HEADERS  = config.h
  CONFIG_LINKS    = 
  CONFIG_COMMANDS = 
  $ ./config.status 

on mainbrain

config.status:612: creating config.h
config.status:723: config.h is unchanged
config.status:829: executing default-1 commands

## ---------------------- ##
## Running config.status. ##
## ---------------------- ##

This file was extended by config.status, which was
generated by GNU Autoconf 2.57.  Invocation command line was

  CONFIG_FILES    = Makefile
  CONFIG_HEADERS  = 
  CONFIG_LINKS    = 
  CONFIG_COMMANDS = 
  $ ./config.status 

on mainbrain

config.status:829: executing default-1 commands

## ---------------------- ##
## Running config.status. ##
## ---------------------- ##

This file was extended by config.status, which was
generated by GNU Autoconf 2.57.  Invocation command line was

  CONFIG_FILES    = internet/Makefile
  CONFIG_HEADERS  = 
  CONFIG_LINKS    = 
  CONFIG_COMMANDS = 
  $ ./config.status 

on mainbrain

config.status:829: executing default-1 commands

## ---------------------- ##
## Running config.status. ##
## ---------------------- ##

This file was extended by config.status, which was
generated by GNU Autoconf 2.57.  Invocation command line was

  CONFIG_FILES    = internet/docs/Makefile
  CONFIG_HEADERS  = 
  CONFIG_LINKS    = 
  CONFIG_COMMANDS = 
  $ ./config.status 

on mainbrain

config.status:829: executing default-1 commands

## ---------------------- ##
## Running config.status. ##
## ---------------------- ##

This file was extended by config.status, which was
generated by GNU Autoconf 2.57.  Invocation command line was

  CONFIG_FILES    = internet/docs/en/Makefile
  CONFIG_HEADERS  = 
  CONFIG_LINKS    = 
  CONFIG_COMMANDS = 
  $ ./config.status 

on mainbrain

config.status:829: executing default-1 commands

## ---------------------- ##
## Running config.status. ##
## ---------------------- ##

This file was extended by config.status, which was
generated by GNU Autoconf 2.57.  Invocation command line was

  CONFIG_FILES    = help/Makefile
  CONFIG_HEADERS  = 
  CONFIG_LINKS    = 
  CONFIG_COMMANDS = 
  $ ./config.status 

on mainbrain

config.status:829: executing default-1 commands

## ---------------------- ##
## Running config.status. ##
## ---------------------- ##

This file was extended by config.status, which was
generated by GNU Autoconf 2.57.  Invocation command line was

  CONFIG_FILES    = Makefile
  CONFIG_HEADERS  = 
  CONFIG_LINKS    = 
  CONFIG_COMMANDS = 
  $ ./config.status 

on mainbrain

config.status:829: executing default-1 commands

## ---------------------- ##
## Running config.status. ##
## ---------------------- ##

This file was extended by config.status, which was
generated by GNU Autoconf 2.57.  Invocation command line was

  CONFIG_FILES    = internet/Makefile
  CONFIG_HEADERS  = 
  CONFIG_LINKS    = 
  CONFIG_COMMANDS = 
  $ ./config.status 

on mainbrain

config.status:829: executing default-1 commands

## ---------------------- ##
## Running config.status. ##
## ---------------------- ##

This file was extended by config.status, which was
generated by GNU Autoconf 2.57.  Invocation command line was

  CONFIG_FILES    = internet/docs/Makefile
  CONFIG_HEADERS  = 
  CONFIG_LINKS    = 
  CONFIG_COMMANDS = 
  $ ./config.status 

on mainbrain

config.status:829: executing default-1 commands

## ---------------------- ##
## Running config.status. ##
## ---------------------- ##

This file was extended by config.status, which was
generated by GNU Autoconf 2.57.  Invocation command line was

  CONFIG_FILES    = internet/docs/en/Makefile
  CONFIG_HEADERS  = 
  CONFIG_LINKS    = 
  CONFIG_COMMANDS = 
  $ ./config.status 

on mainbrain

config.status:829: executing default-1 commands

## ---------------------- ##
## Running config.status. ##
## ---------------------- ##

This file was extended by config.status, which was
generated by GNU Autoconf 2.57.  Invocation command line was

  CONFIG_FILES    = help/Makefile
  CONFIG_HEADERS  = 
  CONFIG_LINKS    = 
  CONFIG_COMMANDS = 
  $ ./config.status 

on mainbrain

config.status:829: executing default-1 commands

## ---------------------- ##
## Running config.status. ##
## ---------------------- ##

This file was extended by config.status, which was
generated by GNU Autoconf 2.57.  Invocation command line was

  CONFIG_FILES    = Makefile
  CONFIG_HEADERS  = 
  CONFIG_LINKS    = 
  CONFIG_COMMANDS = 
  $ ./config.status 

on mainbrain

config.status:829: executing default-1 commands

## ---------------------- ##
## Running config.status. ##
## ---------------------- ##

This file was extended by config.status, which was
generated by GNU Autoconf 2.57.  Invocation command line was

  CONFIG_FILES    = internet/Makefile
  CONFIG_HEADERS  = 
  CONFIG_LINKS    = 
  CONFIG_COMMANDS = 
  $ ./config.status 

on mainbrain

config.status:829: executing default-1 commands

## ---------------------- ##
## Running config.status. ##
## ---------------------- ##

This file was extended by config.status, which was
generated by GNU Autoconf 2.57.  Invocation command line was

  CONFIG_FILES    = internet/docs/Makefile
  CONFIG_HEADERS  = 
  CONFIG_LINKS    = 
  CONFIG_COMMANDS = 
  $ ./config.status 

on mainbrain

config.status:829: executing default-1 commands

## ---------------------- ##
## Running config.status. ##
## ---------------------- ##

This file was extended by config.status, which was
generated by GNU Autoconf 2.57.  Invocation command line was

  CONFIG_FILES    = internet/docs/en/Makefile
  CONFIG_HEADERS  = 
  CONFIG_LINKS    = 
  CONFIG_COMMANDS = 
  $ ./config.status 

on mainbrain

config.status:829: executing default-1 commands

## ---------------------- ##
## Running config.status. ##
## ---------------------- ##

This file was extended by config.status, which was
generated by GNU Autoconf 2.57.  Invocation command line was

  CONFIG_FILES    = help/Makefile
  CONFIG_HEADERS  = 
  CONFIG_LINKS    = 
  CONFIG_COMMANDS = 
  $ ./config.status 

on mainbrain

config.status:829: executing default-1 commands
