This file contains any messages produced by compilers while
running configure, to aid debugging if configure makes a mistake.

It was created by configure, which was
generated by GNU Autoconf 2.57.  Invocation command line was

  $ ./configure --build=i386-linux --host=i386-linux --target=i386-linux

## --------- ##
## Platform. ##
## --------- ##

hostname = mainbrain
uname -m = i686
uname -r = 2.4.21
uname -s = Linux
uname -v = #2 Sat Jun 14 00:16:22 IDT 2003

/usr/bin/uname -p = unknown
/bin/uname -X     = unknown

/bin/arch              = i686
/usr/bin/arch -k       = unknown
/usr/convex/getsysinfo = unknown
hostinfo               = unknown
/bin/machine           = unknown
/usr/bin/oslevel       = unknown
/bin/universe          = unknown

PATH: /usr/kde/3.1/bin
PATH: /bin
PATH: /usr/bin
PATH: /usr/local/bin
PATH: /opt/bin
PATH: /usr/i686-pc-linux-gnu/gcc-bin/3.2
PATH: /opt/rar/bin
PATH: /usr/X11R6/bin
PATH: /opt/blackdown-jre-1.4.1/bin
PATH: /usr/qt/3/bin
PATH: /usr/kde/3.1/bin
PATH: /usr/qt/2/bin
PATH: /usr/games/bin


## ----------- ##
## Core tests. ##
## ----------- ##

configure:1509: checking build system type
configure:1527: result: i386-pc-linux-gnu
configure:1535: checking host system type
configure:1549: result: i386-pc-linux-gnu
configure:1557: checking target system type
configure:1571: result: i386-pc-linux-gnu
configure:1616: checking for a BSD-compatible install
configure:1670: result: /bin/install -c
configure:1685: checking for -p flag to install
configure:1698: result: yes
configure:1709: checking whether build environment is sane
configure:1752: result: yes
configure:1773: checking for gawk
configure:1789: found /bin/gawk
configure:1799: result: gawk
configure:1809: checking whether make sets $(MAKE)
configure:1829: result: yes
configure:1980: checking for style of include used by make
configure:2008: result: GNU
configure:2096: checking for i386-linux-gcc
configure:2122: result: gcc
configure:2404: checking for C compiler version
configure:2407: gcc --version </dev/null >&5
gcc (GCC) 3.2.2
Copyright (C) 2002 Free Software Foundation, Inc.
This is free software; see the source for copying conditions.  There is NO
warranty; not even for MERCHANTABILITY or FITNESS FOR A PARTICULAR PURPOSE.

configure:2410: $? = 0
configure:2412: gcc -v </dev/null >&5
Reading specs from /usr/lib/gcc-lib/i686-pc-linux-gnu/3.2.2/specs
Configured with: /var/tmp/portage/gcc-3.2.2/work/gcc-3.2.2/configure --prefix=/usr --bindir=/usr/i686-pc-linux-gnu/gcc-bin/3.2 --includedir=/usr/lib/gcc-lib/i686-pc-linux-gnu/3.2.2/include --datadir=/usr/share/gcc-data/i686-pc-linux-gnu/3.2 --mandir=/usr/share/gcc-data/i686-pc-linux-gnu/3.2/man --infodir=/usr/share/gcc-data/i686-pc-linux-gnu/3.2/info --enable-shared --host=i686-pc-linux-gnu --target=i686-pc-linux-gnu --with-system-zlib --enable-languages=c,c++,ada,f77,objc,java --enable-threads=posix --enable-long-long --disable-checking --enable-cstdio=stdio --enable-clocale=generic --enable-__cxa_atexit --enable-version-specific-runtime-libs --with-gxx-include-dir=/usr/lib/gcc-lib/i686-pc-linux-gnu/3.2.2/include/g++-v3 --with-local-prefix=/usr/local --enable-shared --enable-nls --without-included-gettext
Thread model: posix
gcc version 3.2.2
configure:2415: $? = 0
configure:2417: gcc -V </dev/null >&5
gcc: argument to `-V' is missing
configure:2420: $? = 1
configure:2444: checking for C compiler default output
configure:2447: gcc     conftest.c  >&5
configure:2450: $? = 0
configure:2496: result: a.out
configure:2501: checking whether the C compiler works
configure:2507: ./a.out
configure:2510: $? = 0
configure:2527: result: yes
configure:2534: checking whether we are cross compiling
configure:2536: result: no
configure:2539: checking for suffix of executables
configure:2541: gcc -o conftest     conftest.c  >&5
configure:2544: $? = 0
configure:2569: result: 
configure:2575: checking for suffix of object files
configure:2597: gcc -c    conftest.c >&5
configure:2600: $? = 0
configure:2622: result: o
configure:2626: checking whether we are using the GNU C compiler
configure:2651: gcc -c    conftest.c >&5
configure:2654: $? = 0
configure:2657: test -s conftest.o
configure:2660: $? = 0
configure:2673: result: yes
configure:2679: checking whether gcc accepts -g
configure:2701: gcc -c -g  conftest.c >&5
configure:2704: $? = 0
configure:2707: test -s conftest.o
configure:2710: $? = 0
configure:2721: result: yes
configure:2738: checking for gcc option to accept ANSI C
configure:2799: gcc  -c    conftest.c >&5
configure:2802: $? = 0
configure:2805: test -s conftest.o
configure:2808: $? = 0
configure:2826: result: none needed
configure:2844: gcc -c    conftest.c >&5
conftest.c:2: parse error before "me"
configure:2847: $? = 1
configure: failed program was:
| #ifndef __cplusplus
|   choke me
| #endif
configure:2958: checking dependency style of gcc
configure:3020: result: gcc3
configure:3031: checking how to run the C preprocessor
configure:3149: result: cpp
configure:3174: cpp  conftest.c
configure:3180: $? = 0
configure:3212: cpp  conftest.c
configure:3213:28: ac_nonexistent.h: No such file or directory
configure:3218: $? = 1
configure: failed program was:
| #line 3203 "configure"
| /* confdefs.h.  */
| 
| #define PACKAGE_NAME ""
| #define PACKAGE_TARNAME ""
| #define PACKAGE_VERSION ""
| #define PACKAGE_STRING ""
| #define PACKAGE_BUGREPORT ""
| #define PACKAGE "confwiz"
| #define VERSION "0.3.1"
| /* end confdefs.h.  */
| #include <ac_nonexistent.h>
configure:3299: checking for i386-linux-g++
configure:3325: result: g++
configure:3383: checking for C++ compiler version
configure:3386: g++ --version </dev/null >&5
g++ (GCC) 3.2.2
Copyright (C) 2002 Free Software Foundation, Inc.
This is free software; see the source for copying conditions.  There is NO
warranty; not even for MERCHANTABILITY or FITNESS FOR A PARTICULAR PURPOSE.

configure:3389: $? = 0
configure:3391: g++ -v </dev/null >&5
Reading specs from /usr/lib/gcc-lib/i686-pc-linux-gnu/3.2.2/specs
Configured with: /var/tmp/portage/gcc-3.2.2/work/gcc-3.2.2/configure --prefix=/usr --bindir=/usr/i686-pc-linux-gnu/gcc-bin/3.2 --includedir=/usr/lib/gcc-lib/i686-pc-linux-gnu/3.2.2/include --datadir=/usr/share/gcc-data/i686-pc-linux-gnu/3.2 --mandir=/usr/share/gcc-data/i686-pc-linux-gnu/3.2/man --infodir=/usr/share/gcc-data/i686-pc-linux-gnu/3.2/info --enable-shared --host=i686-pc-linux-gnu --target=i686-pc-linux-gnu --with-system-zlib --enable-languages=c,c++,ada,f77,objc,java --enable-threads=posix --enable-long-long --disable-checking --enable-cstdio=stdio --enable-clocale=generic --enable-__cxa_atexit --enable-version-specific-runtime-libs --with-gxx-include-dir=/usr/lib/gcc-lib/i686-pc-linux-gnu/3.2.2/include/g++-v3 --with-local-prefix=/usr/local --enable-shared --enable-nls --without-included-gettext
Thread model: posix
gcc version 3.2.2
configure:3394: $? = 0
configure:3396: g++ -V </dev/null >&5
g++: argument to `-V' missing

configure:3399: $? = 1
configure:3402: checking whether we are using the GNU C++ compiler
configure:3427: g++ -c  -O0 -Wall   conftest.cc >&5
configure:3430: $? = 0
configure:3433: test -s conftest.o
configure:3436: $? = 0
configure:3449: result: yes
configure:3455: checking whether g++ accepts -g
configure:3477: g++ -c -g  conftest.cc >&5
configure:3480: $? = 0
configure:3483: test -s conftest.o
configure:3486: $? = 0
configure:3497: result: yes
configure:3541: g++ -c  -O0 -Wall   conftest.cc >&5
configure:3544: $? = 0
configure:3547: test -s conftest.o
configure:3550: $? = 0
configure:3577: g++ -c  -O0 -Wall   conftest.cc >&5
configure: In function `int main()':
configure:3574: `exit' undeclared (first use this function)
configure:3574: (Each undeclared identifier is reported only once for each 
   function it appears in.)
configure:3580: $? = 1
configure: failed program was:
| #line 3560 "configure"
| /* confdefs.h.  */
| 
| #define PACKAGE_NAME ""
| #define PACKAGE_TARNAME ""
| #define PACKAGE_VERSION ""
| #define PACKAGE_STRING ""
| #define PACKAGE_BUGREPORT ""
| #define PACKAGE "confwiz"
| #define VERSION "0.3.1"
| /* end confdefs.h.  */
| 
| int
| main ()
| {
| exit (42);
|   ;
|   return 0;
| }
configure:3541: g++ -c  -O0 -Wall   conftest.cc >&5
configure:3544: $? = 0
configure:3547: test -s conftest.o
configure:3550: $? = 0
configure:3577: g++ -c  -O0 -Wall   conftest.cc >&5
configure:3580: $? = 0
configure:3583: test -s conftest.o
configure:3586: $? = 0
configure:3611: checking dependency style of g++
configure:3673: result: gcc3
configure:3957: checking whether g++ supports -Wundef
configure:3994: rm -rf SunWS_cache; g++ -o conftest -Wall -pedantic -W -Wpointer-arith -Wmissing-prototypes -Wwrite-strings -ansi -D_XOPEN_SOURCE=500 -D_BSD_SOURCE -Wcast-align -Wconversion -O2  -O0 -Wall  -Wundef   conftest.cc  1>&5
configure:3997: $? = 0
configure:4000: test -s conftest
configure:4003: $? = 0
configure:4023: result: yes
configure:4035: checking whether g++ supports -Wno-long-long
configure:4072: rm -rf SunWS_cache; g++ -o conftest -Wundef -Wall -pedantic -W -Wpointer-arith -Wmissing-prototypes -Wwrite-strings -ansi -D_XOPEN_SOURCE=500 -D_BSD_SOURCE -Wcast-align -Wconversion -O2  -O0 -Wall  -Wno-long-long   conftest.cc  1>&5
configure:4075: $? = 0
configure:4078: test -s conftest
configure:4081: $? = 0
configure:4101: result: yes
configure:4113: checking whether g++ supports -Wnon-virtual-dtor
configure:4150: rm -rf SunWS_cache; g++ -o conftest -Wno-long-long -Wundef -Wall -pedantic -W -Wpointer-arith -Wmissing-prototypes -Wwrite-strings -ansi -D_XOPEN_SOURCE=500 -D_BSD_SOURCE -Wcast-align -Wconversion -O2  -O0 -Wall  -Wnon-virtual-dtor   conftest.cc  1>&5
configure:4153: $? = 0
configure:4156: test -s conftest
configure:4159: $? = 0
configure:4179: result: yes
configure:4199: checking whether g++ supports -fno-exceptions
configure:4236: rm -rf SunWS_cache; g++ -o conftest -Wnon-virtual-dtor -Wno-long-long -Wundef -Wall -pedantic -W -Wpointer-arith -Wmissing-prototypes -Wwrite-strings -ansi -D_XOPEN_SOURCE=500 -D_BSD_SOURCE -Wcast-align -Wconversion -O2  -O0 -Wall  -fno-exceptions   conftest.cc  1>&5
configure:4239: $? = 0
configure:4242: test -s conftest
configure:4245: $? = 0
configure:4265: result: yes
configure:4277: checking whether g++ supports -fno-check-new
configure:4314: rm -rf SunWS_cache; g++ -o conftest -Wnon-virtual-dtor -Wno-long-long -Wundef -Wall -pedantic -W -Wpointer-arith -Wmissing-prototypes -Wwrite-strings -ansi -D_XOPEN_SOURCE=500 -D_BSD_SOURCE -Wcast-align -Wconversion -O2  -O0 -Wall  -fno-exceptions -fno-check-new   conftest.cc  1>&5
configure:4317: $? = 0
configure:4320: test -s conftest
configure:4323: $? = 0
configure:4343: result: yes
configure:4355: checking whether g++ supports -fexceptions
configure:4392: rm -rf SunWS_cache; g++ -o conftest -Wnon-virtual-dtor -Wno-long-long -Wundef -Wall -pedantic -W -Wpointer-arith -Wmissing-prototypes -Wwrite-strings -ansi -D_XOPEN_SOURCE=500 -D_BSD_SOURCE -Wcast-align -Wconversion -O2  -O0 -Wall  -fno-exceptions -fno-check-new -fexceptions   conftest.cc  1>&5
configure:4395: $? = 0
configure:4398: test -s conftest
configure:4401: $? = 0
configure:4421: result: yes
configure:5022: checking how to run the C++ preprocessor
configure:5054: g++ -E  conftest.cc
configure:5060: $? = 0
configure:5092: g++ -E  conftest.cc
configure:5096:28: ac_nonexistent.h: No such file or directory
configure:5098: $? = 1
configure: failed program was:
| #line 5083 "configure"
| /* confdefs.h.  */
| 
| #define PACKAGE_NAME ""
| #define PACKAGE_TARNAME ""
| #define PACKAGE_VERSION ""
| #define PACKAGE_STRING ""
| #define PACKAGE_BUGREPORT ""
| #define PACKAGE "confwiz"
| #define VERSION "0.3.1"
| #ifdef __cplusplus
| #include <stdlib.h>
| #endif
| /* end confdefs.h.  */
| #include <ac_nonexistent.h>
configure:5136: result: g++ -E
configure:5161: g++ -E  conftest.cc
configure:5167: $? = 0
configure:5199: g++ -E  conftest.cc
configure:5203:28: ac_nonexistent.h: No such file or directory
configure:5205: $? = 1
configure: failed program was:
| #line 5190 "configure"
| /* confdefs.h.  */
| 
| #define PACKAGE_NAME ""
| #define PACKAGE_TARNAME ""
| #define PACKAGE_VERSION ""
| #define PACKAGE_STRING ""
| #define PACKAGE_BUGREPORT ""
| #define PACKAGE "confwiz"
| #define VERSION "0.3.1"
| #ifdef __cplusplus
| #include <stdlib.h>
| #endif
| /* end confdefs.h.  */
| #include <ac_nonexistent.h>
configure:5270: checking whether g++ supports -frepo
configure:5307: rm -rf SunWS_cache; g++ -o conftest -Wnon-virtual-dtor -Wno-long-long -Wundef -Wall -pedantic -W -Wpointer-arith -Wmissing-prototypes -Wwrite-strings -ansi -D_XOPEN_SOURCE=500 -D_BSD_SOURCE -Wcast-align -Wconversion -O2 -O0 -Wall -fno-exceptions -fno-check-new -frepo   conftest.cc  1>&5
conftest.cc:1: warning: -frepo must be used with -c
configure:5310: $? = 0
configure:5313: test -s conftest
configure:5316: $? = 0
configure:5336: result: yes
configure:5544: result: not using lib directory suffix
configure:5600: checking for ld used by GCC
configure:5664: result: /usr/i686-pc-linux-gnu/bin/ld
configure:5673: checking if the linker (/usr/i686-pc-linux-gnu/bin/ld) is GNU ld
GNU ld version 2.13.90.0.18 20030121
configure:5685: result: yes
configure:5690: checking for /usr/i686-pc-linux-gnu/bin/ld option to reload object files
configure:5697: result: -r
configure:5706: checking for BSD-compatible nm
configure:5741: result: nm
configure:5745: checking for a sed that does not truncate output
configure:5821: result: 
configure:5824: checking whether ln -s works
configure:5828: result: yes
configure:5835: checking how to recognise dependant libraries
configure:6022: result: pass_all
configure:6092: gcc -c -ansi -W -Wall -pedantic -Wshadow -Wpointer-arith -Wmissing-prototypes -Wwrite-strings -D_XOPEN_SOURCE=500 -D_BSD_SOURCE -O2    conftest.c >&5
configure:6095: $? = 0
configure:6181: checking for egrep
configure:6191: result: grep -E
configure:6196: checking for ANSI C header files
configure:6222: gcc -c -ansi -W -Wall -pedantic -Wshadow -Wpointer-arith -Wmissing-prototypes -Wwrite-strings -D_XOPEN_SOURCE=500 -D_BSD_SOURCE -O2    conftest.c >&5
configure:6225: $? = 0
configure:6228: test -s conftest.o
configure:6231: $? = 0
configure:6320: gcc -o conftest -ansi -W -Wall -pedantic -Wshadow -Wpointer-arith -Wmissing-prototypes -Wwrite-strings -D_XOPEN_SOURCE=500 -D_BSD_SOURCE -O2     conftest.c  >&5
configure: In function `main':
configure:6323: warning: implicit declaration of function `exit'
configure:6323: $? = 0
configure:6325: ./conftest
configure:6328: $? = 0
configure:6343: result: yes
configure:6367: checking for sys/types.h
configure:6384: gcc -c -ansi -W -Wall -pedantic -Wshadow -Wpointer-arith -Wmissing-prototypes -Wwrite-strings -D_XOPEN_SOURCE=500 -D_BSD_SOURCE -O2    conftest.c >&5
configure:6387: $? = 0
configure:6390: test -s conftest.o
configure:6393: $? = 0
configure:6404: result: yes
configure:6367: checking for sys/stat.h
configure:6384: gcc -c -ansi -W -Wall -pedantic -Wshadow -Wpointer-arith -Wmissing-prototypes -Wwrite-strings -D_XOPEN_SOURCE=500 -D_BSD_SOURCE -O2    conftest.c >&5
configure:6387: $? = 0
configure:6390: test -s conftest.o
configure:6393: $? = 0
configure:6404: result: yes
configure:6367: checking for stdlib.h
configure:6384: gcc -c -ansi -W -Wall -pedantic -Wshadow -Wpointer-arith -Wmissing-prototypes -Wwrite-strings -D_XOPEN_SOURCE=500 -D_BSD_SOURCE -O2    conftest.c >&5
configure:6387: $? = 0
configure:6390: test -s conftest.o
configure:6393: $? = 0
configure:6404: result: yes
configure:6367: checking for string.h
configure:6384: gcc -c -ansi -W -Wall -pedantic -Wshadow -Wpointer-arith -Wmissing-prototypes -Wwrite-strings -D_XOPEN_SOURCE=500 -D_BSD_SOURCE -O2    conftest.c >&5
configure:6387: $? = 0
configure:6390: test -s conftest.o
configure:6393: $? = 0
configure:6404: result: yes
configure:6367: checking for memory.h
configure:6384: gcc -c -ansi -W -Wall -pedantic -Wshadow -Wpointer-arith -Wmissing-prototypes -Wwrite-strings -D_XOPEN_SOURCE=500 -D_BSD_SOURCE -O2    conftest.c >&5
configure:6387: $? = 0
configure:6390: test -s conftest.o
configure:6393: $? = 0
configure:6404: result: yes
configure:6367: checking for strings.h
configure:6384: gcc -c -ansi -W -Wall -pedantic -Wshadow -Wpointer-arith -Wmissing-prototypes -Wwrite-strings -D_XOPEN_SOURCE=500 -D_BSD_SOURCE -O2    conftest.c >&5
configure:6387: $? = 0
configure:6390: test -s conftest.o
configure:6393: $? = 0
configure:6404: result: yes
configure:6367: checking for inttypes.h
configure:6384: gcc -c -ansi -W -Wall -pedantic -Wshadow -Wpointer-arith -Wmissing-prototypes -Wwrite-strings -D_XOPEN_SOURCE=500 -D_BSD_SOURCE -O2    conftest.c >&5
configure:6387: $? = 0
configure:6390: test -s conftest.o
configure:6393: $? = 0
configure:6404: result: yes
configure:6367: checking for stdint.h
configure:6384: gcc -c -ansi -W -Wall -pedantic -Wshadow -Wpointer-arith -Wmissing-prototypes -Wwrite-strings -D_XOPEN_SOURCE=500 -D_BSD_SOURCE -O2    conftest.c >&5
configure:6387: $? = 0
configure:6390: test -s conftest.o
configure:6393: $? = 0
configure:6404: result: yes
configure:6367: checking for unistd.h
configure:6384: gcc -c -ansi -W -Wall -pedantic -Wshadow -Wpointer-arith -Wmissing-prototypes -Wwrite-strings -D_XOPEN_SOURCE=500 -D_BSD_SOURCE -O2    conftest.c >&5
configure:6387: $? = 0
configure:6390: test -s conftest.o
configure:6393: $? = 0
configure:6404: result: yes
configure:6430: checking dlfcn.h usability
configure:6443: gcc -c -ansi -W -Wall -pedantic -Wshadow -Wpointer-arith -Wmissing-prototypes -Wwrite-strings -D_XOPEN_SOURCE=500 -D_BSD_SOURCE -O2    conftest.c >&5
configure:6446: $? = 0
configure:6449: test -s conftest.o
configure:6452: $? = 0
configure:6462: result: yes
configure:6466: checking dlfcn.h presence
configure:6477: cpp  conftest.c
configure:6483: $? = 0
configure:6502: result: yes
configure:6538: checking for dlfcn.h
configure:6545: result: yes
configure:6562: checking the maximum length of command line arguments
configure:6610: result: 32768

## ---------------- ##
## Cache variables. ##
## ---------------- ##

ac_cv_build=i386-pc-linux-gnu
ac_cv_build_alias=i386-linux
ac_cv_c_compiler_gnu=yes
ac_cv_cxx_compiler_gnu=yes
ac_cv_env_CC_set=set
ac_cv_env_CC_value=gcc
ac_cv_env_CFLAGS_set=set
ac_cv_env_CFLAGS_value=
ac_cv_env_CPPFLAGS_set=set
ac_cv_env_CPPFLAGS_value=
ac_cv_env_CPP_set=set
ac_cv_env_CPP_value=cpp
ac_cv_env_CXXCPP_set=
ac_cv_env_CXXCPP_value=
ac_cv_env_CXXFLAGS_set=set
ac_cv_env_CXXFLAGS_value='-O0 -Wall '
ac_cv_env_CXX_set=set
ac_cv_env_CXX_value=g++
ac_cv_env_LDFLAGS_set=set
ac_cv_env_LDFLAGS_value=
ac_cv_env_build_alias_set=set
ac_cv_env_build_alias_value=i386-linux
ac_cv_env_host_alias_set=set
ac_cv_env_host_alias_value=i386-linux
ac_cv_env_target_alias_set=set
ac_cv_env_target_alias_value=i386-linux
ac_cv_exeext=
ac_cv_header_dlfcn_h=yes
ac_cv_header_inttypes_h=yes
ac_cv_header_memory_h=yes
ac_cv_header_stdc=yes
ac_cv_header_stdint_h=yes
ac_cv_header_stdlib_h=yes
ac_cv_header_string_h=yes
ac_cv_header_strings_h=yes
ac_cv_header_sys_stat_h=yes
ac_cv_header_sys_types_h=yes
ac_cv_header_unistd_h=yes
ac_cv_host=i386-pc-linux-gnu
ac_cv_host_alias=i386-linux
ac_cv_objext=o
ac_cv_path_install='/bin/install -c'
ac_cv_prog_AWK=gawk
ac_cv_prog_CC=gcc
ac_cv_prog_CPP=cpp
ac_cv_prog_CXX=g++
ac_cv_prog_CXXCPP='g++ -E'
ac_cv_prog_cc_g=yes
ac_cv_prog_cc_stdc=
ac_cv_prog_cxx_g=yes
ac_cv_prog_egrep='grep -E'
ac_cv_prog_make_make_set=yes
ac_cv_target=i386-pc-linux-gnu
ac_cv_target_alias=i386-linux
am_cv_CC_dependencies_compiler_type=gcc3
am_cv_CXX_dependencies_compiler_type=gcc3
kde_cv_prog_cxx_Wno_long_long=yes
kde_cv_prog_cxx_Wnon_virtual_dtor=yes
kde_cv_prog_cxx_Wundef=yes
kde_cv_prog_cxx_fexceptions=yes
kde_cv_prog_cxx_fno_check_new=yes
kde_cv_prog_cxx_fno_exceptions=yes
kde_cv_prog_cxx_frepo=yes
lt_cv_deplibs_check_method=pass_all
lt_cv_file_magic_cmd='$MAGIC_CMD'
lt_cv_file_magic_test_file='/lib/libc.so.6 /lib/libc-2.3.1.so'
lt_cv_ld_reload_flag=-r
lt_cv_path_LD=/usr/i686-pc-linux-gnu/bin/ld
lt_cv_path_NM=nm
lt_cv_path_SED=/bin/sed
lt_cv_prog_gnu_ld=yes
lt_cv_sys_max_cmd_len=32768

## ----------------- ##
## Output variables. ##
## ----------------- ##

ACLOCAL='${SHELL} /home/z9u2K/projects/kinneret/cvs/confwiz/admin/missing --run aclocal'
AMDEPBACKSLASH='\'
AMDEP_FALSE='#'
AMDEP_TRUE=''
AMTAR='${SHELL} /home/z9u2K/projects/kinneret/cvs/confwiz/admin/missing --run tar'
ARTSCCONFIG=''
AUTOCONF='${SHELL} /home/z9u2K/projects/kinneret/cvs/confwiz/admin/missing --run autoconf'
AUTODIRS=''
AUTOHEADER='${SHELL} /home/z9u2K/projects/kinneret/cvs/confwiz/admin/missing --run autoheader'
AUTOMAKE='${SHELL} /home/z9u2K/projects/kinneret/cvs/confwiz/admin/missing --run automake'
AWK='gawk'
CC='gcc'
CCDEPMODE='depmode=gcc3'
CFLAGS='-ansi -W -Wall -pedantic -Wshadow -Wpointer-arith -Wmissing-prototypes -Wwrite-strings -D_XOPEN_SOURCE=500 -D_BSD_SOURCE -O2  '
CONF_FILES=' $(top_srcdir)/./admin/configure.in.min $(top_srcdir)/configure.in.in'
CPP='cpp'
CPPFLAGS=''
CXX='g++'
CXXCPP='g++ -E'
CXXDEPMODE='depmode=gcc3'
CXXFLAGS='-Wnon-virtual-dtor -Wno-long-long -Wundef -Wall -pedantic -W -Wpointer-arith -Wmissing-prototypes -Wwrite-strings -ansi -D_XOPEN_SOURCE=500 -D_BSD_SOURCE -Wcast-align -Wconversion -O2 -O0 -Wall -fno-exceptions -fno-check-new'
DCOPIDL2CPP=''
DCOPIDL=''
DCOP_DEPENDENCIES=''
DEFS=''
DEPDIR='.deps'
ECHO='echo'
ECHO_C=''
ECHO_N='-n'
ECHO_T=''
EGREP='grep -E'
EXEEXT=''
FRAMEWORK_COREAUDIO=''
GMSGFMT=''
INSTALL_DATA='${INSTALL} -m 644'
INSTALL_PROGRAM='${INSTALL} $(INSTALL_STRIP_FLAG)'
INSTALL_SCRIPT='${INSTALL}'
INSTALL_STRIP_PROGRAM='${SHELL} $(install_sh) -c -s'
KDECONFIG=''
KDE_EXTRA_RPATH=''
KDE_INCLUDES=''
KDE_LDFLAGS=''
KDE_MT_LDFLAGS=''
KDE_MT_LIBS=''
KDE_PLUGIN=''
KDE_RPATH=''
KDE_USE_CLOSURE_FALSE='#'
KDE_USE_CLOSURE_TRUE=''
KDE_USE_FINAL_FALSE=''
KDE_USE_FINAL_TRUE='#'
KDE_XSL_STYLESHEET=''
LDFLAGS=''
LIBCOMPAT=''
LIBCRYPT=''
LIBDL=''
LIBJPEG=''
LIBOBJS=''
LIBPNG=''
LIBPTHREAD=''
LIBRESOLV=''
LIBS=''
LIBSM=''
LIBSOCKET=''
LIBTOOL=''
LIBUCB=''
LIBUTIL=''
LIBXINERAMA=''
LIBZ=''
LIB_KAB=''
LIB_KABC=''
LIB_KDECORE=''
LIB_KDEPRINT=''
LIB_KDEUI=''
LIB_KFILE=''
LIB_KFM=''
LIB_KHTML=''
LIB_KIO=''
LIB_KPARTS=''
LIB_KSPELL=''
LIB_KSYCOCA=''
LIB_POLL=''
LIB_QPE=''
LIB_QT=''
LIB_SMB=''
LIB_X11=''
LIB_XEXT=''
LN_S='ln -s'
LTLIBOBJS=''
MAKEINFO='${SHELL} /home/z9u2K/projects/kinneret/cvs/confwiz/admin/missing --run makeinfo'
MCOPIDL=''
MEINPROC=''
MOC=''
MSGFMT=''
NOOPT_CFLAGS='-O0'
NOOPT_CXXFLAGS='-O0'
NOREPO='-fno-repo'
OBJEXT='o'
PACKAGE='confwiz'
PACKAGE_BUGREPORT=''
PACKAGE_NAME=''
PACKAGE_STRING=''
PACKAGE_TARNAME=''
PACKAGE_VERSION=''
PATH_SEPARATOR=':'
QTE_NORTTI=''
QT_INCLUDES=''
QT_LDFLAGS=''
RANLIB=''
REPO='-frepo'
SET_MAKE=''
SHELL='/bin/sh'
STRIP=''
TOPSUBDIRS=''
UIC=''
UIC_TR=''
USER_INCLUDES=''
USER_LDFLAGS=''
USE_EXCEPTIONS='-fexceptions'
USE_RTTI=''
USE_THREADS=''
VERSION='0.3.1'
WOVERLOADED_VIRTUAL=''
XGETTEXT=''
X_EXTRA_LIBS=''
X_INCLUDES=''
X_LDFLAGS=''
X_PRE_LIBS=''
ac_ct_CC=''
ac_ct_CXX=''
ac_ct_RANLIB=''
ac_ct_STRIP=''
all_includes=''
all_libraries=''
am__include='include'
am__quote=''
bindir='${exec_prefix}/bin'
build='i386-pc-linux-gnu'
build_alias='i386-linux'
build_cpu='i386'
build_os='linux-gnu'
build_vendor='pc'
datadir='${prefix}/share'
exec_prefix='NONE'
host='i386-pc-linux-gnu'
host_alias='i386-linux'
host_cpu='i386'
host_os='linux-gnu'
host_vendor='pc'
includedir='${prefix}/include'
infodir='${prefix}/info'
install_sh='/home/z9u2K/projects/kinneret/cvs/confwiz/admin/install-sh'
kde_appsdir=''
kde_bindir=''
kde_confdir=''
kde_datadir=''
kde_htmldir=''
kde_icondir=''
kde_includes=''
kde_libraries=''
kde_libs_htmldir=''
kde_libs_prefix=''
kde_locale=''
kde_mimedir=''
kde_moduledir=''
kde_qtver=''
kde_servicesdir=''
kde_servicetypesdir=''
kde_sounddir=''
kde_styledir=''
kde_templatesdir=''
kde_wallpaperdir=''
kde_widgetdir=''
libdir='${exec_prefix}/lib'
libexecdir='${exec_prefix}/libexec'
localstatedir='${prefix}/var'
mandir='${prefix}/man'
oldincludedir='/usr/include'
prefix='/usr/kde/3.1'
program_transform_name='s,^,i386-linux-,'
qt_includes=''
qt_libraries=''
sbindir='${exec_prefix}/sbin'
sharedstatedir='${prefix}/com'
sysconfdir='${prefix}/etc'
target='i386-pc-linux-gnu'
target_alias='i386-linux'
target_cpu='i386'
target_os='linux-gnu'
target_vendor='pc'
x_includes='NONE'
x_libraries='NONE'

## ----------- ##
## confdefs.h. ##
## ----------- ##

#define HAVE_DLFCN_H 1
#define HAVE_INTTYPES_H 1
#define HAVE_MEMORY_H 1
#define HAVE_STDINT_H 1
#define HAVE_STDLIB_H 1
#define HAVE_STRINGS_H 1
#define HAVE_STRING_H 1
#define HAVE_SYS_STAT_H 1
#define HAVE_SYS_TYPES_H 1
#define HAVE_TEMPLATE_REPOSITORY 1
#define HAVE_UNISTD_H 1
#define KDELIBSUFF ""
#define PACKAGE "confwiz"
#define PACKAGE_BUGREPORT ""
#define PACKAGE_NAME ""
#define PACKAGE_STRING ""
#define PACKAGE_TARNAME ""
#define PACKAGE_VERSION ""
#define STDC_HEADERS 1
#define VERSION "0.3.1"
#endif
#ifdef __cplusplus
#include <stdlib.h>

configure: caught signal 13
configure: exit 1

## ---------------------- ##
## Running config.status. ##
## ---------------------- ##

This file was extended by config.status, which was
generated by GNU Autoconf 2.57.  Invocation command line was

  CONFIG_FILES    = scripts/Makefile
  CONFIG_HEADERS  = 
  CONFIG_LINKS    = 
  CONFIG_COMMANDS = 
  $ ./config.status 

on mainbrain

config.status:945: executing default-1 commands

## ---------------------- ##
## Running config.status. ##
## ---------------------- ##

This file was extended by config.status, which was
generated by GNU Autoconf 2.57.  Invocation command line was

  CONFIG_FILES    = doc/Makefile
  CONFIG_HEADERS  = 
  CONFIG_LINKS    = 
  CONFIG_COMMANDS = 
  $ ./config.status 

on mainbrain

config.status:945: executing default-1 commands

## ---------------------- ##
## Running config.status. ##
## ---------------------- ##

This file was extended by config.status, which was
generated by GNU Autoconf 2.57.  Invocation command line was

  CONFIG_FILES    = doc/en/Makefile
  CONFIG_HEADERS  = 
  CONFIG_LINKS    = 
  CONFIG_COMMANDS = 
  $ ./config.status 

on mainbrain

config.status:945: executing default-1 commands

## ---------------------- ##
## Running config.status. ##
## ---------------------- ##

This file was extended by config.status, which was
generated by GNU Autoconf 2.57.  Invocation command line was

  CONFIG_FILES    = po/Makefile
  CONFIG_HEADERS  = 
  CONFIG_LINKS    = 
  CONFIG_COMMANDS = 
  $ ./config.status 

on mainbrain

config.status:945: executing default-1 commands

## ---------------------- ##
## Running config.status. ##
## ---------------------- ##

This file was extended by config.status, which was
generated by GNU Autoconf 2.57.  Invocation command line was

  CONFIG_FILES    = confwiz/Makefile
  CONFIG_HEADERS  = 
  CONFIG_LINKS    = 
  CONFIG_COMMANDS = 
  $ ./config.status 

on mainbrain

config.status:945: executing default-1 commands

## ---------------------- ##
## Running config.status. ##
## ---------------------- ##

This file was extended by config.status, which was
generated by GNU Autoconf 2.57.  Invocation command line was

  CONFIG_FILES    = Makefile
  CONFIG_HEADERS  = 
  CONFIG_LINKS    = 
  CONFIG_COMMANDS = 
  $ ./config.status 

on mainbrain

config.status:945: executing default-1 commands

## ---------------------- ##
## Running config.status. ##
## ---------------------- ##

This file was extended by config.status, which was
generated by GNU Autoconf 2.57.  Invocation command line was

  CONFIG_FILES    = 
  CONFIG_HEADERS  = config.h
  CONFIG_LINKS    = 
  CONFIG_COMMANDS = 
  $ ./config.status 

on mainbrain

config.status:698: creating config.h
config.status:839: config.h is unchanged
config.status:945: executing default-1 commands
