This file contains any messages produced by compilers while
running configure, to aid debugging if configure makes a mistake.

It was created by configure, which was
generated by GNU Autoconf 2.57.  Invocation command line was

  $ ./configure 

## --------- ##
## Platform. ##
## --------- ##

hostname = linux
uname -m = i686
uname -r = 2.4.20-4GB-athlon
uname -s = Linux
uname -v = #1 Wed Jun 18 07:44:55 UTC 2003

/usr/bin/uname -p = unknown
/bin/uname -X     = unknown

/bin/arch              = i686
/usr/bin/arch -k       = unknown
/usr/convex/getsysinfo = unknown
hostinfo               = unknown
/bin/machine           = unknown
/usr/bin/oslevel       = unknown
/bin/universe          = unknown

PATH: /usr/local/bin
PATH: /usr/bin
PATH: /usr/X11R6/bin
PATH: /bin
PATH: /usr/games
PATH: /opt/gnome2/bin
PATH: /opt/gnome/bin
PATH: /opt/kde3/bin
PATH: /opt/gnome/bin


## ----------- ##
## Core tests. ##
## ----------- ##

configure:1510: checking build system type
configure:1528: result: i686-pc-linux-gnu
configure:1536: checking host system type
configure:1550: result: i686-pc-linux-gnu
configure:1558: checking target system type
configure:1572: result: i686-pc-linux-gnu
configure:1618: checking for a BSD-compatible install
configure:1672: result: /usr/bin/install -c
configure:1687: checking for -p flag to install
configure:1700: result: yes
configure:1711: checking whether build environment is sane
configure:1754: result: yes
configure:1774: checking for gawk
configure:1790: found /usr/bin/gawk
configure:1800: result: gawk
configure:1810: checking whether make sets $(MAKE)
configure:1830: result: yes
configure:2042: checking for style of include used by make
configure:2070: result: GNU
configure:2226: checking for gcc
configure:2242: found /usr/bin/gcc
configure:2252: result: gcc
configure:2496: checking for C compiler version
configure:2499: gcc --version </dev/null >&5
gcc (GCC) 3.3 20030226 (prerelease) (SuSE Linux)
Copyright (C) 2002 Free Software Foundation, Inc.
This is free software; see the source for copying conditions.  There is NO
warranty; not even for MERCHANTABILITY or FITNESS FOR A PARTICULAR PURPOSE.

configure:2502: $? = 0
configure:2504: gcc -v </dev/null >&5
Reading specs from /usr/lib/gcc-lib/i486-suse-linux/3.3/specs
Configured with: ../configure --enable-threads=posix --prefix=/usr --with-local-prefix=/usr/local --infodir=/usr/share/info --mandir=/usr/share/man --libdir=/usr/lib --enable-languages=c,c++,f77,objc,java,ada --disable-checking --enable-libgcj --with-gxx-include-dir=/usr/include/g++ --with-slibdir=/lib --with-system-zlib --enable-shared --enable-__cxa_atexit i486-suse-linux
Thread model: posix
gcc version 3.3 20030226 (prerelease) (SuSE Linux)
configure:2507: $? = 0
configure:2509: gcc -V </dev/null >&5
gcc: `-V' option must have argument
configure:2512: $? = 1
configure:2536: checking for C compiler default output
configure:2539: gcc     conftest.c  >&5
configure:2542: $? = 0
configure:2588: result: a.out
configure:2593: checking whether the C compiler works
configure:2599: ./a.out
configure:2602: $? = 0
configure:2619: result: yes
configure:2626: checking whether we are cross compiling
configure:2628: result: no
configure:2631: checking for suffix of executables
configure:2633: gcc -o conftest     conftest.c  >&5
configure:2636: $? = 0
configure:2661: result: 
configure:2667: checking for suffix of object files
configure:2689: gcc -c    conftest.c >&5
configure:2692: $? = 0
configure:2714: result: o
configure:2718: checking whether we are using the GNU C compiler
configure:2743: gcc -c    conftest.c >&5
configure:2746: $? = 0
configure:2749: test -s conftest.o
configure:2752: $? = 0
configure:2765: result: yes
configure:2771: checking whether gcc accepts -g
configure:2793: gcc -c -g  conftest.c >&5
configure:2796: $? = 0
configure:2799: test -s conftest.o
configure:2802: $? = 0
configure:2813: result: yes
configure:2830: checking for gcc option to accept ANSI C
configure:2891: gcc  -c    conftest.c >&5
configure:2894: $? = 0
configure:2897: test -s conftest.o
configure:2900: $? = 0
configure:2918: result: none needed
configure:2936: gcc -c    conftest.c >&5
conftest.c:2: error: parse error before "me"
configure:2939: $? = 1
configure: failed program was:
| #ifndef __cplusplus
|   choke me
| #endif
configure:3050: checking dependency style of gcc
configure:3112: result: gcc3
configure:3135: checking how to run the C preprocessor
configure:3171: gcc -E  conftest.c
configure:3177: $? = 0
configure:3209: gcc -E  conftest.c
configure:3210:28: ac_nonexistent.h: No such file or directory
configure:3215: $? = 1
configure: failed program was:
| #line 3200 "configure"
| /* confdefs.h.  */
| 
| #define PACKAGE_NAME ""
| #define PACKAGE_TARNAME ""
| #define PACKAGE_VERSION ""
| #define PACKAGE_STRING ""
| #define PACKAGE_BUGREPORT ""
| #define PACKAGE "l2swim"
| #define VERSION "0.3b2"
| /* end confdefs.h.  */
| #include <ac_nonexistent.h>
configure:3253: result: gcc -E
configure:3278: gcc -E  conftest.c
configure:3284: $? = 0
configure:3316: gcc -E  conftest.c
configure:3317:28: ac_nonexistent.h: No such file or directory
configure:3322: $? = 1
configure: failed program was:
| #line 3307 "configure"
| /* confdefs.h.  */
| 
| #define PACKAGE_NAME ""
| #define PACKAGE_TARNAME ""
| #define PACKAGE_VERSION ""
| #define PACKAGE_STRING ""
| #define PACKAGE_BUGREPORT ""
| #define PACKAGE "l2swim"
| #define VERSION "0.3b2"
| /* end confdefs.h.  */
| #include <ac_nonexistent.h>
configure:3445: checking for g++
configure:3461: found /usr/bin/g++
configure:3471: result: g++
configure:3487: checking for C++ compiler version
configure:3490: g++ --version </dev/null >&5
g++ (GCC) 3.3 20030226 (prerelease) (SuSE Linux)
Copyright (C) 2002 Free Software Foundation, Inc.
This is free software; see the source for copying conditions.  There is NO
warranty; not even for MERCHANTABILITY or FITNESS FOR A PARTICULAR PURPOSE.

configure:3493: $? = 0
configure:3495: g++ -v </dev/null >&5
Reading specs from /usr/lib/gcc-lib/i486-suse-linux/3.3/specs
Configured with: ../configure --enable-threads=posix --prefix=/usr --with-local-prefix=/usr/local --infodir=/usr/share/info --mandir=/usr/share/man --libdir=/usr/lib --enable-languages=c,c++,f77,objc,java,ada --disable-checking --enable-libgcj --with-gxx-include-dir=/usr/include/g++ --with-slibdir=/lib --with-system-zlib --enable-shared --enable-__cxa_atexit i486-suse-linux
Thread model: posix
gcc version 3.3 20030226 (prerelease) (SuSE Linux)
configure:3498: $? = 0
configure:3500: g++ -V </dev/null >&5
g++: `-V' option must have argument
configure:3503: $? = 1
configure:3506: checking whether we are using the GNU C++ compiler
configure:3531: g++ -c    conftest.cc >&5
configure:3534: $? = 0
configure:3537: test -s conftest.o
configure:3540: $? = 0
configure:3553: result: yes
configure:3559: checking whether g++ accepts -g
configure:3581: g++ -c -g  conftest.cc >&5
configure:3584: $? = 0
configure:3587: test -s conftest.o
configure:3590: $? = 0
configure:3601: result: yes
configure:3645: g++ -c    conftest.cc >&5
configure:3648: $? = 0
configure:3651: test -s conftest.o
configure:3654: $? = 0
configure:3681: g++ -c    conftest.cc >&5
configure: In function `int main()':
configure:3678: error: `exit' undeclared (first use this function)
configure:3678: error: (Each undeclared identifier is reported only once for 
   each function it appears in.)
configure:3684: $? = 1
configure: failed program was:
| #line 3664 "configure"
| /* confdefs.h.  */
| 
| #define PACKAGE_NAME ""
| #define PACKAGE_TARNAME ""
| #define PACKAGE_VERSION ""
| #define PACKAGE_STRING ""
| #define PACKAGE_BUGREPORT ""
| #define PACKAGE "l2swim"
| #define VERSION "0.3b2"
| /* end confdefs.h.  */
| 
| int
| main ()
| {
| exit (42);
|   ;
|   return 0;
| }
configure:3645: g++ -c    conftest.cc >&5
configure:3648: $? = 0
configure:3651: test -s conftest.o
configure:3654: $? = 0
configure:3681: g++ -c    conftest.cc >&5
configure:3684: $? = 0
configure:3687: test -s conftest.o
configure:3690: $? = 0
configure:3715: checking dependency style of g++
configure:3777: result: gcc3
configure:4157: checking whether g++ supports -Wundef
configure:4194: rm -rf SunWS_cache; g++ -o conftest -Wall -pedantic -W -Wpointer-arith -Wmissing-prototypes -Wwrite-strings -ansi -D_XOPEN_SOURCE=500 -D_BSD_SOURCE -Wcast-align -Wconversion -O2   -Wundef   conftest.cc  1>&5
configure:4197: $? = 0
configure:4200: test -s conftest
configure:4203: $? = 0
configure:4223: result: yes
configure:4235: checking whether g++ supports -Wno-long-long
configure:4272: rm -rf SunWS_cache; g++ -o conftest -Wundef -Wall -pedantic -W -Wpointer-arith -Wmissing-prototypes -Wwrite-strings -ansi -D_XOPEN_SOURCE=500 -D_BSD_SOURCE -Wcast-align -Wconversion -O2   -Wno-long-long   conftest.cc  1>&5
configure:4275: $? = 0
configure:4278: test -s conftest
configure:4281: $? = 0
configure:4301: result: yes
configure:4313: checking whether g++ supports -Wnon-virtual-dtor
configure:4350: rm -rf SunWS_cache; g++ -o conftest -Wno-long-long -Wundef -Wall -pedantic -W -Wpointer-arith -Wmissing-prototypes -Wwrite-strings -ansi -D_XOPEN_SOURCE=500 -D_BSD_SOURCE -Wcast-align -Wconversion -O2   -Wnon-virtual-dtor   conftest.cc  1>&5
configure:4353: $? = 0
configure:4356: test -s conftest
configure:4359: $? = 0
configure:4379: result: yes
configure:4399: checking whether g++ supports -fno-exceptions
configure:4436: rm -rf SunWS_cache; g++ -o conftest -Wnon-virtual-dtor -Wno-long-long -Wundef -Wall -pedantic -W -Wpointer-arith -Wmissing-prototypes -Wwrite-strings -ansi -D_XOPEN_SOURCE=500 -D_BSD_SOURCE -Wcast-align -Wconversion -O2   -fno-exceptions   conftest.cc  1>&5
configure:4439: $? = 0
configure:4442: test -s conftest
configure:4445: $? = 0
configure:4465: result: yes
configure:4477: checking whether g++ supports -fno-check-new
configure:4514: rm -rf SunWS_cache; g++ -o conftest -Wnon-virtual-dtor -Wno-long-long -Wundef -Wall -pedantic -W -Wpointer-arith -Wmissing-prototypes -Wwrite-strings -ansi -D_XOPEN_SOURCE=500 -D_BSD_SOURCE -Wcast-align -Wconversion -O2   -fno-exceptions -fno-check-new   conftest.cc  1>&5
configure:4517: $? = 0
configure:4520: test -s conftest
configure:4523: $? = 0
configure:4543: result: yes
configure:4555: checking whether g++ supports -fexceptions
configure:4592: rm -rf SunWS_cache; g++ -o conftest -Wnon-virtual-dtor -Wno-long-long -Wundef -Wall -pedantic -W -Wpointer-arith -Wmissing-prototypes -Wwrite-strings -ansi -D_XOPEN_SOURCE=500 -D_BSD_SOURCE -Wcast-align -Wconversion -O2   -fno-exceptions -fno-check-new -fexceptions   conftest.cc  1>&5
configure:4595: $? = 0
configure:4598: test -s conftest
configure:4601: $? = 0
configure:4621: result: yes
configure:5222: checking how to run the C++ preprocessor
configure:5254: g++ -E  conftest.cc
configure:5260: $? = 0
configure:5292: g++ -E  conftest.cc
configure:5296:28: ac_nonexistent.h: No such file or directory
configure:5298: $? = 1
configure: failed program was:
| #line 5283 "configure"
| /* confdefs.h.  */
| 
| #define PACKAGE_NAME ""
| #define PACKAGE_TARNAME ""
| #define PACKAGE_VERSION ""
| #define PACKAGE_STRING ""
| #define PACKAGE_BUGREPORT ""
| #define PACKAGE "l2swim"
| #define VERSION "0.3b2"
| #ifdef __cplusplus
| #include <stdlib.h>
| #endif
| /* end confdefs.h.  */
| #include <ac_nonexistent.h>
configure:5336: result: g++ -E
configure:5361: g++ -E  conftest.cc
configure:5367: $? = 0
configure:5399: g++ -E  conftest.cc
configure:5403:28: ac_nonexistent.h: No such file or directory
configure:5405: $? = 1
configure: failed program was:
| #line 5390 "configure"
| /* confdefs.h.  */
| 
| #define PACKAGE_NAME ""
| #define PACKAGE_TARNAME ""
| #define PACKAGE_VERSION ""
| #define PACKAGE_STRING ""
| #define PACKAGE_BUGREPORT ""
| #define PACKAGE "l2swim"
| #define VERSION "0.3b2"
| #ifdef __cplusplus
| #include <stdlib.h>
| #endif
| /* end confdefs.h.  */
| #include <ac_nonexistent.h>
configure:5470: checking whether g++ supports -frepo
configure:5507: rm -rf SunWS_cache; g++ -o conftest -Wnon-virtual-dtor -Wno-long-long -Wundef -Wall -pedantic -W -Wpointer-arith -Wmissing-prototypes -Wwrite-strings -ansi -D_XOPEN_SOURCE=500 -D_BSD_SOURCE -Wcast-align -Wconversion -O2 -fno-exceptions -fno-check-new -frepo   conftest.cc  1>&5
conftest.cc:1: warning: -frepo must be used with -c
configure:5510: $? = 0
configure:5513: test -s conftest
configure:5516: $? = 0
configure:5536: result: yes
configure:5744: result: not using lib directory suffix
configure:5800: checking for ld used by GCC
configure:5864: result: /usr/i486-suse-linux/bin/ld
configure:5873: checking if the linker (/usr/i486-suse-linux/bin/ld) is GNU ld
GNU ld version 2.13.90.0.18 20030121 (SuSE Linux)
configure:5885: result: yes
configure:5890: checking for /usr/i486-suse-linux/bin/ld option to reload object files
configure:5897: result: -r
configure:5906: checking for BSD-compatible nm
configure:5941: result: /usr/bin/nm -B
configure:5945: checking for a sed that does not truncate output
configure:6021: result: 
configure:6024: checking whether ln -s works
configure:6028: result: yes
configure:6035: checking how to recognise dependant libraries
configure:6222: result: pass_all
configure:6292: gcc -c -ansi -W -Wall -pedantic -Wshadow -Wpointer-arith -Wmissing-prototypes -Wwrite-strings -D_XOPEN_SOURCE=500 -D_BSD_SOURCE -O2    conftest.c >&5
configure:6295: $? = 0
configure:6381: checking for egrep
configure:6391: result: grep -E
configure:6396: checking for ANSI C header files
configure:6422: gcc -c -ansi -W -Wall -pedantic -Wshadow -Wpointer-arith -Wmissing-prototypes -Wwrite-strings -D_XOPEN_SOURCE=500 -D_BSD_SOURCE -O2    conftest.c >&5
configure:6425: $? = 0
configure:6428: test -s conftest.o
configure:6431: $? = 0
configure:6520: gcc -o conftest -ansi -W -Wall -pedantic -Wshadow -Wpointer-arith -Wmissing-prototypes -Wwrite-strings -D_XOPEN_SOURCE=500 -D_BSD_SOURCE -O2     conftest.c  >&5
configure: In function `main':
configure:6523: warning: implicit declaration of function `exit'
configure:6523: $? = 0
configure:6525: ./conftest
configure:6528: $? = 0
configure:6543: result: yes
configure:6567: checking for sys/types.h
configure:6584: gcc -c -ansi -W -Wall -pedantic -Wshadow -Wpointer-arith -Wmissing-prototypes -Wwrite-strings -D_XOPEN_SOURCE=500 -D_BSD_SOURCE -O2    conftest.c >&5
configure:6587: $? = 0
configure:6590: test -s conftest.o
configure:6593: $? = 0
configure:6604: result: yes
configure:6567: checking for sys/stat.h
configure:6584: gcc -c -ansi -W -Wall -pedantic -Wshadow -Wpointer-arith -Wmissing-prototypes -Wwrite-strings -D_XOPEN_SOURCE=500 -D_BSD_SOURCE -O2    conftest.c >&5
configure:6587: $? = 0
configure:6590: test -s conftest.o
configure:6593: $? = 0
configure:6604: result: yes
configure:6567: checking for stdlib.h
configure:6584: gcc -c -ansi -W -Wall -pedantic -Wshadow -Wpointer-arith -Wmissing-prototypes -Wwrite-strings -D_XOPEN_SOURCE=500 -D_BSD_SOURCE -O2    conftest.c >&5
configure:6587: $? = 0
configure:6590: test -s conftest.o
configure:6593: $? = 0
configure:6604: result: yes
configure:6567: checking for string.h
configure:6584: gcc -c -ansi -W -Wall -pedantic -Wshadow -Wpointer-arith -Wmissing-prototypes -Wwrite-strings -D_XOPEN_SOURCE=500 -D_BSD_SOURCE -O2    conftest.c >&5
configure:6587: $? = 0
configure:6590: test -s conftest.o
configure:6593: $? = 0
configure:6604: result: yes
configure:6567: checking for memory.h
configure:6584: gcc -c -ansi -W -Wall -pedantic -Wshadow -Wpointer-arith -Wmissing-prototypes -Wwrite-strings -D_XOPEN_SOURCE=500 -D_BSD_SOURCE -O2    conftest.c >&5
configure:6587: $? = 0
configure:6590: test -s conftest.o
configure:6593: $? = 0
configure:6604: result: yes
configure:6567: checking for strings.h
configure:6584: gcc -c -ansi -W -Wall -pedantic -Wshadow -Wpointer-arith -Wmissing-prototypes -Wwrite-strings -D_XOPEN_SOURCE=500 -D_BSD_SOURCE -O2    conftest.c >&5
configure:6587: $? = 0
configure:6590: test -s conftest.o
configure:6593: $? = 0
configure:6604: result: yes
configure:6567: checking for inttypes.h
configure:6584: gcc -c -ansi -W -Wall -pedantic -Wshadow -Wpointer-arith -Wmissing-prototypes -Wwrite-strings -D_XOPEN_SOURCE=500 -D_BSD_SOURCE -O2    conftest.c >&5
configure:6587: $? = 0
configure:6590: test -s conftest.o
configure:6593: $? = 0
configure:6604: result: yes
configure:6567: checking for stdint.h
configure:6584: gcc -c -ansi -W -Wall -pedantic -Wshadow -Wpointer-arith -Wmissing-prototypes -Wwrite-strings -D_XOPEN_SOURCE=500 -D_BSD_SOURCE -O2    conftest.c >&5
configure:6587: $? = 0
configure:6590: test -s conftest.o
configure:6593: $? = 0
configure:6604: result: yes
configure:6567: checking for unistd.h
configure:6584: gcc -c -ansi -W -Wall -pedantic -Wshadow -Wpointer-arith -Wmissing-prototypes -Wwrite-strings -D_XOPEN_SOURCE=500 -D_BSD_SOURCE -O2    conftest.c >&5
configure:6587: $? = 0
configure:6590: test -s conftest.o
configure:6593: $? = 0
configure:6604: result: yes
configure:6630: checking dlfcn.h usability
configure:6643: gcc -c -ansi -W -Wall -pedantic -Wshadow -Wpointer-arith -Wmissing-prototypes -Wwrite-strings -D_XOPEN_SOURCE=500 -D_BSD_SOURCE -O2    conftest.c >&5
configure:6646: $? = 0
configure:6649: test -s conftest.o
configure:6652: $? = 0
configure:6662: result: yes
configure:6666: checking dlfcn.h presence
configure:6677: gcc -E  conftest.c
configure:6683: $? = 0
configure:6702: result: yes
configure:6738: checking for dlfcn.h
configure:6745: result: yes
configure:6762: checking the maximum length of command line arguments
configure:6810: result: 32768
configure:6821: checking command to parse /usr/bin/nm -B output from gcc object
configure:6906: gcc -c -ansi -W -Wall -pedantic -Wshadow -Wpointer-arith -Wmissing-prototypes -Wwrite-strings -D_XOPEN_SOURCE=500 -D_BSD_SOURCE -O2    conftest.c >&5
conftest.c:5: warning: no previous prototype for `nm_test_func'
configure:6909: $? = 0
configure:6913: /usr/bin/nm -B conftest.o \| sed -n -e 's/^.*[ 	]\([ABCDGISTW][ABCDGISTW]*\)[ 	][ 	]*\(\)\([_A-Za-z][_A-Za-z0-9]*\)$/\1 \2\3 \3/p' \> conftest.nm
configure:6916: $? = 0
configure:6968: gcc -o conftest -ansi -W -Wall -pedantic -Wshadow -Wpointer-arith -Wmissing-prototypes -Wwrite-strings -D_XOPEN_SOURCE=500 -D_BSD_SOURCE -O2     conftest.c conftstm.o >&5
configure:6971: $? = 0
configure:7009: result: ok
configure:7013: checking for objdir
configure:7028: result: .libs
configure:7118: checking for ranlib
configure:7134: found /usr/bin/ranlib
configure:7145: result: ranlib
configure:7198: checking for strip
configure:7214: found /usr/bin/strip
configure:7225: result: strip
configure:7488: checking if gcc static flag  works
conftest.c:1: warning: return type defaults to `int'
configure:7511: result: no
configure:7528: checking if gcc supports -fno-rtti -fno-exceptions
cc1: warning: "-frtti" is valid for C++ but not for C/ObjC
cc1: warning: "-frtti" is valid for C++ but not for C/ObjC
configure:7552: result: no
configure:7567: checking for gcc option to produce PIC
configure:7720: result: -fPIC
configure:7727: checking if gcc PIC flag -fPIC works
configure:7751: result: yes
configure:7775: checking if gcc supports -c -o file.o
configure:7816: result: yes
configure:7842: checking whether the gcc linker (/usr/i486-suse-linux/bin/ld) supports shared libraries
configure:8625: result: yes
configure:8647: checking whether -lc should be explicitly linked in
configure:8652: gcc -c -ansi -W -Wall -pedantic -Wshadow -Wpointer-arith -Wmissing-prototypes -Wwrite-strings -D_XOPEN_SOURCE=500 -D_BSD_SOURCE -O2    conftest.c >&5
conftest.c:1: warning: `dummy' defined but not used
configure:8655: $? = 0
configure:8669: gcc -shared conftest.o  -v -Wl,-soname -Wl,conftest -o conftest 2\>\&1 \| grep  -lc  \>/dev/null 2\>\&1
configure:8672: $? = 0
configure:8684: result: no
configure:8690: checking how to hardcode library paths into programs
configure:8714: result: immediate
configure:8728: checking whether stripping libraries is possible
configure:8733: result: yes
configure:8740: checking dynamic linker characteristics
configure:9191: result: GNU/Linux ld.so
configure:9844: checking if libtool supports shared libraries
configure:9846: result: yes
configure:9849: checking whether to build shared libraries
configure:9870: result: yes
configure:9873: checking whether to build static libraries
configure:9877: result: no
configure:9956: creating libtool
configure:10681: checking whether the g++ linker (/usr/i486-suse-linux/bin/ld) supports shared libraries
configure:11336: result: yes
configure:11353: g++ -c -Wnon-virtual-dtor -Wno-long-long -Wundef -Wall -pedantic -W -Wpointer-arith -Wmissing-prototypes -Wwrite-strings -ansi -D_XOPEN_SOURCE=500 -D_BSD_SOURCE -Wcast-align -Wconversion -O2 -fno-exceptions -fno-check-new  conftest.cc >&5
configure:11356: $? = 0
configure:11456: checking for g++ option to produce PIC
configure:11692: result: -fPIC
configure:11699: checking if g++ PIC flag -fPIC works
configure:11723: result: yes
configure:11747: checking if g++ supports -c -o file.o
configure:11788: result: yes
configure:11814: checking whether the g++ linker (/usr/i486-suse-linux/bin/ld) supports shared libraries
configure:11836: result: yes
configure:11858: checking whether -lc should be explicitly linked in
configure:11863: g++ -c -Wnon-virtual-dtor -Wno-long-long -Wundef -Wall -pedantic -W -Wpointer-arith -Wmissing-prototypes -Wwrite-strings -ansi -D_XOPEN_SOURCE=500 -D_BSD_SOURCE -Wcast-align -Wconversion -O2 -fno-exceptions -fno-check-new  conftest.cc >&5
conftest.cc:1: warning: `int dummy' defined but not used
configure:11866: $? = 0
configure:11880: g++ -shared -nostdlib  conftest.o   -v -Wl,-soname -Wl,conftest -o conftest 2\>\&1 \| grep  -lc  \>/dev/null 2\>\&1
configure:11883: $? = 1
configure:11895: result: yes
configure:11901: checking how to hardcode library paths into programs
configure:11925: result: immediate
configure:11939: checking whether stripping libraries is possible
configure:11944: result: yes
configure:11951: checking dynamic linker characteristics
configure:12402: result: GNU/Linux ld.so
configure:13471: checking if gcj supports -fno-rtti -fno-exceptions
configure:13495: result: no
configure:13510: checking for gcj option to produce PIC
configure:13663: result: -fPIC
configure:13670: checking if gcj PIC flag -fPIC works
configure:13694: result: no
configure:13718: checking if gcj supports -c -o file.o
configure:13759: result: no
configure:13785: checking whether the gcj linker (/usr/i486-suse-linux/bin/ld) supports shared libraries
configure:14568: result: yes
configure:14590: checking whether -lc should be explicitly linked in
configure:14595: gcj -c -ansi -W -Wall -pedantic -Wshadow -Wpointer-arith -Wmissing-prototypes -Wwrite-strings -D_XOPEN_SOURCE=500 -D_BSD_SOURCE -O2    conftest.java >&5
./configure: line 1: gcj: command not found
configure:14598: $? = 127
configure:14627: result: yes
configure:14633: checking how to hardcode library paths into programs
configure:14657: result: immediate
configure:14671: checking whether stripping libraries is possible
configure:14676: result: yes
configure:14683: checking dynamic linker characteristics
configure:15134: result: GNU/Linux ld.so
configure:16679: checking for msgfmt
configure:16706: result: /usr/bin/msgfmt
configure:16715: checking for gmsgfmt
configure:16746: result: /usr/bin/msgfmt
configure:16765: checking for xgettext
configure:16792: result: /usr/bin/xgettext
configure:16891: checking for main in -lutil
configure:16916: gcc -o conftest -ansi -W -Wall -pedantic -Wshadow -Wpointer-arith -Wmissing-prototypes -Wwrite-strings -D_XOPEN_SOURCE=500 -D_BSD_SOURCE -O2     conftest.c -lutil   >&5
configure:16919: $? = 0
configure:16922: test -s conftest
configure:16925: $? = 0
configure:16937: result: yes
configure:16943: checking for main in -lcompat
configure:16968: gcc -o conftest -ansi -W -Wall -pedantic -Wshadow -Wpointer-arith -Wmissing-prototypes -Wwrite-strings -D_XOPEN_SOURCE=500 -D_BSD_SOURCE -O2     conftest.c -lcompat   >&5
/usr/lib/gcc-lib/i486-suse-linux/3.3/../../../../i486-suse-linux/bin/ld: cannot find -lcompat
collect2: ld returned 1 exit status
configure:16971: $? = 1
configure: failed program was:
| #line 16950 "configure"
| /* confdefs.h.  */
| 
| #define PACKAGE_NAME ""
| #define PACKAGE_TARNAME ""
| #define PACKAGE_VERSION ""
| #define PACKAGE_STRING ""
| #define PACKAGE_BUGREPORT ""
| #define PACKAGE "l2swim"
| #define VERSION "0.3b2"
| #ifdef __cplusplus
| #include <stdlib.h>
| #endif
| #define HAVE_TEMPLATE_REPOSITORY 1
| #define KDELIBSUFF ""
| #define STDC_HEADERS 1
| #define HAVE_SYS_TYPES_H 1
| #define HAVE_SYS_STAT_H 1
| #define HAVE_STDLIB_H 1
| #define HAVE_STRING_H 1
| #define HAVE_MEMORY_H 1
| #define HAVE_STRINGS_H 1
| #define HAVE_INTTYPES_H 1
| #define HAVE_STDINT_H 1
| #define HAVE_UNISTD_H 1
| #define HAVE_DLFCN_H 1
| /* end confdefs.h.  */
| 
| 
| int
| main ()
| {
| main ();
|   ;
|   return 0;
| }
configure:16989: result: no
configure:16996: checking for crypt in -lcrypt
configure:17027: gcc -o conftest -ansi -W -Wall -pedantic -Wshadow -Wpointer-arith -Wmissing-prototypes -Wwrite-strings -D_XOPEN_SOURCE=500 -D_BSD_SOURCE -O2     conftest.c -lcrypt   >&5
configure:17030: $? = 0
configure:17033: test -s conftest
configure:17036: $? = 0
configure:17048: result: yes
configure:17132: checking for socklen_t
configure:17172: g++ -c -Wnon-virtual-dtor -Wno-long-long -Wundef -Wall -pedantic -W -Wpointer-arith -Wmissing-prototypes -Wwrite-strings -ansi -D_XOPEN_SOURCE=500 -D_BSD_SOURCE -Wcast-align -Wconversion -O2 -fno-exceptions -fno-check-new  conftest.cc >&5
configure:17175: $? = 0
configure:17178: test -s conftest.o
configure:17181: $? = 0
configure:17244: result: socklen_t
configure:17266: checking for dnet_ntoa in -ldnet
configure:17297: gcc -o conftest -ansi -W -Wall -pedantic -Wshadow -Wpointer-arith -Wmissing-prototypes -Wwrite-strings -D_XOPEN_SOURCE=500 -D_BSD_SOURCE -O2     conftest.c -ldnet   >&5
/usr/lib/gcc-lib/i486-suse-linux/3.3/../../../../i486-suse-linux/bin/ld: cannot find -ldnet
collect2: ld returned 1 exit status
configure:17300: $? = 1
configure: failed program was:
| #line 17273 "configure"
| /* confdefs.h.  */
| 
| #define PACKAGE_NAME ""
| #define PACKAGE_TARNAME ""
| #define PACKAGE_VERSION ""
| #define PACKAGE_STRING ""
| #define PACKAGE_BUGREPORT ""
| #define PACKAGE "l2swim"
| #define VERSION "0.3b2"
| #ifdef __cplusplus
| #include <stdlib.h>
| #endif
| #define HAVE_TEMPLATE_REPOSITORY 1
| #define KDELIBSUFF ""
| #define STDC_HEADERS 1
| #define HAVE_SYS_TYPES_H 1
| #define HAVE_SYS_STAT_H 1
| #define HAVE_STDLIB_H 1
| #define HAVE_STRING_H 1
| #define HAVE_MEMORY_H 1
| #define HAVE_STRINGS_H 1
| #define HAVE_INTTYPES_H 1
| #define HAVE_STDINT_H 1
| #define HAVE_UNISTD_H 1
| #define HAVE_DLFCN_H 1
| #define HAVE_CRYPT 1
| #define ksize_t socklen_t
| /* end confdefs.h.  */
| 
| /* Override any gcc2 internal prototype to avoid an error.  */
| #ifdef __cplusplus
| extern "C"
| #endif
| /* We use char because int might match the return type of a gcc2
|    builtin and then its argument prototype would still apply.  */
| char dnet_ntoa ();
| int
| main ()
| {
| dnet_ntoa ();
|   ;
|   return 0;
| }
configure:17318: result: no
configure:17325: checking for dnet_ntoa in -ldnet_stub
configure:17356: gcc -o conftest -ansi -W -Wall -pedantic -Wshadow -Wpointer-arith -Wmissing-prototypes -Wwrite-strings -D_XOPEN_SOURCE=500 -D_BSD_SOURCE -O2     conftest.c -ldnet_stub   >&5
/usr/lib/gcc-lib/i486-suse-linux/3.3/../../../../i486-suse-linux/bin/ld: cannot find -ldnet_stub
collect2: ld returned 1 exit status
configure:17359: $? = 1
configure: failed program was:
| #line 17332 "configure"
| /* confdefs.h.  */
| 
| #define PACKAGE_NAME ""
| #define PACKAGE_TARNAME ""
| #define PACKAGE_VERSION ""
| #define PACKAGE_STRING ""
| #define PACKAGE_BUGREPORT ""
| #define PACKAGE "l2swim"
| #define VERSION "0.3b2"
| #ifdef __cplusplus
| #include <stdlib.h>
| #endif
| #define HAVE_TEMPLATE_REPOSITORY 1
| #define KDELIBSUFF ""
| #define STDC_HEADERS 1
| #define HAVE_SYS_TYPES_H 1
| #define HAVE_SYS_STAT_H 1
| #define HAVE_STDLIB_H 1
| #define HAVE_STRING_H 1
| #define HAVE_MEMORY_H 1
| #define HAVE_STRINGS_H 1
| #define HAVE_INTTYPES_H 1
| #define HAVE_STDINT_H 1
| #define HAVE_UNISTD_H 1
| #define HAVE_DLFCN_H 1
| #define HAVE_CRYPT 1
| #define ksize_t socklen_t
| /* end confdefs.h.  */
| 
| /* Override any gcc2 internal prototype to avoid an error.  */
| #ifdef __cplusplus
| extern "C"
| #endif
| /* We use char because int might match the return type of a gcc2
|    builtin and then its argument prototype would still apply.  */
| char dnet_ntoa ();
| int
| main ()
| {
| dnet_ntoa ();
|   ;
|   return 0;
| }
configure:17377: result: no
configure:17384: checking for inet_ntoa
configure:17434: gcc -o conftest -ansi -W -Wall -pedantic -Wshadow -Wpointer-arith -Wmissing-prototypes -Wwrite-strings -D_XOPEN_SOURCE=500 -D_BSD_SOURCE -O2     conftest.c  >&5
configure:17437: $? = 0
configure:17440: test -s conftest
configure:17443: $? = 0
configure:17454: result: yes
configure:17517: checking for connect
configure:17567: gcc -o conftest -ansi -W -Wall -pedantic -Wshadow -Wpointer-arith -Wmissing-prototypes -Wwrite-strings -D_XOPEN_SOURCE=500 -D_BSD_SOURCE -O2     conftest.c  >&5
configure:17570: $? = 0
configure:17573: test -s conftest
configure:17576: $? = 0
configure:17587: result: yes
configure:17651: checking for remove
configure:17701: gcc -o conftest -ansi -W -Wall -pedantic -Wshadow -Wpointer-arith -Wmissing-prototypes -Wwrite-strings -D_XOPEN_SOURCE=500 -D_BSD_SOURCE -O2     conftest.c  >&5
configure:17704: $? = 0
configure:17707: test -s conftest
configure:17710: $? = 0
configure:17721: result: yes
configure:17786: checking for shmat
configure:17836: gcc -o conftest -ansi -W -Wall -pedantic -Wshadow -Wpointer-arith -Wmissing-prototypes -Wwrite-strings -D_XOPEN_SOURCE=500 -D_BSD_SOURCE -O2     conftest.c  >&5
configure:17839: $? = 0
configure:17842: test -s conftest
configure:17845: $? = 0
configure:17856: result: yes
configure:17937: checking crt_externs.h usability
configure:17950: gcc -c -ansi -W -Wall -pedantic -Wshadow -Wpointer-arith -Wmissing-prototypes -Wwrite-strings -D_XOPEN_SOURCE=500 -D_BSD_SOURCE -O2    conftest.c >&5
configure:18001:25: crt_externs.h: No such file or directory
configure:17953: $? = 1
configure: failed program was:
| #line 17939 "configure"
| /* confdefs.h.  */
| 
| #define PACKAGE_NAME ""
| #define PACKAGE_TARNAME ""
| #define PACKAGE_VERSION ""
| #define PACKAGE_STRING ""
| #define PACKAGE_BUGREPORT ""
| #define PACKAGE "l2swim"
| #define VERSION "0.3b2"
| #ifdef __cplusplus
| #include <stdlib.h>
| #endif
| #define HAVE_TEMPLATE_REPOSITORY 1
| #define KDELIBSUFF ""
| #define STDC_HEADERS 1
| #define HAVE_SYS_TYPES_H 1
| #define HAVE_SYS_STAT_H 1
| #define HAVE_STDLIB_H 1
| #define HAVE_STRING_H 1
| #define HAVE_MEMORY_H 1
| #define HAVE_STRINGS_H 1
| #define HAVE_INTTYPES_H 1
| #define HAVE_STDINT_H 1
| #define HAVE_UNISTD_H 1
| #define HAVE_DLFCN_H 1
| #define HAVE_CRYPT 1
| #define ksize_t socklen_t
| /* end confdefs.h.  */
| #include <stdio.h>
| #if HAVE_SYS_TYPES_H
| # include <sys/types.h>
| #endif
| #if HAVE_SYS_STAT_H
| # include <sys/stat.h>
| #endif
| #if STDC_HEADERS
| # include <stdlib.h>
| # include <stddef.h>
| #else
| # if HAVE_STDLIB_H
| #  include <stdlib.h>
| # endif
| #endif
| #if HAVE_STRING_H
| # if !STDC_HEADERS && HAVE_MEMORY_H
| #  include <memory.h>
| # endif
| # include <string.h>
| #endif
| #if HAVE_STRINGS_H
| # include <strings.h>
| #endif
| #if HAVE_INTTYPES_H
| # include <inttypes.h>
| #else
| # if HAVE_STDINT_H
| #  include <stdint.h>
| # endif
| #endif
| #if HAVE_UNISTD_H
| # include <unistd.h>
| #endif
| #include <crt_externs.h>
configure:17969: result: no
configure:17973: checking crt_externs.h presence
configure:17984: gcc -E  conftest.c
configure:18003:25: crt_externs.h: No such file or directory
configure:17990: $? = 1
configure: failed program was:
| #line 17975 "configure"
| /* confdefs.h.  */
| 
| #define PACKAGE_NAME ""
| #define PACKAGE_TARNAME ""
| #define PACKAGE_VERSION ""
| #define PACKAGE_STRING ""
| #define PACKAGE_BUGREPORT ""
| #define PACKAGE "l2swim"
| #define VERSION "0.3b2"
| #ifdef __cplusplus
| #include <stdlib.h>
| #endif
| #define HAVE_TEMPLATE_REPOSITORY 1
| #define KDELIBSUFF ""
| #define STDC_HEADERS 1
| #define HAVE_SYS_TYPES_H 1
| #define HAVE_SYS_STAT_H 1
| #define HAVE_STDLIB_H 1
| #define HAVE_STRING_H 1
| #define HAVE_MEMORY_H 1
| #define HAVE_STRINGS_H 1
| #define HAVE_INTTYPES_H 1
| #define HAVE_STDINT_H 1
| #define HAVE_UNISTD_H 1
| #define HAVE_DLFCN_H 1
| #define HAVE_CRYPT 1
| #define ksize_t socklen_t
| /* end confdefs.h.  */
| #include <crt_externs.h>
configure:18009: result: no
configure:18045: checking for crt_externs.h
configure:18052: result: no
configure:18065: checking for _NSGetEnviron
configure:18115: gcc -o conftest -ansi -W -Wall -pedantic -Wshadow -Wpointer-arith -Wmissing-prototypes -Wwrite-strings -D_XOPEN_SOURCE=500 -D_BSD_SOURCE -O2     conftest.c  >&5
/tmp/cckGEdi1.o(.text+0xf): In function `main':
: undefined reference to `_NSGetEnviron'
/tmp/cckGEdi1.o(.data+0x0): undefined reference to `_NSGetEnviron'
collect2: ld returned 1 exit status
configure:18118: $? = 1
configure: failed program was:
| #line 18070 "configure"
| /* confdefs.h.  */
| 
| #define PACKAGE_NAME ""
| #define PACKAGE_TARNAME ""
| #define PACKAGE_VERSION ""
| #define PACKAGE_STRING ""
| #define PACKAGE_BUGREPORT ""
| #define PACKAGE "l2swim"
| #define VERSION "0.3b2"
| #ifdef __cplusplus
| #include <stdlib.h>
| #endif
| #define HAVE_TEMPLATE_REPOSITORY 1
| #define KDELIBSUFF ""
| #define STDC_HEADERS 1
| #define HAVE_SYS_TYPES_H 1
| #define HAVE_SYS_STAT_H 1
| #define HAVE_STDLIB_H 1
| #define HAVE_STRING_H 1
| #define HAVE_MEMORY_H 1
| #define HAVE_STRINGS_H 1
| #define HAVE_INTTYPES_H 1
| #define HAVE_STDINT_H 1
| #define HAVE_UNISTD_H 1
| #define HAVE_DLFCN_H 1
| #define HAVE_CRYPT 1
| #define ksize_t socklen_t
| /* end confdefs.h.  */
| /* System header to define __stub macros and hopefully few prototypes,
|     which can conflict with char _NSGetEnviron (); below.
|     Prefer <limits.h> to <assert.h> if __STDC__ is defined, since
|     <limits.h> exists even on freestanding compilers.  */
| #ifdef __STDC__
| # include <limits.h>
| #else
| # include <assert.h>
| #endif
| /* Override any gcc2 internal prototype to avoid an error.  */
| #ifdef __cplusplus
| extern "C"
| {
| #endif
| /* We use char because int might match the return type of a gcc2
|    builtin and then its argument prototype would still apply.  */
| char _NSGetEnviron ();
| /* The GNU C library defines this for functions which it implements
|     to always fail with ENOSYS.  Some functions are actually named
|     something starting with __ and the normal name is an alias.  */
| #if defined (__stub__NSGetEnviron) || defined (__stub____NSGetEnviron)
| choke me
| #else
| char (*f) () = _NSGetEnviron;
| #endif
| #ifdef __cplusplus
| }
| #endif
| 
| int
| main ()
| {
| return f != _NSGetEnviron;
|   ;
|   return 0;
| }
configure:18135: result: no
configure:18153: checking for sys/types.h
configure:18158: result: yes
configure:18153: checking for stdint.h
configure:18158: result: yes
configure:18292: checking for poll in -lpoll
configure:18323: gcc -o conftest -ansi -W -Wall -pedantic -Wshadow -Wpointer-arith -Wmissing-prototypes -Wwrite-strings -D_XOPEN_SOURCE=500 -D_BSD_SOURCE -O2     conftest.c -lpoll   >&5
/usr/lib/gcc-lib/i486-suse-linux/3.3/../../../../i486-suse-linux/bin/ld: cannot find -lpoll
collect2: ld returned 1 exit status
configure:18326: $? = 1
configure: failed program was:
| #line 18299 "configure"
| /* confdefs.h.  */
| 
| #define PACKAGE_NAME ""
| #define PACKAGE_TARNAME ""
| #define PACKAGE_VERSION ""
| #define PACKAGE_STRING ""
| #define PACKAGE_BUGREPORT ""
| #define PACKAGE "l2swim"
| #define VERSION "0.3b2"
| #ifdef __cplusplus
| #include <stdlib.h>
| #endif
| #define HAVE_TEMPLATE_REPOSITORY 1
| #define KDELIBSUFF ""
| #define STDC_HEADERS 1
| #define HAVE_SYS_TYPES_H 1
| #define HAVE_SYS_STAT_H 1
| #define HAVE_STDLIB_H 1
| #define HAVE_STRING_H 1
| #define HAVE_MEMORY_H 1
| #define HAVE_STRINGS_H 1
| #define HAVE_INTTYPES_H 1
| #define HAVE_STDINT_H 1
| #define HAVE_UNISTD_H 1
| #define HAVE_DLFCN_H 1
| #define HAVE_CRYPT 1
| #define ksize_t socklen_t
| #define HAVE_SYS_TYPES_H 1
| #define HAVE_STDINT_H 1
| /* end confdefs.h.  */
| 
| /* Override any gcc2 internal prototype to avoid an error.  */
| #ifdef __cplusplus
| extern "C"
| #endif
| /* We use char because int might match the return type of a gcc2
|    builtin and then its argument prototype would still apply.  */
| char poll ();
| int
| main ()
| {
| poll ();
|   ;
|   return 0;
| }
configure:18344: result: no
configure:18362: checking CoreAudio/CoreAudio.h usability
configure:18375: gcc -c -ansi -W -Wall -pedantic -Wshadow -Wpointer-arith -Wmissing-prototypes -Wwrite-strings -D_XOPEN_SOURCE=500 -D_BSD_SOURCE -O2    conftest.c >&5
configure:18428:33: CoreAudio/CoreAudio.h: No such file or directory
configure:18378: $? = 1
configure: failed program was:
| #line 18364 "configure"
| /* confdefs.h.  */
| 
| #define PACKAGE_NAME ""
| #define PACKAGE_TARNAME ""
| #define PACKAGE_VERSION ""
| #define PACKAGE_STRING ""
| #define PACKAGE_BUGREPORT ""
| #define PACKAGE "l2swim"
| #define VERSION "0.3b2"
| #ifdef __cplusplus
| #include <stdlib.h>
| #endif
| #define HAVE_TEMPLATE_REPOSITORY 1
| #define KDELIBSUFF ""
| #define STDC_HEADERS 1
| #define HAVE_SYS_TYPES_H 1
| #define HAVE_SYS_STAT_H 1
| #define HAVE_STDLIB_H 1
| #define HAVE_STRING_H 1
| #define HAVE_MEMORY_H 1
| #define HAVE_STRINGS_H 1
| #define HAVE_INTTYPES_H 1
| #define HAVE_STDINT_H 1
| #define HAVE_UNISTD_H 1
| #define HAVE_DLFCN_H 1
| #define HAVE_CRYPT 1
| #define ksize_t socklen_t
| #define HAVE_SYS_TYPES_H 1
| #define HAVE_STDINT_H 1
| /* end confdefs.h.  */
| #include <stdio.h>
| #if HAVE_SYS_TYPES_H
| # include <sys/types.h>
| #endif
| #if HAVE_SYS_STAT_H
| # include <sys/stat.h>
| #endif
| #if STDC_HEADERS
| # include <stdlib.h>
| # include <stddef.h>
| #else
| # if HAVE_STDLIB_H
| #  include <stdlib.h>
| # endif
| #endif
| #if HAVE_STRING_H
| # if !STDC_HEADERS && HAVE_MEMORY_H
| #  include <memory.h>
| # endif
| # include <string.h>
| #endif
| #if HAVE_STRINGS_H
| # include <strings.h>
| #endif
| #if HAVE_INTTYPES_H
| # include <inttypes.h>
| #else
| # if HAVE_STDINT_H
| #  include <stdint.h>
| # endif
| #endif
| #if HAVE_UNISTD_H
| # include <unistd.h>
| #endif
| #include <CoreAudio/CoreAudio.h>
configure:18394: result: no
configure:18398: checking CoreAudio/CoreAudio.h presence
configure:18409: gcc -E  conftest.c
configure:18430:33: CoreAudio/CoreAudio.h: No such file or directory
configure:18415: $? = 1
configure: failed program was:
| #line 18400 "configure"
| /* confdefs.h.  */
| 
| #define PACKAGE_NAME ""
| #define PACKAGE_TARNAME ""
| #define PACKAGE_VERSION ""
| #define PACKAGE_STRING ""
| #define PACKAGE_BUGREPORT ""
| #define PACKAGE "l2swim"
| #define VERSION "0.3b2"
| #ifdef __cplusplus
| #include <stdlib.h>
| #endif
| #define HAVE_TEMPLATE_REPOSITORY 1
| #define KDELIBSUFF ""
| #define STDC_HEADERS 1
| #define HAVE_SYS_TYPES_H 1
| #define HAVE_SYS_STAT_H 1
| #define HAVE_STDLIB_H 1
| #define HAVE_STRING_H 1
| #define HAVE_MEMORY_H 1
| #define HAVE_STRINGS_H 1
| #define HAVE_INTTYPES_H 1
| #define HAVE_STDINT_H 1
| #define HAVE_UNISTD_H 1
| #define HAVE_DLFCN_H 1
| #define HAVE_CRYPT 1
| #define ksize_t socklen_t
| #define HAVE_SYS_TYPES_H 1
| #define HAVE_STDINT_H 1
| /* end confdefs.h.  */
| #include <CoreAudio/CoreAudio.h>
configure:18434: result: no
configure:18470: checking for CoreAudio/CoreAudio.h
configure:18477: result: no
configure:18495: checking if res_init needs -lresolv
configure:18523: gcc -o conftest -ansi -W -Wall -pedantic -Wshadow -Wpointer-arith -Wmissing-prototypes -Wwrite-strings -D_XOPEN_SOURCE=500 -D_BSD_SOURCE -O2     conftest.c   -lresolv >&5
configure:18526: $? = 0
configure:18529: test -s conftest
configure:18532: $? = 0
configure:18536: result: yes
configure:18556: checking if res_init is available
configure:18582: gcc -c -ansi -W -Wall -pedantic -Wshadow -Wpointer-arith -Wmissing-prototypes -Wwrite-strings -D_XOPEN_SOURCE=500 -D_BSD_SOURCE -O2    conftest.c >&5
configure:18585: $? = 0
configure:18588: test -s conftest.o
configure:18591: $? = 0
configure:18594: result: yes
configure:18617: checking for killpg in -lucb
configure:18648: gcc -o conftest -ansi -W -Wall -pedantic -Wshadow -Wpointer-arith -Wmissing-prototypes -Wwrite-strings -D_XOPEN_SOURCE=500 -D_BSD_SOURCE -O2     conftest.c -lucb   >&5
/usr/lib/gcc-lib/i486-suse-linux/3.3/../../../../i486-suse-linux/bin/ld: cannot find -lucb
collect2: ld returned 1 exit status
configure:18651: $? = 1
configure: failed program was:
| #line 18624 "configure"
| /* confdefs.h.  */
| 
| #define PACKAGE_NAME ""
| #define PACKAGE_TARNAME ""
| #define PACKAGE_VERSION ""
| #define PACKAGE_STRING ""
| #define PACKAGE_BUGREPORT ""
| #define PACKAGE "l2swim"
| #define VERSION "0.3b2"
| #ifdef __cplusplus
| #include <stdlib.h>
| #endif
| #define HAVE_TEMPLATE_REPOSITORY 1
| #define KDELIBSUFF ""
| #define STDC_HEADERS 1
| #define HAVE_SYS_TYPES_H 1
| #define HAVE_SYS_STAT_H 1
| #define HAVE_STDLIB_H 1
| #define HAVE_STRING_H 1
| #define HAVE_MEMORY_H 1
| #define HAVE_STRINGS_H 1
| #define HAVE_INTTYPES_H 1
| #define HAVE_STDINT_H 1
| #define HAVE_UNISTD_H 1
| #define HAVE_DLFCN_H 1
| #define HAVE_CRYPT 1
| #define ksize_t socklen_t
| #define HAVE_SYS_TYPES_H 1
| #define HAVE_STDINT_H 1
| #define HAVE_RES_INIT 1
| #define HAVE_RES_INIT 1
| /* end confdefs.h.  */
| 
| /* Override any gcc2 internal prototype to avoid an error.  */
| #ifdef __cplusplus
| extern "C"
| #endif
| /* We use char because int might match the return type of a gcc2
|    builtin and then its argument prototype would still apply.  */
| char killpg ();
| int
| main ()
| {
| killpg ();
|   ;
|   return 0;
| }
configure:18669: result: no
configure:18742: checking for int
configure:18767: gcc -c -ansi -W -Wall -pedantic -Wshadow -Wpointer-arith -Wmissing-prototypes -Wwrite-strings -D_XOPEN_SOURCE=500 -D_BSD_SOURCE -O2    conftest.c >&5
configure:18770: $? = 0
configure:18773: test -s conftest.o
configure:18776: $? = 0
configure:18787: result: yes
configure:18790: checking size of int
configure:19065: gcc -o conftest -ansi -W -Wall -pedantic -Wshadow -Wpointer-arith -Wmissing-prototypes -Wwrite-strings -D_XOPEN_SOURCE=500 -D_BSD_SOURCE -O2     conftest.c  >&5
configure:19091: warning: no previous prototype for `longval'
configure:19092: warning: no previous prototype for `ulongval'
configure:19068: $? = 0
configure:19070: ./conftest
configure:19073: $? = 0
configure:19096: result: 4
configure:19102: checking for long
configure:19127: gcc -c -ansi -W -Wall -pedantic -Wshadow -Wpointer-arith -Wmissing-prototypes -Wwrite-strings -D_XOPEN_SOURCE=500 -D_BSD_SOURCE -O2    conftest.c >&5
configure:19130: $? = 0
configure:19133: test -s conftest.o
configure:19136: $? = 0
configure:19147: result: yes
configure:19150: checking size of long
configure:19425: gcc -o conftest -ansi -W -Wall -pedantic -Wshadow -Wpointer-arith -Wmissing-prototypes -Wwrite-strings -D_XOPEN_SOURCE=500 -D_BSD_SOURCE -O2     conftest.c  >&5
configure:19452: warning: no previous prototype for `longval'
configure:19453: warning: no previous prototype for `ulongval'
configure:19428: $? = 0
configure:19430: ./conftest
configure:19433: $? = 0
configure:19456: result: 4
configure:19462: checking for char *
configure:19487: gcc -c -ansi -W -Wall -pedantic -Wshadow -Wpointer-arith -Wmissing-prototypes -Wwrite-strings -D_XOPEN_SOURCE=500 -D_BSD_SOURCE -O2    conftest.c >&5
configure:19490: $? = 0
configure:19493: test -s conftest.o
configure:19496: $? = 0
configure:19507: result: yes
configure:19510: checking size of char *
configure:19785: gcc -o conftest -ansi -W -Wall -pedantic -Wshadow -Wpointer-arith -Wmissing-prototypes -Wwrite-strings -D_XOPEN_SOURCE=500 -D_BSD_SOURCE -O2     conftest.c  >&5
configure:19813: warning: no previous prototype for `longval'
configure:19814: warning: no previous prototype for `ulongval'
configure:19788: $? = 0
configure:19790: ./conftest
configure:19793: $? = 0
configure:19816: result: 4
configure:19822: checking for char
configure:19847: gcc -c -ansi -W -Wall -pedantic -Wshadow -Wpointer-arith -Wmissing-prototypes -Wwrite-strings -D_XOPEN_SOURCE=500 -D_BSD_SOURCE -O2    conftest.c >&5
configure:19850: $? = 0
configure:19853: test -s conftest.o
configure:19856: $? = 0
configure:19867: result: yes
configure:19870: checking size of char
configure:20145: gcc -o conftest -ansi -W -Wall -pedantic -Wshadow -Wpointer-arith -Wmissing-prototypes -Wwrite-strings -D_XOPEN_SOURCE=500 -D_BSD_SOURCE -O2     conftest.c  >&5
configure:20174: warning: no previous prototype for `longval'
configure:20175: warning: no previous prototype for `ulongval'
configure:20148: $? = 0
configure:20150: ./conftest
configure:20153: $? = 0
configure:20176: result: 1
configure:20184: checking for dlopen in -ldl
configure:20215: gcc -o conftest -ansi -W -Wall -pedantic -Wshadow -Wpointer-arith -Wmissing-prototypes -Wwrite-strings -D_XOPEN_SOURCE=500 -D_BSD_SOURCE -O2     conftest.c -ldl   >&5
configure:20218: $? = 0
configure:20221: test -s conftest
configure:20224: $? = 0
configure:20236: result: yes
configure:20246: checking for shl_unload in -ldld
configure:20277: gcc -o conftest -ansi -W -Wall -pedantic -Wshadow -Wpointer-arith -Wmissing-prototypes -Wwrite-strings -D_XOPEN_SOURCE=500 -D_BSD_SOURCE -O2     conftest.c -ldld   >&5
/usr/lib/gcc-lib/i486-suse-linux/3.3/../../../../i486-suse-linux/bin/ld: cannot find -ldld
collect2: ld returned 1 exit status
configure:20280: $? = 1
configure: failed program was:
| #line 20253 "configure"
| /* confdefs.h.  */
| 
| #define PACKAGE_NAME ""
| #define PACKAGE_TARNAME ""
| #define PACKAGE_VERSION ""
| #define PACKAGE_STRING ""
| #define PACKAGE_BUGREPORT ""
| #define PACKAGE "l2swim"
| #define VERSION "0.3b2"
| #ifdef __cplusplus
| #include <stdlib.h>
| #endif
| #define HAVE_TEMPLATE_REPOSITORY 1
| #define KDELIBSUFF ""
| #define STDC_HEADERS 1
| #define HAVE_SYS_TYPES_H 1
| #define HAVE_SYS_STAT_H 1
| #define HAVE_STDLIB_H 1
| #define HAVE_STRING_H 1
| #define HAVE_MEMORY_H 1
| #define HAVE_STRINGS_H 1
| #define HAVE_INTTYPES_H 1
| #define HAVE_STDINT_H 1
| #define HAVE_UNISTD_H 1
| #define HAVE_DLFCN_H 1
| #define HAVE_CRYPT 1
| #define ksize_t socklen_t
| #define HAVE_SYS_TYPES_H 1
| #define HAVE_STDINT_H 1
| #define HAVE_RES_INIT 1
| #define HAVE_RES_INIT 1
| #define SIZEOF_INT 4
| #define SIZEOF_LONG 4
| #define SIZEOF_CHAR_P 4
| #define SIZEOF_CHAR 1
| /* end confdefs.h.  */
| 
| /* Override any gcc2 internal prototype to avoid an error.  */
| #ifdef __cplusplus
| extern "C"
| #endif
| /* We use char because int might match the return type of a gcc2
|    builtin and then its argument prototype would still apply.  */
| char shl_unload ();
| int
| main ()
| {
| shl_unload ();
|   ;
|   return 0;
| }
configure:20298: result: no
configure:20319: checking for vsnprintf
configure:20369: gcc -o conftest -ansi -W -Wall -pedantic -Wshadow -Wpointer-arith -Wmissing-prototypes -Wwrite-strings -D_XOPEN_SOURCE=500 -D_BSD_SOURCE -O2     conftest.c  >&5
configure:20372: $? = 0
configure:20375: test -s conftest
configure:20378: $? = 0
configure:20389: result: yes
configure:20319: checking for snprintf
configure:20369: gcc -o conftest -ansi -W -Wall -pedantic -Wshadow -Wpointer-arith -Wmissing-prototypes -Wwrite-strings -D_XOPEN_SOURCE=500 -D_BSD_SOURCE -O2     conftest.c  >&5
configure:20372: $? = 0
configure:20375: test -s conftest
configure:20378: $? = 0
configure:20389: result: yes
configure:20427: checking for X
configure:20473: gcc -E  conftest.c
configure:20479: $? = 0
configure:20570: gcc -o conftest -ansi -W -Wall -pedantic -Wshadow -Wpointer-arith -Wmissing-prototypes -Wwrite-strings -D_XOPEN_SOURCE=500 -D_BSD_SOURCE -O2     conftest.c -lXt  >&5
configure: In function `main':
configure:20595: warning: implicit declaration of function `XtMalloc'
/usr/lib/gcc-lib/i486-suse-linux/3.3/../../../../i486-suse-linux/bin/ld: cannot find -lXt
collect2: ld returned 1 exit status
configure:20573: $? = 1
configure: failed program was:
| #line 20553 "configure"
| /* confdefs.h.  */
| 
| #define PACKAGE_NAME ""
| #define PACKAGE_TARNAME ""
| #define PACKAGE_VERSION ""
| #define PACKAGE_STRING ""
| #define PACKAGE_BUGREPORT ""
| #define PACKAGE "l2swim"
| #define VERSION "0.3b2"
| #ifdef __cplusplus
| #include <stdlib.h>
| #endif
| #define HAVE_TEMPLATE_REPOSITORY 1
| #define KDELIBSUFF ""
| #define STDC_HEADERS 1
| #define HAVE_SYS_TYPES_H 1
| #define HAVE_SYS_STAT_H 1
| #define HAVE_STDLIB_H 1
| #define HAVE_STRING_H 1
| #define HAVE_MEMORY_H 1
| #define HAVE_STRINGS_H 1
| #define HAVE_INTTYPES_H 1
| #define HAVE_STDINT_H 1
| #define HAVE_UNISTD_H 1
| #define HAVE_DLFCN_H 1
| #define HAVE_CRYPT 1
| #define ksize_t socklen_t
| #define HAVE_SYS_TYPES_H 1
| #define HAVE_STDINT_H 1
| #define HAVE_RES_INIT 1
| #define HAVE_RES_INIT 1
| #define SIZEOF_INT 4
| #define SIZEOF_LONG 4
| #define SIZEOF_CHAR_P 4
| #define SIZEOF_CHAR 1
| #define HAVE_VSNPRINTF 1
| #define HAVE_SNPRINTF 1
| /* end confdefs.h.  */
| 
| int
| main ()
| {
| XtMalloc()
|   ;
|   return 0;
| }
configure:20724: result: libraries /usr/X11R6/lib, headers /usr/X11R6/include
configure:20758: checking for IceConnectionNumber in -lICE
configure:20789: gcc -o conftest -ansi -W -Wall -pedantic -Wshadow -Wpointer-arith -Wmissing-prototypes -Wwrite-strings -D_XOPEN_SOURCE=500 -D_BSD_SOURCE -O2     -L/usr/X11R6/lib conftest.c -lICE   >&5
configure:20792: $? = 0
configure:20795: test -s conftest
configure:20798: $? = 0
configure:20810: result: yes
configure:20824: checking for libXext
configure:20860: gcc -o conftest -ansi -W -Wall -pedantic -Wshadow -Wpointer-arith -Wmissing-prototypes -Wwrite-strings -D_XOPEN_SOURCE=500 -D_BSD_SOURCE -O2     -L/usr/X11R6/lib  conftest.c -lXext -lX11  >&5
configure:20863: $? = 0
configure:20866: test -s conftest
configure:20869: $? = 0
configure:20887: result: yes
configure:20900: checking for Xinerama
configure:20974: result: no
configure:21030: checking for pthread_create in -lpthread
configure:21061: gcc -o conftest -ansi -W -Wall -pedantic -Wshadow -Wpointer-arith -Wmissing-prototypes -Wwrite-strings -D_XOPEN_SOURCE=500 -D_BSD_SOURCE -O2     conftest.c -lpthread   >&5
configure:21064: $? = 0
configure:21067: test -s conftest
configure:21070: $? = 0
configure:21082: result: yes
configure:21502: checking for extra includes
configure:21530: result: no
configure:21534: checking for extra libs
configure:21563: result: no
configure:21569: checking for libz
configure:21604: gcc -o conftest -ansi -W -Wall -pedantic -Wshadow -Wpointer-arith -Wmissing-prototypes -Wwrite-strings -D_XOPEN_SOURCE=500 -D_BSD_SOURCE -O2   -I/usr/X11R6/include   -D_REENTRANT  conftest.c -L/usr/X11R6/lib  -lz  >&5
configure:21607: $? = 0
configure:21610: test -s conftest
configure:21613: $? = 0
configure:21635: result: -lz
configure:21648: checking for libpng
configure:21691: gcc -o conftest -ansi -W -Wall -pedantic -Wshadow -Wpointer-arith -Wmissing-prototypes -Wwrite-strings -D_XOPEN_SOURCE=500 -D_BSD_SOURCE -O2   -I/usr/X11R6/include   -D_REENTRANT  conftest.c  -L/usr/X11R6/lib  -lpng -lz -lm -lX11  >&5
configure:21694: $? = 0
configure:21697: test -s conftest
configure:21700: $? = 0
configure:21723: result: -lpng -lz -lm
configure:21734: checking for libjpeg6b
configure:21781: gcc -o conftest -ansi -W -Wall -pedantic -Wshadow -Wpointer-arith -Wmissing-prototypes -Wwrite-strings -D_XOPEN_SOURCE=500 -D_BSD_SOURCE -O2   -I/usr/X11R6/include   -D_REENTRANT  conftest.c -L/usr/X11R6/lib  -ljpeg6b -lm >&5
/usr/lib/gcc-lib/i486-suse-linux/3.3/../../../../i486-suse-linux/bin/ld: cannot find -ljpeg6b
collect2: ld returned 1 exit status
configure:21784: $? = 1
configure: failed program was:
| #line 21750 "configure"
| /* confdefs.h.  */
| 
| #define PACKAGE_NAME ""
| #define PACKAGE_TARNAME ""
| #define PACKAGE_VERSION ""
| #define PACKAGE_STRING ""
| #define PACKAGE_BUGREPORT ""
| #define PACKAGE "l2swim"
| #define VERSION "0.3b2"
| #ifdef __cplusplus
| #include <stdlib.h>
| #endif
| #define HAVE_TEMPLATE_REPOSITORY 1
| #define KDELIBSUFF ""
| #define STDC_HEADERS 1
| #define HAVE_SYS_TYPES_H 1
| #define HAVE_SYS_STAT_H 1
| #define HAVE_STDLIB_H 1
| #define HAVE_STRING_H 1
| #define HAVE_MEMORY_H 1
| #define HAVE_STRINGS_H 1
| #define HAVE_INTTYPES_H 1
| #define HAVE_STDINT_H 1
| #define HAVE_UNISTD_H 1
| #define HAVE_DLFCN_H 1
| #define HAVE_CRYPT 1
| #define ksize_t socklen_t
| #define HAVE_SYS_TYPES_H 1
| #define HAVE_STDINT_H 1
| #define HAVE_RES_INIT 1
| #define HAVE_RES_INIT 1
| #define SIZEOF_INT 4
| #define SIZEOF_LONG 4
| #define SIZEOF_CHAR_P 4
| #define SIZEOF_CHAR 1
| #define HAVE_VSNPRINTF 1
| #define HAVE_SNPRINTF 1
| #define HAVE_LIBZ 1
| #define HAVE_LIBPNG 1
| /* end confdefs.h.  */
| /* Override any gcc2 internal prototype to avoid an error.  */
| struct jpeg_decompress_struct;
| typedef struct jpeg_decompress_struct * j_decompress_ptr;
| typedef int size_t;
| #ifdef __cplusplus
| extern "C" {
| #endif
|     void jpeg_CreateDecompress(j_decompress_ptr cinfo,
|                                     int version, size_t structsize);
| #ifdef __cplusplus
| }
| #endif
| /* We use char because int might match the return type of a gcc2
|     builtin and then its argument prototype would still apply.  */
| 
| int
| main ()
| {
| jpeg_CreateDecompress(0L, 0, 0);
|   ;
|   return 0;
| }
configure:21811: result: no
configure:21814: checking for libjpeg
configure:21861: gcc -o conftest -ansi -W -Wall -pedantic -Wshadow -Wpointer-arith -Wmissing-prototypes -Wwrite-strings -D_XOPEN_SOURCE=500 -D_BSD_SOURCE -O2   -I/usr/X11R6/include   -D_REENTRANT  conftest.c -L/usr/X11R6/lib  -ljpeg -lm >&5
configure:21864: $? = 0
configure:21867: test -s conftest
configure:21870: $? = 0
configure:21888: result: -ljpeg
configure: 21915: ${prefix}/include/jpeglib.h
configure: 21915: /usr/include/jpeglib.h
taking that
configure:22085: checking for Qt
configure: 22153: /usr/lib/qt3/include/qstyle.h
taking that
tried NO
configure:22262: rm -rf SunWS_cache; g++ -o conftest -Wnon-virtual-dtor -Wno-long-long -Wundef -Wall -pedantic -W -Wpointer-arith -Wmissing-prototypes -Wwrite-strings -ansi -D_XOPEN_SOURCE=500 -D_BSD_SOURCE -Wcast-align -Wconversion -O2 -fno-exceptions -fno-check-new -I/usr/lib/qt3/include -I/usr/X11R6/include  -DQT_THREAD_SUPPORT  -D_REENTRANT  -L/usr/lib/qt3/lib -L/usr/X11R6/lib   conftest.cc  -lqt-mt -lpng -lz -lm -ljpeg -ldl  -lXext -lX11 -lSM -lICE  -lpthread 1>&5
configure:22265: $? = 0
configure:22324: result: libraries /usr/lib/qt3/lib, headers /usr/lib/qt3/include using -mt
configure:22334: checking if Qt compiles without flags
configure:22431: rm -rf SunWS_cache; g++ -o conftest -Wnon-virtual-dtor -Wno-long-long -Wundef -Wall -pedantic -W -Wpointer-arith -Wmissing-prototypes -Wwrite-strings -ansi -D_XOPEN_SOURCE=500 -D_BSD_SOURCE -Wcast-align -Wconversion -O2 -fno-exceptions -fno-check-new -I/usr/lib/qt3/include  -DQT_THREAD_SUPPORT  -D_REENTRANT  -L/usr/X11R6/lib conftest.cc -lqt-mt -lpng -lz -lm -ljpeg -ldl  -lXext -lX11 -lSM -lICE  -lXext -lX11  1>&5
/usr/lib/gcc-lib/i486-suse-linux/3.3/../../../../i486-suse-linux/bin/ld: cannot find -lqt-mt
collect2: ld returned 1 exit status
configure:22434: $? = 1
configure: failed program was:
#include "confdefs.h"
#include <qglobal.h>
#include <qapplication.h>
#include <qcursor.h>
#include <qstylefactory.h>
#include <private/qucomextra_p.h>
#if ! (QT_VERSION >= 0x030100)
#error 1
#endif

int main() {
    (void)QStyleFactory::create(QString::null);
    QCursor c(Qt::WhatsThisCursor);
    return 0;
}
configure:22467: result: no
configure:22505: checking for moc
configure:22574: result: /usr/lib/qt3/bin/moc
configure:22582: checking for uic
configure:22633: result: /usr/lib/qt3/bin/uic
configure:22661: checking whether uic supports -L 
configure:22672: /usr/lib/qt3/bin/uic -L /nonexistant conftest.ui >/dev/null
configure:22675: $? = 0
configure:22687: result: yes
configure:22699: checking whether uic supports -nounload 
configure:22710: /usr/lib/qt3/bin/uic -nounload  conftest.ui >/dev/null
configure:22713: $? = 0
configure:22725: result: yes
configure:22761: checking if Qt needs -ljpeg
configure:22803: rm -rf SunWS_cache; g++ -o conftest -Wnon-virtual-dtor -Wno-long-long -Wundef -Wall -pedantic -W -Wpointer-arith -Wmissing-prototypes -Wwrite-strings -ansi -D_XOPEN_SOURCE=500 -D_BSD_SOURCE -Wcast-align -Wconversion -O2 -fno-exceptions -fno-check-new -I/usr/lib/qt3/include -I/usr/X11R6/include   -DQT_THREAD_SUPPORT  -D_REENTRANT  conftest.cc -L/usr/X11R6/lib -L/usr/lib/qt3/lib -lqt-mt -lpng -lz -lm  -ldl -lXext -lX11 -lSM -lICE 1>&5
configure: In function `int main()':
configure:22831: warning: `char**argv' might be used uninitialized in this 
   function
configure:22806: $? = 0
configure:22809: test -s conftest
configure:22812: $? = 0
configure:22839: result: no
configure:22865: checking for rpath
configure:22891: result: yes
configure:22894: checking for KDE
configure: 22945: /usr/local/kde/include/ksharedptr.h
configure: 22945: /usr/lib/kde/include/ksharedptr.h
configure: 22945: /usr/local/kde/include/ksharedptr.h
configure: 22945: /usr/local/include/ksharedptr.h
configure: 22945: /usr/kde/include/ksharedptr.h
configure: 22945: /usr/include/kde/ksharedptr.h
configure: 22945: /usr/include/ksharedptr.h
configure: 22945: /opt/kde3/include/ksharedptr.h
taking that
configure: 22975: /usr/local/kde/lib/libkio.la
configure: 22975: ${exec_prefix}/lib/libkio.la
configure: 22975: /usr/lib/kde/lib/libkio.la
configure: 22975: /usr/local/kde/lib/libkio.la
configure: 22975: /usr/kde/lib/libkio.la
configure: 22975: /usr/lib/kde/libkio.la
configure: 22975: /usr/lib/kde3/libkio.la
configure: 22975: /usr/lib/libkio.la
configure: 22975: /usr/X11R6/lib/libkio.la
configure: 22975: /usr/local/lib/libkio.la
configure: 22975: /opt/kde3/lib/libkio.la
taking that
configure: 22993: /usr/local/kde/lib/kde3/plugins/designer/kdewidgets.la
configure: 22993: ${exec_prefix}/lib/kde3/plugins/designer/kdewidgets.la
configure: 22993: /usr/lib/kde/lib/kde3/plugins/designer/kdewidgets.la
configure: 22993: /usr/local/kde/lib/kde3/plugins/designer/kdewidgets.la
configure: 22993: /usr/kde/lib/kde3/plugins/designer/kdewidgets.la
configure: 22993: /usr/lib/kde/kde3/plugins/designer/kdewidgets.la
configure: 22993: /usr/lib/kde3/kde3/plugins/designer/kdewidgets.la
configure: 22993: /usr/lib/kde3/plugins/designer/kdewidgets.la
configure: 22993: /usr/X11R6/lib/kde3/plugins/designer/kdewidgets.la
configure: 22993: /usr/local/lib/kde3/plugins/designer/kdewidgets.la
configure: 22993: /opt/kde3/lib/kde3/plugins/designer/kdewidgets.la
taking that
configure:23063: result: libraries /opt/kde3/lib, headers /opt/kde3/include
configure:23100: checking if UIC has KDE plugins available
configure:23127: /usr/lib/qt3/bin/uic -L /opt/kde3/lib/kde3/plugins/designer -nounload -impl actest.h actest.ui > actest.cpp
configure:23130: $? = 0
configure:23142: result: yes
configure:23181: checking for KDE paths
configure:23741: result: defaults
configure:23761: checking for dcopidl
configure:23820: result: /opt/kde3/bin/dcopidl
configure:23827: checking for dcopidl2cpp
configure:23886: result: /opt/kde3/bin/dcopidl2cpp
configure:23893: checking for mcopidl
configure:23952: result: /opt/kde3/bin/mcopidl
configure:23959: checking for artsc-config
configure:24018: result: /opt/kde3/bin/artsc-config
configure:24025: checking for kde-config
configure:24076: result: /opt/kde3/bin/kde-config
configure:24083: checking for meinproc
configure:24134: result: /opt/kde3/bin/meinproc
configure: 24153: /usr/share/kde/apps/ksgmltools2/customization/kde-chunk.xsl
configure: 24153: /usr/local/share/apps/ksgmltools2/customization/kde-chunk.xsl
configure: 24153: /usr/share/apps/ksgmltools2/customization/kde-chunk.xsl
configure: 24153: /opt/kde3/share/apps/ksgmltools2/customization/kde-chunk.xsl
taking that
configure:24318: checking if doc should be compiled
configure:24330: result: yes
configure:24318: checking if l2swim should be compiled
configure:24330: result: yes
configure:24318: checking if po should be compiled
configure:24330: result: yes
configure:24469: creating ./config.status

## ---------------------- ##
## Running config.status. ##
## ---------------------- ##

This file was extended by config.status, which was
generated by GNU Autoconf 2.57.  Invocation command line was

  CONFIG_FILES    = 
  CONFIG_HEADERS  = 
  CONFIG_LINKS    = 
  CONFIG_COMMANDS = 
  $ ./config.status 

on linux

config.status:701: creating config.h
config.status:842: config.h is unchanged
config.status:955: executing depfiles commands

## ---------------- ##
## Cache variables. ##
## ---------------- ##

ac_cv_build=i686-pc-linux-gnu
ac_cv_build_alias=i686-pc-linux-gnu
ac_cv_c_compiler_gnu=yes
ac_cv_cxx_compiler_gnu=yes
ac_cv_env_CC_set=
ac_cv_env_CC_value=
ac_cv_env_CFLAGS_set=
ac_cv_env_CFLAGS_value=
ac_cv_env_CPPFLAGS_set=
ac_cv_env_CPPFLAGS_value=
ac_cv_env_CPP_set=
ac_cv_env_CPP_value=
ac_cv_env_CXXCPP_set=
ac_cv_env_CXXCPP_value=
ac_cv_env_CXXFLAGS_set=
ac_cv_env_CXXFLAGS_value=
ac_cv_env_CXX_set=
ac_cv_env_CXX_value=
ac_cv_env_LDFLAGS_set=
ac_cv_env_LDFLAGS_value=
ac_cv_env_build_alias_set=
ac_cv_env_build_alias_value=
ac_cv_env_host_alias_set=
ac_cv_env_host_alias_value=
ac_cv_env_target_alias_set=
ac_cv_env_target_alias_value=
ac_cv_exeext=
ac_cv_func__NSGetEnviron=no
ac_cv_func_connect=yes
ac_cv_func_inet_ntoa=yes
ac_cv_func_remove=yes
ac_cv_func_shmat=yes
ac_cv_func_snprintf=yes
ac_cv_func_vsnprintf=yes
ac_cv_have_dlfcn=yes
ac_cv_have_kde='have_kde=yes     ac_kde_includes=/opt/kde3/include ac_kde_libraries=/opt/kde3/lib'
ac_cv_have_qt='have_qt=yes     ac_qt_includes=/usr/lib/qt3/include ac_qt_libraries=/usr/lib/qt3/lib'
ac_cv_have_xinerama=no
ac_cv_header_CoreAudio_CoreAudio_h=no
ac_cv_header_crt_externs_h=no
ac_cv_header_dlfcn_h=yes
ac_cv_header_inttypes_h=yes
ac_cv_header_memory_h=yes
ac_cv_header_stdc=yes
ac_cv_header_stdint_h=yes
ac_cv_header_stdlib_h=yes
ac_cv_header_string_h=yes
ac_cv_header_strings_h=yes
ac_cv_header_sys_stat_h=yes
ac_cv_header_sys_types_h=yes
ac_cv_header_unistd_h=yes
ac_cv_host=i686-pc-linux-gnu
ac_cv_host_alias=i686-pc-linux-gnu
ac_cv_lib_ICE_IceConnectionNumber=yes
ac_cv_lib_compat_main=no
ac_cv_lib_crypt_crypt=yes
ac_cv_lib_dl_dlopen=yes
ac_cv_lib_dld_shl_unload=no
ac_cv_lib_dnet_dnet_ntoa=no
ac_cv_lib_dnet_stub_dnet_ntoa=no
ac_cv_lib_jpeg_6b=no
ac_cv_lib_jpeg_normal=-ljpeg
ac_cv_lib_png='-lpng -lz -lm'
ac_cv_lib_poll_poll=no
ac_cv_lib_pthread_pthread_create=yes
ac_cv_lib_ucb_killpg=no
ac_cv_lib_util_main=yes
ac_cv_lib_z=-lz
ac_cv_objext=o
ac_cv_path_GMSGFMT=/usr/bin/msgfmt
ac_cv_path_MSGFMT=/usr/bin/msgfmt
ac_cv_path_XGETTEXT=/usr/bin/xgettext
ac_cv_path_install='/usr/bin/install -c'
ac_cv_prog_AWK=gawk
ac_cv_prog_CPP='gcc -E'
ac_cv_prog_CXXCPP='g++ -E'
ac_cv_prog_ac_ct_CC=gcc
ac_cv_prog_ac_ct_CXX=g++
ac_cv_prog_ac_ct_RANLIB=ranlib
ac_cv_prog_ac_ct_STRIP=strip
ac_cv_prog_cc_g=yes
ac_cv_prog_cc_stdc=
ac_cv_prog_cxx_g=yes
ac_cv_prog_egrep='grep -E'
ac_cv_prog_make_make_set=yes
ac_cv_sizeof_char=1
ac_cv_sizeof_char_p=4
ac_cv_sizeof_int=4
ac_cv_sizeof_long=4
ac_cv_socklen_t=socklen_t
ac_cv_target=i686-pc-linux-gnu
ac_cv_target_alias=i686-pc-linux-gnu
ac_cv_type_char=yes
ac_cv_type_char_p=yes
ac_cv_type_int=yes
ac_cv_type_long=yes
am_cv_CC_dependencies_compiler_type=gcc3
am_cv_CXX_dependencies_compiler_type=gcc3
kde_cv_all_paths='kde_have_all_paths="yes" 	kde_htmldir="\${prefix}/share/doc/HTML" 	kde_appsdir="\${prefix}/share/applnk" 	kde_icondir="\${prefix}/share/icons" 	kde_sounddir="\${prefix}/share/sounds" 	kde_datadir="\${prefix}/share/apps" 	kde_locale="\${prefix}/share/locale" 	kde_cgidir="\${exec_prefix}/cgi-bin" 	kde_confdir="\${prefix}/share/config" 	kde_mimedir="\${prefix}/share/mimelnk" 	kde_toolbardir="\${prefix}/share/toolbar" 	kde_wallpaperdir="\${prefix}/share/wallpapers" 	kde_templatesdir="\${prefix}/share/templates" 	kde_bindir="\${exec_prefix}/bin" 	kde_servicesdir="\${prefix}/share/services" 	kde_servicetypesdir="\${prefix}/share/servicetypes" 	kde_moduledir="\${libdir}/kde3"    kde_styledir="\${libdir}/kde3/plugins/styles" 	kde_widgetdir="/opt/kde3/lib/kde3/plugins/designer" 	kde_result=defaults'
kde_cv_have_libXext=yes
kde_cv_have_x='have_x=yes          kde_x_includes=/usr/X11R6/include kde_x_libraries=/usr/X11R6/lib'
kde_cv_path=/opt/kde3/bin/meinproc
kde_cv_path_artsc_config=/opt/kde3/bin/artsc-config
kde_cv_path_dcopidl=/opt/kde3/bin/dcopidl
kde_cv_path_dcopidl2cpp=/opt/kde3/bin/dcopidl2cpp
kde_cv_path_kde_config=/opt/kde3/bin/kde-config
kde_cv_path_mcopidl=/opt/kde3/bin/mcopidl
kde_cv_path_meinproc=/opt/kde3/bin/meinproc
kde_cv_path_moc=/usr/lib/qt3/bin/moc
kde_cv_path_uic=/usr/lib/qt3/bin/uic
kde_cv_prog_cxx_Wno_long_long=yes
kde_cv_prog_cxx_Wnon_virtual_dtor=yes
kde_cv_prog_cxx_Wundef=yes
kde_cv_prog_cxx_fexceptions=yes
kde_cv_prog_cxx_fno_check_new=yes
kde_cv_prog_cxx_fno_exceptions=yes
kde_cv_prog_cxx_frepo=yes
kde_cv_prog_uic_L=yes
kde_cv_prog_uic_nounload=yes
kde_cv_qt_direct=no
kde_cv_qt_jpeg=no
kde_cv_uic_plugins=yes
lt_cv_deplibs_check_method=pass_all
lt_cv_file_magic_cmd='$MAGIC_CMD'
lt_cv_file_magic_test_file='/lib/libc.so.6 /lib/libc-*.so'
lt_cv_ld_reload_flag=-r
lt_cv_objdir=.libs
lt_cv_path_LD=/usr/i486-suse-linux/bin/ld
lt_cv_path_NM='/usr/bin/nm -B'
lt_cv_path_SED=/usr/bin/sed
lt_cv_prog_compiler_c_o=yes
lt_cv_prog_compiler_c_o_CXX=yes
lt_cv_prog_compiler_c_o_GCJ=no
lt_cv_prog_compiler_rtti_exceptions=no
lt_cv_prog_gnu_ld=yes
lt_cv_sys_global_symbol_pipe='sed -n -e '\''s/^.*[ 	]\([ABCDGISTW][ABCDGISTW]*\)[ 	][ 	]*\(\)\([_A-Za-z][_A-Za-z0-9]*\)$/\1 \2\3 \3/p'\'''
lt_cv_sys_global_symbol_to_c_name_address='sed -n -e '\''s/^: \([^ ]*\) $/  {\"\1\", (lt_ptr) 0},/p'\'' -e '\''s/^[BCDEGRST] \([^ ]*\) \([^ ]*\)$/  {"\2", (lt_ptr) \&\2},/p'\'''
lt_cv_sys_global_symbol_to_cdecl='sed -n -e '\''s/^. .* \(.*\)$/extern int \1;/p'\'''
lt_cv_sys_max_cmd_len=32768
lt_lt_cv_prog_compiler_c_o='"yes"'
lt_lt_cv_prog_compiler_c_o_CXX='"yes"'
lt_lt_cv_prog_compiler_c_o_GCJ='"no"'
lt_lt_cv_sys_global_symbol_pipe='"sed -n -e '\''s/^.*[ 	]\\([ABCDGISTW][ABCDGISTW]*\\)[ 	][ 	]*\\(\\)\\([_A-Za-z][_A-Za-z0-9]*\\)\$/\\1 \\2\\3 \\3/p'\''"'
lt_lt_cv_sys_global_symbol_to_c_name_address='"sed -n -e '\''s/^: \\([^ ]*\\) \$/  {\\\"\\1\\\", (lt_ptr) 0},/p'\'' -e '\''s/^[BCDEGRST] \\([^ ]*\\) \\([^ ]*\\)\$/  {\"\\2\", (lt_ptr) \\&\\2},/p'\''"'
lt_lt_cv_sys_global_symbol_to_cdecl='"sed -n -e '\''s/^. .* \\(.*\\)\$/extern int \\1;/p'\''"'

## ----------------- ##
## Output variables. ##
## ----------------- ##

ACLOCAL='${SHELL} /home/nirro/Development/l2swim/admin/missing --run aclocal-1.7'
AMDEPBACKSLASH='\'
AMDEP_FALSE='#'
AMDEP_TRUE=''
AMTAR='${SHELL} /home/nirro/Development/l2swim/admin/missing --run tar'
ARTSCCONFIG='/opt/kde3/bin/artsc-config'
AUTOCONF='${SHELL} /home/nirro/Development/l2swim/admin/missing --run autoconf'
AUTODIRS=''
AUTOHEADER='${SHELL} /home/nirro/Development/l2swim/admin/missing --run autoheader'
AUTOMAKE='${SHELL} /home/nirro/Development/l2swim/admin/missing --run automake-1.7'
AWK='gawk'
CC='gcc'
CCDEPMODE='depmode=gcc3'
CFLAGS='-ansi -W -Wall -pedantic -Wshadow -Wpointer-arith -Wmissing-prototypes -Wwrite-strings -D_XOPEN_SOURCE=500 -D_BSD_SOURCE -O2  '
CONF_FILES=' $(top_srcdir)/./admin/configure.in.min $(top_srcdir)/configure.in.in'
CPP='gcc -E'
CPPFLAGS=' -DQT_THREAD_SUPPORT  -D_REENTRANT'
CXX='g++'
CXXCPP='g++ -E'
CXXDEPMODE='depmode=gcc3'
CXXFLAGS='-Wnon-virtual-dtor -Wno-long-long -Wundef -Wall -pedantic -W -Wpointer-arith -Wmissing-prototypes -Wwrite-strings -ansi -D_XOPEN_SOURCE=500 -D_BSD_SOURCE -Wcast-align -Wconversion -O2 -fno-exceptions -fno-check-new'
CYGPATH_W='echo'
DCOPIDL2CPP='/opt/kde3/bin/dcopidl2cpp'
DCOPIDL='/opt/kde3/bin/dcopidl'
DCOP_DEPENDENCIES='$(DCOPIDL)'
DEFS='-DHAVE_CONFIG_H'
DEPDIR='.deps'
ECHO='echo'
ECHO_C=''
ECHO_N='-n'
ECHO_T=''
EGREP='grep -E'
EXEEXT=''
FRAMEWORK_COREAUDIO=''
GMSGFMT='/usr/bin/msgfmt'
INSTALL_DATA='${INSTALL} -m 644'
INSTALL_PROGRAM='${INSTALL} $(INSTALL_STRIP_FLAG)'
INSTALL_SCRIPT='${INSTALL}'
INSTALL_STRIP_PROGRAM='${SHELL} $(install_sh) -c -s'
KDECONFIG='/opt/kde3/bin/kde-config'
KDE_EXTRA_RPATH=''
KDE_INCLUDES='-I/opt/kde3/include'
KDE_LDFLAGS='-L/opt/kde3/lib'
KDE_MT_LDFLAGS=''
KDE_MT_LIBS='-lpthread'
KDE_PLUGIN='-avoid-version -module -no-undefined $(KDE_RPATH) $(KDE_MT_LDFLAGS)'
KDE_RPATH='-R $(kde_libraries) -R $(qt_libraries) -R $(x_libraries)'
KDE_USE_CLOSURE_FALSE='#'
KDE_USE_CLOSURE_TRUE=''
KDE_USE_FINAL_FALSE=''
KDE_USE_FINAL_TRUE='#'
KDE_XSL_STYLESHEET='/opt/kde3/share/apps/ksgmltools2/customization/kde-chunk.xsl'
LDFLAGS=''
LIBCOMPAT=''
LIBCRYPT='-lcrypt'
LIBDL='-ldl'
LIBJPEG='-ljpeg'
LIBOBJS=''
LIBPNG='-lpng -lz -lm'
LIBPTHREAD='-lpthread'
LIBRESOLV='-lresolv'
LIBS=''
LIBSM='-lSM -lICE'
LIBSOCKET=''
LIBTOOL='$(SHELL) $(top_builddir)/libtool --silent'
LIBUCB=''
LIBUTIL='-lutil'
LIBXINERAMA=''
LIBZ='-lz'
LIB_KAB='-lkab'
LIB_KABC='-lkabc'
LIB_KDECORE='-lkdecore'
LIB_KDEPRINT='-lkdeprint'
LIB_KDEUI='-lkdeui'
LIB_KFILE='-lkio'
LIB_KFM=''
LIB_KHTML='-lkhtml'
LIB_KIO='-lkio'
LIB_KPARTS='-lkparts'
LIB_KSPELL='-lkspell'
LIB_KSYCOCA='-lkio'
LIB_POLL=''
LIB_QPE=''
LIB_QT='-lqt-mt  $(LIBPNG) -lXext $(LIB_X11) $(LIBSM) -lpthread'
LIB_SMB='-lsmb'
LIB_X11='-lX11 $(LIBSOCKET)'
LIB_XEXT='-lXext'
LN_S='ln -s'
LTLIBOBJS=''
MAKEINFO='${SHELL} /home/nirro/Development/l2swim/admin/missing --run makeinfo'
MCOPIDL='/opt/kde3/bin/mcopidl'
MEINPROC='/opt/kde3/bin/meinproc'
MOC='/usr/lib/qt3/bin/moc'
MSGFMT='/usr/bin/msgfmt'
NOOPT_CFLAGS='-O0'
NOOPT_CXXFLAGS='-O0'
NOREPO='-fno-repo'
OBJEXT='o'
PACKAGE='l2swim'
PACKAGE_BUGREPORT=''
PACKAGE_NAME=''
PACKAGE_STRING=''
PACKAGE_TARNAME=''
PACKAGE_VERSION=''
PATH_SEPARATOR=':'
QTE_NORTTI=''
QT_INCLUDES='-I/usr/lib/qt3/include'
QT_LDFLAGS='-L/usr/lib/qt3/lib'
RANLIB='ranlib'
REPO='-frepo'
SET_MAKE=''
SHELL='/bin/sh'
STRIP='strip'
TOPSUBDIRS=' doc l2swim po'
UIC='/usr/lib/qt3/bin/uic -L $(kde_widgetdir) -nounload'
UIC_TR='tr2i18n'
USER_INCLUDES=''
USER_LDFLAGS=''
USE_EXCEPTIONS='-fexceptions'
USE_RTTI=''
USE_THREADS=''
VERSION='0.3b2'
WOVERLOADED_VIRTUAL=''
XGETTEXT='/usr/bin/xgettext'
X_EXTRA_LIBS=''
X_INCLUDES='-I/usr/X11R6/include'
X_LDFLAGS='-L/usr/X11R6/lib'
X_PRE_LIBS=''
ac_ct_CC='gcc'
ac_ct_CXX='g++'
ac_ct_RANLIB='ranlib'
ac_ct_STRIP='strip'
all_includes='-I/opt/kde3/include -I/usr/lib/qt3/include -I/usr/X11R6/include '
all_libraries='-L/usr/X11R6/lib -L/usr/lib/qt3/lib -L/opt/kde3/lib '
am__fastdepCC_FALSE='#'
am__fastdepCC_TRUE=''
am__fastdepCXX_FALSE='#'
am__fastdepCXX_TRUE=''
am__include='include'
am__quote=''
bindir='${exec_prefix}/bin'
build='i686-pc-linux-gnu'
build_alias=''
build_cpu='i686'
build_os='linux-gnu'
build_vendor='pc'
datadir='${prefix}/share'
exec_prefix='${prefix}'
host='i686-pc-linux-gnu'
host_alias=''
host_cpu='i686'
host_os='linux-gnu'
host_vendor='pc'
includedir='${prefix}/include'
infodir='${prefix}/info'
install_sh='/home/nirro/Development/l2swim/admin/install-sh'
kde_appsdir='${prefix}/share/applnk'
kde_bindir='${exec_prefix}/bin'
kde_confdir='${prefix}/share/config'
kde_datadir='${prefix}/share/apps'
kde_htmldir='${prefix}/share/doc/HTML'
kde_icondir='${prefix}/share/icons'
kde_includes='/opt/kde3/include'
kde_libraries='/opt/kde3/lib'
kde_libs_htmldir='/opt/kde3/share/doc/HTML'
kde_libs_prefix='/opt/kde3'
kde_locale='${prefix}/share/locale'
kde_mimedir='${prefix}/share/mimelnk'
kde_moduledir='${libdir}/kde3'
kde_qtver='3'
kde_servicesdir='${prefix}/share/services'
kde_servicetypesdir='${prefix}/share/servicetypes'
kde_sounddir='${prefix}/share/sounds'
kde_styledir='${libdir}/kde3/plugins/styles'
kde_templatesdir='${prefix}/share/templates'
kde_wallpaperdir='${prefix}/share/wallpapers'
kde_widgetdir='/opt/kde3/lib/kde3/plugins/designer'
libdir='${exec_prefix}/lib'
libexecdir='${exec_prefix}/libexec'
localstatedir='${prefix}/var'
mandir='${prefix}/man'
oldincludedir='/usr/include'
prefix='/usr/local/kde'
program_transform_name='s,x,x,'
qt_includes='/usr/lib/qt3/include'
qt_libraries='/usr/lib/qt3/lib'
sbindir='${exec_prefix}/sbin'
sharedstatedir='${prefix}/com'
sysconfdir='${prefix}/etc'
target='i686-pc-linux-gnu'
target_alias=''
target_cpu='i686'
target_os='linux-gnu'
target_vendor='pc'
x_includes='/usr/X11R6/include'
x_libraries='/usr/X11R6/lib'

## ----------- ##
## confdefs.h. ##
## ----------- ##

#define HAVE_CRYPT 1
#define HAVE_DLFCN_H 1
#define HAVE_INTTYPES_H 1
#define HAVE_LIBJPEG 1
#define HAVE_LIBPNG 1
#define HAVE_LIBPTHREAD 1
#define HAVE_LIBZ 1
#define HAVE_MEMORY_H 1
#define HAVE_RES_INIT 1
#define HAVE_RES_INIT 1
#define HAVE_SNPRINTF 1
#define HAVE_STDINT_H 1
#define HAVE_STDINT_H 1
#define HAVE_STDLIB_H 1
#define HAVE_STRINGS_H 1
#define HAVE_STRING_H 1
#define HAVE_SYS_STAT_H 1
#define HAVE_SYS_TYPES_H 1
#define HAVE_SYS_TYPES_H 1
#define HAVE_TEMPLATE_REPOSITORY 1
#define HAVE_UNISTD_H 1
#define HAVE_VSNPRINTF 1
#define KDELIBSUFF ""
#define PACKAGE "l2swim"
#define PACKAGE_BUGREPORT ""
#define PACKAGE_NAME ""
#define PACKAGE_STRING ""
#define PACKAGE_TARNAME ""
#define PACKAGE_VERSION ""
#define SIZEOF_CHAR 1
#define SIZEOF_CHAR_P 4
#define SIZEOF_INT 4
#define SIZEOF_LONG 4
#define STDC_HEADERS 1
#define VERSION "0.3b2"
#define ksize_t socklen_t
#endif
#ifdef __cplusplus
#include <stdlib.h>

configure: exit 0
