This file contains any messages produced by compilers while
running configure, to aid debugging if configure makes a mistake.

It was created by configure, which was
generated by GNU Autoconf 2.57.  Invocation command line was

  $ ./configure --build=i386-linux --host=i386-linux --target=i386-linux CC=gcc CFLAGS= CPPFLAGS= CPP=cpp CXXFLAGS=-O0 -g3 -Wall  CXX=g++ LDFLAGS= build_alias=i386-linux host_alias=i386-linux target_alias=i386-linux --prefix=/usr/kde/3.1 --no-create --no-recursion

## --------- ##
## Platform. ##
## --------- ##

hostname = mainbrain
uname -m = i686
uname -r = 2.4.21
uname -s = Linux
uname -v = #2 Sat Jun 14 00:16:22 IDT 2003

/usr/bin/uname -p = unknown
/bin/uname -X     = unknown

/bin/arch              = i686
/usr/bin/arch -k       = unknown
/usr/convex/getsysinfo = unknown
hostinfo               = unknown
/bin/machine           = unknown
/usr/bin/oslevel       = unknown
/bin/universe          = unknown

PATH: /usr/kde/3.1/bin
PATH: /bin
PATH: /usr/bin
PATH: /usr/local/bin
PATH: /opt/bin
PATH: /usr/i686-pc-linux-gnu/gcc-bin/3.2
PATH: /usr/X11R6/bin
PATH: /opt/blackdown-jre-1.4.1/bin
PATH: /usr/qt/3/bin
PATH: /usr/kde/3.1/bin
PATH: /usr/qt/2/bin
PATH: /usr/games/bin


## ----------- ##
## Core tests. ##
## ----------- ##

configure:1507: checking build system type
configure:1525: result: i386-pc-linux-gnu
configure:1533: checking host system type
configure:1547: result: i386-pc-linux-gnu
configure:1555: checking target system type
configure:1569: result: i386-pc-linux-gnu
configure:1614: checking for a BSD-compatible install
configure:1668: result: /bin/install -c
configure:1683: checking for -p flag to install
configure:1696: result: yes
configure:1707: checking whether build environment is sane
configure:1750: result: yes
configure:1752: checking whether make sets $(MAKE)
configure:1772: result: yes
configure:1804: checking for working aclocal
configure:1811: result: found
configure:1819: checking for working autoconf
configure:1826: result: found
configure:1834: checking for working automake
configure:1841: result: found
configure:1849: checking for working autoheader
configure:1856: result: found
configure:1864: checking for working makeinfo
configure:1871: result: found
configure:2004: checking for i386-linux-gcc
configure:2030: result: gcc
configure:2312: checking for C compiler version
configure:2315: gcc --version </dev/null >&5
gcc (GCC) 3.2.3 20030422 (Gentoo Linux 1.4 3.2.3-r1, propolice)
Copyright (C) 2002 Free Software Foundation, Inc.
This is free software; see the source for copying conditions.  There is NO
warranty; not even for MERCHANTABILITY or FITNESS FOR A PARTICULAR PURPOSE.

configure:2318: $? = 0
configure:2320: gcc -v </dev/null >&5
Reading specs from /usr/lib/gcc-lib/i686-pc-linux-gnu/3.2.3/specs
Configured with: /var/tmp/portage/gcc-3.2.3-r1/work/gcc-3.2.3/configure --prefix=/usr --bindir=/usr/i686-pc-linux-gnu/gcc-bin/3.2 --includedir=/usr/lib/gcc-lib/i686-pc-linux-gnu/3.2.3/include --datadir=/usr/share/gcc-data/i686-pc-linux-gnu/3.2 --mandir=/usr/share/gcc-data/i686-pc-linux-gnu/3.2/man --infodir=/usr/share/gcc-data/i686-pc-linux-gnu/3.2/info --enable-shared --host=i686-pc-linux-gnu --target=i686-pc-linux-gnu --with-system-zlib --enable-languages=c,c++,ada,f77,objc,java --enable-threads=posix --enable-long-long --disable-checking --enable-cstdio=stdio --enable-clocale=generic --enable-__cxa_atexit --enable-version-specific-runtime-libs --with-gxx-include-dir=/usr/lib/gcc-lib/i686-pc-linux-gnu/3.2.3/include/g++-v3 --with-local-prefix=/usr/local --enable-shared --enable-nls --without-included-gettext
Thread model: posix
gcc version 3.2.3 20030422 (Gentoo Linux 1.4 3.2.3-r1, propolice)
configure:2323: $? = 0
configure:2325: gcc -V </dev/null >&5
gcc: argument to `-V' is missing
configure:2328: $? = 1
configure:2352: checking for C compiler default output
configure:2355: gcc     conftest.c  >&5
configure:2358: $? = 0
configure:2404: result: a.out
configure:2409: checking whether the C compiler works
configure:2415: ./a.out
configure:2418: $? = 0
configure:2435: result: yes
configure:2442: checking whether we are cross compiling
configure:2444: result: no
configure:2447: checking for suffix of executables
configure:2449: gcc -o conftest     conftest.c  >&5
configure:2452: $? = 0
configure:2477: result: 
configure:2483: checking for suffix of object files
configure:2505: gcc -c    conftest.c >&5
configure:2508: $? = 0
configure:2530: result: o
configure:2534: checking whether we are using the GNU C compiler
configure:2559: gcc -c    conftest.c >&5
configure:2562: $? = 0
configure:2565: test -s conftest.o
configure:2568: $? = 0
configure:2581: result: yes
configure:2587: checking whether gcc accepts -g
configure:2609: gcc -c -g  conftest.c >&5
configure:2612: $? = 0
configure:2615: test -s conftest.o
configure:2618: $? = 0
configure:2629: result: yes
configure:2646: checking for gcc option to accept ANSI C
configure:2707: gcc  -c    conftest.c >&5
configure:2710: $? = 0
configure:2713: test -s conftest.o
configure:2716: $? = 0
configure:2734: result: none needed
configure:2752: gcc -c    conftest.c >&5
conftest.c:2: parse error before "me"
configure:2755: $? = 1
configure: failed program was:
| #ifndef __cplusplus
|   choke me
| #endif
configure:2870: checking how to run the C preprocessor
configure:2988: result: cpp
configure:3013: cpp  conftest.c
configure:3019: $? = 0
configure:3051: cpp  conftest.c
configure:3052:28: ac_nonexistent.h: No such file or directory
configure:3057: $? = 1
configure: failed program was:
| #line 3042 "configure"
| /* confdefs.h.  */
| 
| #define PACKAGE_NAME ""
| #define PACKAGE_TARNAME ""
| #define PACKAGE_VERSION ""
| #define PACKAGE_STRING ""
| #define PACKAGE_BUGREPORT ""
| #define PACKAGE "iwiz"
| #define VERSION "0.1"
| /* end confdefs.h.  */
| #include <ac_nonexistent.h>
configure:3138: checking for i386-linux-g++
configure:3164: result: g++
configure:3222: checking for C++ compiler version
configure:3225: g++ --version </dev/null >&5
g++ (GCC) 3.2.3 20030422 (Gentoo Linux 1.4 3.2.3-r1, propolice)
Copyright (C) 2002 Free Software Foundation, Inc.
This is free software; see the source for copying conditions.  There is NO
warranty; not even for MERCHANTABILITY or FITNESS FOR A PARTICULAR PURPOSE.

configure:3228: $? = 0
configure:3230: g++ -v </dev/null >&5
Reading specs from /usr/lib/gcc-lib/i686-pc-linux-gnu/3.2.3/specs
Configured with: /var/tmp/portage/gcc-3.2.3-r1/work/gcc-3.2.3/configure --prefix=/usr --bindir=/usr/i686-pc-linux-gnu/gcc-bin/3.2 --includedir=/usr/lib/gcc-lib/i686-pc-linux-gnu/3.2.3/include --datadir=/usr/share/gcc-data/i686-pc-linux-gnu/3.2 --mandir=/usr/share/gcc-data/i686-pc-linux-gnu/3.2/man --infodir=/usr/share/gcc-data/i686-pc-linux-gnu/3.2/info --enable-shared --host=i686-pc-linux-gnu --target=i686-pc-linux-gnu --with-system-zlib --enable-languages=c,c++,ada,f77,objc,java --enable-threads=posix --enable-long-long --disable-checking --enable-cstdio=stdio --enable-clocale=generic --enable-__cxa_atexit --enable-version-specific-runtime-libs --with-gxx-include-dir=/usr/lib/gcc-lib/i686-pc-linux-gnu/3.2.3/include/g++-v3 --with-local-prefix=/usr/local --enable-shared --enable-nls --without-included-gettext
Thread model: posix
gcc version 3.2.3 20030422 (Gentoo Linux 1.4 3.2.3-r1, propolice)
configure:3233: $? = 0
configure:3235: g++ -V </dev/null >&5
g++: argument to `-V' missing

configure:3238: $? = 1
configure:3241: checking whether we are using the GNU C++ compiler
configure:3266: g++ -c  -O0 -g3 -Wall   conftest.cc >&5
configure:3269: $? = 0
configure:3272: test -s conftest.o
configure:3275: $? = 0
configure:3288: result: yes
configure:3294: checking whether g++ accepts -g
configure:3316: g++ -c -g  conftest.cc >&5
configure:3319: $? = 0
configure:3322: test -s conftest.o
configure:3325: $? = 0
configure:3336: result: yes
configure:3380: g++ -c  -O0 -g3 -Wall   conftest.cc >&5
configure:3383: $? = 0
configure:3386: test -s conftest.o
configure:3389: $? = 0
configure:3416: g++ -c  -O0 -g3 -Wall   conftest.cc >&5
configure: In function `int main()':
configure:3413: `exit' undeclared (first use this function)
configure:3413: (Each undeclared identifier is reported only once for each 
   function it appears in.)
configure:3419: $? = 1
configure: failed program was:
| #line 3399 "configure"
| /* confdefs.h.  */
| 
| #define PACKAGE_NAME ""
| #define PACKAGE_TARNAME ""
| #define PACKAGE_VERSION ""
| #define PACKAGE_STRING ""
| #define PACKAGE_BUGREPORT ""
| #define PACKAGE "iwiz"
| #define VERSION "0.1"
| /* end confdefs.h.  */
| 
| int
| main ()
| {
| exit (42);
|   ;
|   return 0;
| }
configure:3380: g++ -c  -O0 -g3 -Wall   conftest.cc >&5
configure:3383: $? = 0
configure:3386: test -s conftest.o
configure:3389: $? = 0
configure:3416: g++ -c  -O0 -g3 -Wall   conftest.cc >&5
configure:3419: $? = 0
configure:3422: test -s conftest.o
configure:3425: $? = 0
configure:3727: checking whether g++ supports -Wundef
configure:3764: rm -rf SunWS_cache; g++ -o conftest -Wall -pedantic -W -Wpointer-arith -Wmissing-prototypes -Wwrite-strings -ansi -D_XOPEN_SOURCE=500 -D_BSD_SOURCE -Wcast-align -Wconversion -O2  -O0 -g3 -Wall  -Wundef   conftest.cc  1>&5
configure:3767: $? = 0
configure:3770: test -s conftest
configure:3773: $? = 0
configure:3793: result: yes
configure:3805: checking whether g++ supports -Wno-long-long
configure:3842: rm -rf SunWS_cache; g++ -o conftest -Wundef -Wall -pedantic -W -Wpointer-arith -Wmissing-prototypes -Wwrite-strings -ansi -D_XOPEN_SOURCE=500 -D_BSD_SOURCE -Wcast-align -Wconversion -O2  -O0 -g3 -Wall  -Wno-long-long   conftest.cc  1>&5
configure:3845: $? = 0
configure:3848: test -s conftest
configure:3851: $? = 0
configure:3871: result: yes
configure:3883: checking whether g++ supports -Wnon-virtual-dtor
configure:3920: rm -rf SunWS_cache; g++ -o conftest -Wno-long-long -Wundef -Wall -pedantic -W -Wpointer-arith -Wmissing-prototypes -Wwrite-strings -ansi -D_XOPEN_SOURCE=500 -D_BSD_SOURCE -Wcast-align -Wconversion -O2  -O0 -g3 -Wall  -Wnon-virtual-dtor   conftest.cc  1>&5
configure:3923: $? = 0
configure:3926: test -s conftest
configure:3929: $? = 0
configure:3949: result: yes
configure:3969: checking whether g++ supports -fno-exceptions
configure:4006: rm -rf SunWS_cache; g++ -o conftest -Wnon-virtual-dtor -Wno-long-long -Wundef -Wall -pedantic -W -Wpointer-arith -Wmissing-prototypes -Wwrite-strings -ansi -D_XOPEN_SOURCE=500 -D_BSD_SOURCE -Wcast-align -Wconversion -O2  -O0 -g3 -Wall  -fno-exceptions   conftest.cc  1>&5
configure:4009: $? = 0
configure:4012: test -s conftest
configure:4015: $? = 0
configure:4035: result: yes
configure:4047: checking whether g++ supports -fno-check-new
configure:4084: rm -rf SunWS_cache; g++ -o conftest -Wnon-virtual-dtor -Wno-long-long -Wundef -Wall -pedantic -W -Wpointer-arith -Wmissing-prototypes -Wwrite-strings -ansi -D_XOPEN_SOURCE=500 -D_BSD_SOURCE -Wcast-align -Wconversion -O2  -O0 -g3 -Wall  -fno-exceptions -fno-check-new   conftest.cc  1>&5
configure:4087: $? = 0
configure:4090: test -s conftest
configure:4093: $? = 0
configure:4113: result: yes
configure:4125: checking whether g++ supports -fexceptions
configure:4162: rm -rf SunWS_cache; g++ -o conftest -Wnon-virtual-dtor -Wno-long-long -Wundef -Wall -pedantic -W -Wpointer-arith -Wmissing-prototypes -Wwrite-strings -ansi -D_XOPEN_SOURCE=500 -D_BSD_SOURCE -Wcast-align -Wconversion -O2  -O0 -g3 -Wall  -fno-exceptions -fno-check-new -fexceptions   conftest.cc  1>&5
configure:4165: $? = 0
configure:4168: test -s conftest
configure:4171: $? = 0
configure:4191: result: yes
configure:4792: checking how to run the C++ preprocessor
configure:4824: g++ -E  conftest.cc
configure:4830: $? = 0
configure:4862: g++ -E  conftest.cc
configure:4866:28: ac_nonexistent.h: No such file or directory
configure:4868: $? = 1
configure: failed program was:
| #line 4853 "configure"
| /* confdefs.h.  */
| 
| #define PACKAGE_NAME ""
| #define PACKAGE_TARNAME ""
| #define PACKAGE_VERSION ""
| #define PACKAGE_STRING ""
| #define PACKAGE_BUGREPORT ""
| #define PACKAGE "iwiz"
| #define VERSION "0.1"
| #ifdef __cplusplus
| #include <stdlib.h>
| #endif
| /* end confdefs.h.  */
| #include <ac_nonexistent.h>
configure:4906: result: g++ -E
configure:4931: g++ -E  conftest.cc
configure:4937: $? = 0
configure:4969: g++ -E  conftest.cc
configure:4973:28: ac_nonexistent.h: No such file or directory
configure:4975: $? = 1
configure: failed program was:
| #line 4960 "configure"
| /* confdefs.h.  */
| 
| #define PACKAGE_NAME ""
| #define PACKAGE_TARNAME ""
| #define PACKAGE_VERSION ""
| #define PACKAGE_STRING ""
| #define PACKAGE_BUGREPORT ""
| #define PACKAGE "iwiz"
| #define VERSION "0.1"
| #ifdef __cplusplus
| #include <stdlib.h>
| #endif
| /* end confdefs.h.  */
| #include <ac_nonexistent.h>
configure:5040: checking whether g++ supports -frepo
configure:5077: rm -rf SunWS_cache; g++ -o conftest -Wnon-virtual-dtor -Wno-long-long -Wundef -Wall -pedantic -W -Wpointer-arith -Wmissing-prototypes -Wwrite-strings -ansi -D_XOPEN_SOURCE=500 -D_BSD_SOURCE -Wcast-align -Wconversion -O2 -O0 -g3 -Wall -fno-exceptions -fno-check-new -frepo   conftest.cc  1>&5
conftest.cc:1: warning: -frepo must be used with -c
configure:5080: $? = 0
configure:5083: test -s conftest
configure:5086: $? = 0
configure:5106: result: yes
configure:5314: result: not using lib directory suffix
configure:5370: checking for ld used by GCC
configure:5434: result: /usr/i686-pc-linux-gnu/bin/ld
configure:5443: checking if the linker (/usr/i686-pc-linux-gnu/bin/ld) is GNU ld
GNU ld version 2.14.90.0.2 20030515
configure:5455: result: yes
configure:5460: checking for /usr/i686-pc-linux-gnu/bin/ld option to reload object files
configure:5467: result: -r
configure:5476: checking for BSD-compatible nm
configure:5511: result: nm
configure:5515: checking for a sed that does not truncate output
configure:5591: result: 
configure:5594: checking whether ln -s works
configure:5598: result: yes
configure:5605: checking how to recognise dependant libraries
configure:5792: result: pass_all
configure:5862: gcc -c -ansi -W -Wall -pedantic -Wshadow -Wpointer-arith -Wmissing-prototypes -Wwrite-strings -D_XOPEN_SOURCE=500 -D_BSD_SOURCE -O2    conftest.c >&5
configure:5865: $? = 0
configure:5951: checking for egrep
configure:5961: result: grep -E
configure:5966: checking for ANSI C header files
configure:5992: gcc -c -ansi -W -Wall -pedantic -Wshadow -Wpointer-arith -Wmissing-prototypes -Wwrite-strings -D_XOPEN_SOURCE=500 -D_BSD_SOURCE -O2    conftest.c >&5
configure:5995: $? = 0
configure:5998: test -s conftest.o
configure:6001: $? = 0
configure:6090: gcc -o conftest -ansi -W -Wall -pedantic -Wshadow -Wpointer-arith -Wmissing-prototypes -Wwrite-strings -D_XOPEN_SOURCE=500 -D_BSD_SOURCE -O2     conftest.c  >&5
configure: In function `main':
configure:6093: warning: implicit declaration of function `exit'
configure:6093: $? = 0
configure:6095: ./conftest
configure:6098: $? = 0
configure:6113: result: yes
configure:6137: checking for sys/types.h
configure:6154: gcc -c -ansi -W -Wall -pedantic -Wshadow -Wpointer-arith -Wmissing-prototypes -Wwrite-strings -D_XOPEN_SOURCE=500 -D_BSD_SOURCE -O2    conftest.c >&5
configure:6157: $? = 0
configure:6160: test -s conftest.o
configure:6163: $? = 0
configure:6174: result: yes
configure:6137: checking for sys/stat.h
configure:6154: gcc -c -ansi -W -Wall -pedantic -Wshadow -Wpointer-arith -Wmissing-prototypes -Wwrite-strings -D_XOPEN_SOURCE=500 -D_BSD_SOURCE -O2    conftest.c >&5
configure:6157: $? = 0
configure:6160: test -s conftest.o
configure:6163: $? = 0
configure:6174: result: yes
configure:6137: checking for stdlib.h
configure:6154: gcc -c -ansi -W -Wall -pedantic -Wshadow -Wpointer-arith -Wmissing-prototypes -Wwrite-strings -D_XOPEN_SOURCE=500 -D_BSD_SOURCE -O2    conftest.c >&5
configure:6157: $? = 0
configure:6160: test -s conftest.o
configure:6163: $? = 0
configure:6174: result: yes
configure:6137: checking for string.h
configure:6154: gcc -c -ansi -W -Wall -pedantic -Wshadow -Wpointer-arith -Wmissing-prototypes -Wwrite-strings -D_XOPEN_SOURCE=500 -D_BSD_SOURCE -O2    conftest.c >&5
configure:6157: $? = 0
configure:6160: test -s conftest.o
configure:6163: $? = 0
configure:6174: result: yes
configure:6137: checking for memory.h
configure:6154: gcc -c -ansi -W -Wall -pedantic -Wshadow -Wpointer-arith -Wmissing-prototypes -Wwrite-strings -D_XOPEN_SOURCE=500 -D_BSD_SOURCE -O2    conftest.c >&5
configure:6157: $? = 0
configure:6160: test -s conftest.o
configure:6163: $? = 0
configure:6174: result: yes
configure:6137: checking for strings.h
configure:6154: gcc -c -ansi -W -Wall -pedantic -Wshadow -Wpointer-arith -Wmissing-prototypes -Wwrite-strings -D_XOPEN_SOURCE=500 -D_BSD_SOURCE -O2    conftest.c >&5
configure:6157: $? = 0
configure:6160: test -s conftest.o
configure:6163: $? = 0
configure:6174: result: yes
configure:6137: checking for inttypes.h
configure:6154: gcc -c -ansi -W -Wall -pedantic -Wshadow -Wpointer-arith -Wmissing-prototypes -Wwrite-strings -D_XOPEN_SOURCE=500 -D_BSD_SOURCE -O2    conftest.c >&5
configure:6157: $? = 0
configure:6160: test -s conftest.o
configure:6163: $? = 0
configure:6174: result: yes
configure:6137: checking for stdint.h
configure:6154: gcc -c -ansi -W -Wall -pedantic -Wshadow -Wpointer-arith -Wmissing-prototypes -Wwrite-strings -D_XOPEN_SOURCE=500 -D_BSD_SOURCE -O2    conftest.c >&5
configure:6157: $? = 0
configure:6160: test -s conftest.o
configure:6163: $? = 0
configure:6174: result: yes
configure:6137: checking for unistd.h
configure:6154: gcc -c -ansi -W -Wall -pedantic -Wshadow -Wpointer-arith -Wmissing-prototypes -Wwrite-strings -D_XOPEN_SOURCE=500 -D_BSD_SOURCE -O2    conftest.c >&5
configure:6157: $? = 0
configure:6160: test -s conftest.o
configure:6163: $? = 0
configure:6174: result: yes
configure:6200: checking dlfcn.h usability
configure:6213: gcc -c -ansi -W -Wall -pedantic -Wshadow -Wpointer-arith -Wmissing-prototypes -Wwrite-strings -D_XOPEN_SOURCE=500 -D_BSD_SOURCE -O2    conftest.c >&5
configure:6216: $? = 0
configure:6219: test -s conftest.o
configure:6222: $? = 0
configure:6232: result: yes
configure:6236: checking dlfcn.h presence
configure:6247: cpp  conftest.c
configure:6253: $? = 0
configure:6272: result: yes
configure:6308: checking for dlfcn.h
configure:6315: result: yes
configure:6332: checking the maximum length of command line arguments
configure:6380: result: 32768
configure:6391: checking command to parse nm output from gcc object
configure:6476: gcc -c -ansi -W -Wall -pedantic -Wshadow -Wpointer-arith -Wmissing-prototypes -Wwrite-strings -D_XOPEN_SOURCE=500 -D_BSD_SOURCE -O2    conftest.c >&5
conftest.c:5: warning: no previous prototype for `nm_test_func'
configure:6479: $? = 0
configure:6483: nm conftest.o \| sed -n -e 's/^.*[ 	]\([ABCDGISTW][ABCDGISTW]*\)[ 	][ 	]*\(\)\([_A-Za-z][_A-Za-z0-9]*\)$/\1 \2\3 \3/p' \> conftest.nm
configure:6486: $? = 0
configure:6538: gcc -o conftest -ansi -W -Wall -pedantic -Wshadow -Wpointer-arith -Wmissing-prototypes -Wwrite-strings -D_XOPEN_SOURCE=500 -D_BSD_SOURCE -O2     conftest.c conftstm.o >&5
configure:6541: $? = 0
configure:6579: result: ok
configure:6583: checking for objdir
configure:6598: result: .libs
configure:6650: checking for i386-linux-ranlib
configure:6679: result: no
configure:6688: checking for ranlib
configure:6704: found /usr/bin/ranlib
configure:6715: result: ranlib
configure:6730: checking for i386-linux-strip
configure:6759: result: no
configure:6768: checking for strip
configure:6784: found /usr/bin/strip
configure:6795: result: strip
configure:7058: checking if gcc static flag  works
conftest.c:1: warning: return type defaults to `int'
configure:7081: result: no
configure:7098: checking if gcc supports -fno-rtti -fno-exceptions
cc1: warning: ignoring command line option '-fno-rtti'
cc1: warning: (it is valid for C++ but not the selected language)
cc1: warning: ignoring command line option '-fno-rtti'
cc1: warning: (it is valid for C++ but not the selected language)
configure:7122: result: no
configure:7137: checking for gcc option to produce PIC
configure:7290: result: -fPIC
configure:7297: checking if gcc PIC flag -fPIC works
configure:7321: result: yes
configure:7345: checking if gcc supports -c -o file.o
configure:7386: result: yes
configure:7412: checking whether the gcc linker (/usr/i686-pc-linux-gnu/bin/ld) supports shared libraries
configure:8195: result: yes
configure:8217: checking whether -lc should be explicitly linked in
configure:8222: gcc -c -ansi -W -Wall -pedantic -Wshadow -Wpointer-arith -Wmissing-prototypes -Wwrite-strings -D_XOPEN_SOURCE=500 -D_BSD_SOURCE -O2    conftest.c >&5
conftest.c:1: warning: `dummy' defined but not used
configure:8225: $? = 0
configure:8239: gcc -shared conftest.o  -v -Wl,-soname -Wl,conftest -o conftest 2\>\&1 \| grep  -lc  \>/dev/null 2\>\&1
configure:8242: $? = 0
configure:8254: result: no
configure:8260: checking how to hardcode library paths into programs
configure:8284: result: immediate
configure:8298: checking whether stripping libraries is possible
configure:8303: result: yes
configure:8310: checking dynamic linker characteristics
configure:8761: result: GNU/Linux ld.so
configure:9414: checking if libtool supports shared libraries
configure:9416: result: yes
configure:9419: checking whether to build shared libraries
configure:9440: result: yes
configure:9443: checking whether to build static libraries
configure:9447: result: no
configure:9526: creating libtool
configure:10251: checking whether the g++ linker (/usr/i686-pc-linux-gnu/bin/ld) supports shared libraries
configure:10906: result: yes
configure:10923: g++ -c -Wnon-virtual-dtor -Wno-long-long -Wundef -Wall -pedantic -W -Wpointer-arith -Wmissing-prototypes -Wwrite-strings -ansi -D_XOPEN_SOURCE=500 -D_BSD_SOURCE -Wcast-align -Wconversion -O2 -O0 -g3 -Wall -fno-exceptions -fno-check-new  conftest.cc >&5
configure:10926: $? = 0
configure:11026: checking for g++ option to produce PIC
configure:11262: result: -fPIC
configure:11269: checking if g++ PIC flag -fPIC works
configure:11293: result: yes
configure:11317: checking if g++ supports -c -o file.o
configure:11358: result: yes
configure:11384: checking whether the g++ linker (/usr/i686-pc-linux-gnu/bin/ld) supports shared libraries
configure:11406: result: yes
configure:11428: checking whether -lc should be explicitly linked in
configure:11433: g++ -c -Wnon-virtual-dtor -Wno-long-long -Wundef -Wall -pedantic -W -Wpointer-arith -Wmissing-prototypes -Wwrite-strings -ansi -D_XOPEN_SOURCE=500 -D_BSD_SOURCE -Wcast-align -Wconversion -O2 -O0 -g3 -Wall -fno-exceptions -fno-check-new  conftest.cc >&5
conftest.cc:1: warning: `int dummy' defined but not used
configure:11436: $? = 0
configure:11450: g++ -shared -nostdlib  conftest.o   -v -Wl,-soname -Wl,conftest -o conftest 2\>\&1 \| grep  -lc  \>/dev/null 2\>\&1
configure:11453: $? = 1
configure:11465: result: yes
configure:11471: checking how to hardcode library paths into programs
configure:11495: result: immediate
configure:11509: checking whether stripping libraries is possible
configure:11514: result: yes
configure:11521: checking dynamic linker characteristics
configure:11972: result: GNU/Linux ld.so
configure:13041: checking if gcj supports -fno-rtti -fno-exceptions
configure:13065: result: no
configure:13080: checking for gcj option to produce PIC
configure:13233: result: -fPIC
configure:13240: checking if gcj PIC flag -fPIC works
configure:13264: result: no
configure:13288: checking if gcj supports -c -o file.o
configure:13329: result: no
configure:13355: checking whether the gcj linker (/usr/i686-pc-linux-gnu/bin/ld) supports shared libraries
configure:14138: result: yes
configure:14160: checking whether -lc should be explicitly linked in
configure:14165: gcj -c -ansi -W -Wall -pedantic -Wshadow -Wpointer-arith -Wmissing-prototypes -Wwrite-strings -D_XOPEN_SOURCE=500 -D_BSD_SOURCE -O2    conftest.java >&5
gcj: can't specify `-D' without `--main'

configure:14168: $? = 1
configure:14197: result: yes
configure:14203: checking how to hardcode library paths into programs
configure:14227: result: immediate
configure:14241: checking whether stripping libraries is possible
configure:14246: result: yes
configure:14253: checking dynamic linker characteristics
configure:14704: result: GNU/Linux ld.so
configure:16249: checking for msgfmt
configure:16276: result: /usr/bin/msgfmt
configure:16285: checking for gmsgfmt
configure:16316: result: /usr/bin/msgfmt
configure:16335: checking for xgettext
configure:16362: result: /usr/bin/xgettext
configure:16461: checking for main in -lutil
configure:16486: gcc -o conftest -ansi -W -Wall -pedantic -Wshadow -Wpointer-arith -Wmissing-prototypes -Wwrite-strings -D_XOPEN_SOURCE=500 -D_BSD_SOURCE -O2     conftest.c -lutil   >&5
configure:16489: $? = 0
configure:16492: test -s conftest
configure:16495: $? = 0
configure:16507: result: yes
configure:16513: checking for main in -lcompat
configure:16538: gcc -o conftest -ansi -W -Wall -pedantic -Wshadow -Wpointer-arith -Wmissing-prototypes -Wwrite-strings -D_XOPEN_SOURCE=500 -D_BSD_SOURCE -O2     conftest.c -lcompat   >&5
/usr/lib/gcc-lib/i686-pc-linux-gnu/3.2.3/../../../../i686-pc-linux-gnu/bin/ld: cannot find -lcompat
collect2: ld returned 1 exit status
configure:16541: $? = 1
configure: failed program was:
| #line 16520 "configure"
| /* confdefs.h.  */
| 
| #define PACKAGE_NAME ""
| #define PACKAGE_TARNAME ""
| #define PACKAGE_VERSION ""
| #define PACKAGE_STRING ""
| #define PACKAGE_BUGREPORT ""
| #define PACKAGE "iwiz"
| #define VERSION "0.1"
| #ifdef __cplusplus
| #include <stdlib.h>
| #endif
| #define HAVE_TEMPLATE_REPOSITORY 1
| #define KDELIBSUFF ""
| #define STDC_HEADERS 1
| #define HAVE_SYS_TYPES_H 1
| #define HAVE_SYS_STAT_H 1
| #define HAVE_STDLIB_H 1
| #define HAVE_STRING_H 1
| #define HAVE_MEMORY_H 1
| #define HAVE_STRINGS_H 1
| #define HAVE_INTTYPES_H 1
| #define HAVE_STDINT_H 1
| #define HAVE_UNISTD_H 1
| #define HAVE_DLFCN_H 1
| /* end confdefs.h.  */
| 
| 
| int
| main ()
| {
| main ();
|   ;
|   return 0;
| }
configure:16559: result: no
configure:16566: checking for crypt in -lcrypt
configure:16597: gcc -o conftest -ansi -W -Wall -pedantic -Wshadow -Wpointer-arith -Wmissing-prototypes -Wwrite-strings -D_XOPEN_SOURCE=500 -D_BSD_SOURCE -O2     conftest.c -lcrypt   >&5
configure:16600: $? = 0
configure:16603: test -s conftest
configure:16606: $? = 0
configure:16618: result: yes
configure:16702: checking for socklen_t
configure:16742: g++ -c -Wnon-virtual-dtor -Wno-long-long -Wundef -Wall -pedantic -W -Wpointer-arith -Wmissing-prototypes -Wwrite-strings -ansi -D_XOPEN_SOURCE=500 -D_BSD_SOURCE -Wcast-align -Wconversion -O2 -O0 -g3 -Wall -fno-exceptions -fno-check-new  conftest.cc >&5
configure:16745: $? = 0
configure:16748: test -s conftest.o
configure:16751: $? = 0
configure:16814: result: socklen_t
configure:16836: checking for dnet_ntoa in -ldnet
configure:16867: gcc -o conftest -ansi -W -Wall -pedantic -Wshadow -Wpointer-arith -Wmissing-prototypes -Wwrite-strings -D_XOPEN_SOURCE=500 -D_BSD_SOURCE -O2     conftest.c -ldnet   >&5
/usr/lib/gcc-lib/i686-pc-linux-gnu/3.2.3/../../../../i686-pc-linux-gnu/bin/ld: cannot find -ldnet
collect2: ld returned 1 exit status
configure:16870: $? = 1
configure: failed program was:
| #line 16843 "configure"
| /* confdefs.h.  */
| 
| #define PACKAGE_NAME ""
| #define PACKAGE_TARNAME ""
| #define PACKAGE_VERSION ""
| #define PACKAGE_STRING ""
| #define PACKAGE_BUGREPORT ""
| #define PACKAGE "iwiz"
| #define VERSION "0.1"
| #ifdef __cplusplus
| #include <stdlib.h>
| #endif
| #define HAVE_TEMPLATE_REPOSITORY 1
| #define KDELIBSUFF ""
| #define STDC_HEADERS 1
| #define HAVE_SYS_TYPES_H 1
| #define HAVE_SYS_STAT_H 1
| #define HAVE_STDLIB_H 1
| #define HAVE_STRING_H 1
| #define HAVE_MEMORY_H 1
| #define HAVE_STRINGS_H 1
| #define HAVE_INTTYPES_H 1
| #define HAVE_STDINT_H 1
| #define HAVE_UNISTD_H 1
| #define HAVE_DLFCN_H 1
| #define HAVE_CRYPT 1
| #define ksize_t socklen_t
| /* end confdefs.h.  */
| 
| /* Override any gcc2 internal prototype to avoid an error.  */
| #ifdef __cplusplus
| extern "C"
| #endif
| /* We use char because int might match the return type of a gcc2
|    builtin and then its argument prototype would still apply.  */
| char dnet_ntoa ();
| int
| main ()
| {
| dnet_ntoa ();
|   ;
|   return 0;
| }
configure:16888: result: no
configure:16895: checking for dnet_ntoa in -ldnet_stub
configure:16926: gcc -o conftest -ansi -W -Wall -pedantic -Wshadow -Wpointer-arith -Wmissing-prototypes -Wwrite-strings -D_XOPEN_SOURCE=500 -D_BSD_SOURCE -O2     conftest.c -ldnet_stub   >&5
/usr/lib/gcc-lib/i686-pc-linux-gnu/3.2.3/../../../../i686-pc-linux-gnu/bin/ld: cannot find -ldnet_stub
collect2: ld returned 1 exit status
configure:16929: $? = 1
configure: failed program was:
| #line 16902 "configure"
| /* confdefs.h.  */
| 
| #define PACKAGE_NAME ""
| #define PACKAGE_TARNAME ""
| #define PACKAGE_VERSION ""
| #define PACKAGE_STRING ""
| #define PACKAGE_BUGREPORT ""
| #define PACKAGE "iwiz"
| #define VERSION "0.1"
| #ifdef __cplusplus
| #include <stdlib.h>
| #endif
| #define HAVE_TEMPLATE_REPOSITORY 1
| #define KDELIBSUFF ""
| #define STDC_HEADERS 1
| #define HAVE_SYS_TYPES_H 1
| #define HAVE_SYS_STAT_H 1
| #define HAVE_STDLIB_H 1
| #define HAVE_STRING_H 1
| #define HAVE_MEMORY_H 1
| #define HAVE_STRINGS_H 1
| #define HAVE_INTTYPES_H 1
| #define HAVE_STDINT_H 1
| #define HAVE_UNISTD_H 1
| #define HAVE_DLFCN_H 1
| #define HAVE_CRYPT 1
| #define ksize_t socklen_t
| /* end confdefs.h.  */
| 
| /* Override any gcc2 internal prototype to avoid an error.  */
| #ifdef __cplusplus
| extern "C"
| #endif
| /* We use char because int might match the return type of a gcc2
|    builtin and then its argument prototype would still apply.  */
| char dnet_ntoa ();
| int
| main ()
| {
| dnet_ntoa ();
|   ;
|   return 0;
| }
configure:16947: result: no
configure:16954: checking for inet_ntoa
configure:17004: gcc -o conftest -ansi -W -Wall -pedantic -Wshadow -Wpointer-arith -Wmissing-prototypes -Wwrite-strings -D_XOPEN_SOURCE=500 -D_BSD_SOURCE -O2     conftest.c  >&5
configure:17007: $? = 0
configure:17010: test -s conftest
configure:17013: $? = 0
configure:17024: result: yes
configure:17087: checking for connect
configure:17137: gcc -o conftest -ansi -W -Wall -pedantic -Wshadow -Wpointer-arith -Wmissing-prototypes -Wwrite-strings -D_XOPEN_SOURCE=500 -D_BSD_SOURCE -O2     conftest.c  >&5
configure:17140: $? = 0
configure:17143: test -s conftest
configure:17146: $? = 0
configure:17157: result: yes
configure:17221: checking for remove
configure:17271: gcc -o conftest -ansi -W -Wall -pedantic -Wshadow -Wpointer-arith -Wmissing-prototypes -Wwrite-strings -D_XOPEN_SOURCE=500 -D_BSD_SOURCE -O2     conftest.c  >&5
configure:17274: $? = 0
configure:17277: test -s conftest
configure:17280: $? = 0
configure:17291: result: yes
configure:17356: checking for shmat
configure:17406: gcc -o conftest -ansi -W -Wall -pedantic -Wshadow -Wpointer-arith -Wmissing-prototypes -Wwrite-strings -D_XOPEN_SOURCE=500 -D_BSD_SOURCE -O2     conftest.c  >&5
configure:17409: $? = 0
configure:17412: test -s conftest
configure:17415: $? = 0
configure:17426: result: yes
configure:17507: checking crt_externs.h usability
configure:17520: gcc -c -ansi -W -Wall -pedantic -Wshadow -Wpointer-arith -Wmissing-prototypes -Wwrite-strings -D_XOPEN_SOURCE=500 -D_BSD_SOURCE -O2    conftest.c >&5
configure:17571:25: crt_externs.h: No such file or directory
configure:17523: $? = 1
configure: failed program was:
| #line 17509 "configure"
| /* confdefs.h.  */
| 
| #define PACKAGE_NAME ""
| #define PACKAGE_TARNAME ""
| #define PACKAGE_VERSION ""
| #define PACKAGE_STRING ""
| #define PACKAGE_BUGREPORT ""
| #define PACKAGE "iwiz"
| #define VERSION "0.1"
| #ifdef __cplusplus
| #include <stdlib.h>
| #endif
| #define HAVE_TEMPLATE_REPOSITORY 1
| #define KDELIBSUFF ""
| #define STDC_HEADERS 1
| #define HAVE_SYS_TYPES_H 1
| #define HAVE_SYS_STAT_H 1
| #define HAVE_STDLIB_H 1
| #define HAVE_STRING_H 1
| #define HAVE_MEMORY_H 1
| #define HAVE_STRINGS_H 1
| #define HAVE_INTTYPES_H 1
| #define HAVE_STDINT_H 1
| #define HAVE_UNISTD_H 1
| #define HAVE_DLFCN_H 1
| #define HAVE_CRYPT 1
| #define ksize_t socklen_t
| /* end confdefs.h.  */
| #include <stdio.h>
| #if HAVE_SYS_TYPES_H
| # include <sys/types.h>
| #endif
| #if HAVE_SYS_STAT_H
| # include <sys/stat.h>
| #endif
| #if STDC_HEADERS
| # include <stdlib.h>
| # include <stddef.h>
| #else
| # if HAVE_STDLIB_H
| #  include <stdlib.h>
| # endif
| #endif
| #if HAVE_STRING_H
| # if !STDC_HEADERS && HAVE_MEMORY_H
| #  include <memory.h>
| # endif
| # include <string.h>
| #endif
| #if HAVE_STRINGS_H
| # include <strings.h>
| #endif
| #if HAVE_INTTYPES_H
| # include <inttypes.h>
| #else
| # if HAVE_STDINT_H
| #  include <stdint.h>
| # endif
| #endif
| #if HAVE_UNISTD_H
| # include <unistd.h>
| #endif
| #include <crt_externs.h>
configure:17539: result: no
configure:17543: checking crt_externs.h presence
configure:17554: cpp  conftest.c
configure:17573:25: crt_externs.h: No such file or directory
configure:17560: $? = 1
configure: failed program was:
| #line 17545 "configure"
| /* confdefs.h.  */
| 
| #define PACKAGE_NAME ""
| #define PACKAGE_TARNAME ""
| #define PACKAGE_VERSION ""
| #define PACKAGE_STRING ""
| #define PACKAGE_BUGREPORT ""
| #define PACKAGE "iwiz"
| #define VERSION "0.1"
| #ifdef __cplusplus
| #include <stdlib.h>
| #endif
| #define HAVE_TEMPLATE_REPOSITORY 1
| #define KDELIBSUFF ""
| #define STDC_HEADERS 1
| #define HAVE_SYS_TYPES_H 1
| #define HAVE_SYS_STAT_H 1
| #define HAVE_STDLIB_H 1
| #define HAVE_STRING_H 1
| #define HAVE_MEMORY_H 1
| #define HAVE_STRINGS_H 1
| #define HAVE_INTTYPES_H 1
| #define HAVE_STDINT_H 1
| #define HAVE_UNISTD_H 1
| #define HAVE_DLFCN_H 1
| #define HAVE_CRYPT 1
| #define ksize_t socklen_t
| /* end confdefs.h.  */
| #include <crt_externs.h>
configure:17579: result: no
configure:17615: checking for crt_externs.h
configure:17622: result: no
configure:17635: checking for _NSGetEnviron
configure:17685: gcc -o conftest -ansi -W -Wall -pedantic -Wshadow -Wpointer-arith -Wmissing-prototypes -Wwrite-strings -D_XOPEN_SOURCE=500 -D_BSD_SOURCE -O2     conftest.c  >&5
/tmp/ccqfhWRl.o(.text+0x11): In function `main':
: undefined reference to `_NSGetEnviron'
/tmp/ccqfhWRl.o(.data+0x0): undefined reference to `_NSGetEnviron'
collect2: ld returned 1 exit status
configure:17688: $? = 1
configure: failed program was:
| #line 17640 "configure"
| /* confdefs.h.  */
| 
| #define PACKAGE_NAME ""
| #define PACKAGE_TARNAME ""
| #define PACKAGE_VERSION ""
| #define PACKAGE_STRING ""
| #define PACKAGE_BUGREPORT ""
| #define PACKAGE "iwiz"
| #define VERSION "0.1"
| #ifdef __cplusplus
| #include <stdlib.h>
| #endif
| #define HAVE_TEMPLATE_REPOSITORY 1
| #define KDELIBSUFF ""
| #define STDC_HEADERS 1
| #define HAVE_SYS_TYPES_H 1
| #define HAVE_SYS_STAT_H 1
| #define HAVE_STDLIB_H 1
| #define HAVE_STRING_H 1
| #define HAVE_MEMORY_H 1
| #define HAVE_STRINGS_H 1
| #define HAVE_INTTYPES_H 1
| #define HAVE_STDINT_H 1
| #define HAVE_UNISTD_H 1
| #define HAVE_DLFCN_H 1
| #define HAVE_CRYPT 1
| #define ksize_t socklen_t
| /* end confdefs.h.  */
| /* System header to define __stub macros and hopefully few prototypes,
|     which can conflict with char _NSGetEnviron (); below.
|     Prefer <limits.h> to <assert.h> if __STDC__ is defined, since
|     <limits.h> exists even on freestanding compilers.  */
| #ifdef __STDC__
| # include <limits.h>
| #else
| # include <assert.h>
| #endif
| /* Override any gcc2 internal prototype to avoid an error.  */
| #ifdef __cplusplus
| extern "C"
| {
| #endif
| /* We use char because int might match the return type of a gcc2
|    builtin and then its argument prototype would still apply.  */
| char _NSGetEnviron ();
| /* The GNU C library defines this for functions which it implements
|     to always fail with ENOSYS.  Some functions are actually named
|     something starting with __ and the normal name is an alias.  */
| #if defined (__stub__NSGetEnviron) || defined (__stub____NSGetEnviron)
| choke me
| #else
| char (*f) () = _NSGetEnviron;
| #endif
| #ifdef __cplusplus
| }
| #endif
| 
| int
| main ()
| {
| return f != _NSGetEnviron;
|   ;
|   return 0;
| }
configure:17705: result: no
configure:17723: checking for sys/types.h
configure:17728: result: yes
configure:17723: checking for stdint.h
configure:17728: result: yes
configure:17862: checking for poll in -lpoll
configure:17893: gcc -o conftest -ansi -W -Wall -pedantic -Wshadow -Wpointer-arith -Wmissing-prototypes -Wwrite-strings -D_XOPEN_SOURCE=500 -D_BSD_SOURCE -O2     conftest.c -lpoll   >&5
/usr/lib/gcc-lib/i686-pc-linux-gnu/3.2.3/../../../../i686-pc-linux-gnu/bin/ld: cannot find -lpoll
collect2: ld returned 1 exit status
configure:17896: $? = 1
configure: failed program was:
| #line 17869 "configure"
| /* confdefs.h.  */
| 
| #define PACKAGE_NAME ""
| #define PACKAGE_TARNAME ""
| #define PACKAGE_VERSION ""
| #define PACKAGE_STRING ""
| #define PACKAGE_BUGREPORT ""
| #define PACKAGE "iwiz"
| #define VERSION "0.1"
| #ifdef __cplusplus
| #include <stdlib.h>
| #endif
| #define HAVE_TEMPLATE_REPOSITORY 1
| #define KDELIBSUFF ""
| #define STDC_HEADERS 1
| #define HAVE_SYS_TYPES_H 1
| #define HAVE_SYS_STAT_H 1
| #define HAVE_STDLIB_H 1
| #define HAVE_STRING_H 1
| #define HAVE_MEMORY_H 1
| #define HAVE_STRINGS_H 1
| #define HAVE_INTTYPES_H 1
| #define HAVE_STDINT_H 1
| #define HAVE_UNISTD_H 1
| #define HAVE_DLFCN_H 1
| #define HAVE_CRYPT 1
| #define ksize_t socklen_t
| #define HAVE_SYS_TYPES_H 1
| #define HAVE_STDINT_H 1
| /* end confdefs.h.  */
| 
| /* Override any gcc2 internal prototype to avoid an error.  */
| #ifdef __cplusplus
| extern "C"
| #endif
| /* We use char because int might match the return type of a gcc2
|    builtin and then its argument prototype would still apply.  */
| char poll ();
| int
| main ()
| {
| poll ();
|   ;
|   return 0;
| }
configure:17914: result: no
configure:17932: checking CoreAudio/CoreAudio.h usability
configure:17945: gcc -c -ansi -W -Wall -pedantic -Wshadow -Wpointer-arith -Wmissing-prototypes -Wwrite-strings -D_XOPEN_SOURCE=500 -D_BSD_SOURCE -O2    conftest.c >&5
configure:17998:33: CoreAudio/CoreAudio.h: No such file or directory
configure:17948: $? = 1
configure: failed program was:
| #line 17934 "configure"
| /* confdefs.h.  */
| 
| #define PACKAGE_NAME ""
| #define PACKAGE_TARNAME ""
| #define PACKAGE_VERSION ""
| #define PACKAGE_STRING ""
| #define PACKAGE_BUGREPORT ""
| #define PACKAGE "iwiz"
| #define VERSION "0.1"
| #ifdef __cplusplus
| #include <stdlib.h>
| #endif
| #define HAVE_TEMPLATE_REPOSITORY 1
| #define KDELIBSUFF ""
| #define STDC_HEADERS 1
| #define HAVE_SYS_TYPES_H 1
| #define HAVE_SYS_STAT_H 1
| #define HAVE_STDLIB_H 1
| #define HAVE_STRING_H 1
| #define HAVE_MEMORY_H 1
| #define HAVE_STRINGS_H 1
| #define HAVE_INTTYPES_H 1
| #define HAVE_STDINT_H 1
| #define HAVE_UNISTD_H 1
| #define HAVE_DLFCN_H 1
| #define HAVE_CRYPT 1
| #define ksize_t socklen_t
| #define HAVE_SYS_TYPES_H 1
| #define HAVE_STDINT_H 1
| /* end confdefs.h.  */
| #include <stdio.h>
| #if HAVE_SYS_TYPES_H
| # include <sys/types.h>
| #endif
| #if HAVE_SYS_STAT_H
| # include <sys/stat.h>
| #endif
| #if STDC_HEADERS
| # include <stdlib.h>
| # include <stddef.h>
| #else
| # if HAVE_STDLIB_H
| #  include <stdlib.h>
| # endif
| #endif
| #if HAVE_STRING_H
| # if !STDC_HEADERS && HAVE_MEMORY_H
| #  include <memory.h>
| # endif
| # include <string.h>
| #endif
| #if HAVE_STRINGS_H
| # include <strings.h>
| #endif
| #if HAVE_INTTYPES_H
| # include <inttypes.h>
| #else
| # if HAVE_STDINT_H
| #  include <stdint.h>
| # endif
| #endif
| #if HAVE_UNISTD_H
| # include <unistd.h>
| #endif
| #include <CoreAudio/CoreAudio.h>
configure:17964: result: no
configure:17968: checking CoreAudio/CoreAudio.h presence
configure:17979: cpp  conftest.c
configure:18000:33: CoreAudio/CoreAudio.h: No such file or directory
configure:17985: $? = 1
configure: failed program was:
| #line 17970 "configure"
| /* confdefs.h.  */
| 
| #define PACKAGE_NAME ""
| #define PACKAGE_TARNAME ""
| #define PACKAGE_VERSION ""
| #define PACKAGE_STRING ""
| #define PACKAGE_BUGREPORT ""
| #define PACKAGE "iwiz"
| #define VERSION "0.1"
| #ifdef __cplusplus
| #include <stdlib.h>
| #endif
| #define HAVE_TEMPLATE_REPOSITORY 1
| #define KDELIBSUFF ""
| #define STDC_HEADERS 1
| #define HAVE_SYS_TYPES_H 1
| #define HAVE_SYS_STAT_H 1
| #define HAVE_STDLIB_H 1
| #define HAVE_STRING_H 1
| #define HAVE_MEMORY_H 1
| #define HAVE_STRINGS_H 1
| #define HAVE_INTTYPES_H 1
| #define HAVE_STDINT_H 1
| #define HAVE_UNISTD_H 1
| #define HAVE_DLFCN_H 1
| #define HAVE_CRYPT 1
| #define ksize_t socklen_t
| #define HAVE_SYS_TYPES_H 1
| #define HAVE_STDINT_H 1
| /* end confdefs.h.  */
| #include <CoreAudio/CoreAudio.h>
configure:18004: result: no
configure:18040: checking for CoreAudio/CoreAudio.h
configure:18047: result: no
configure:18065: checking if res_init needs -lresolv
configure:18093: gcc -o conftest -ansi -W -Wall -pedantic -Wshadow -Wpointer-arith -Wmissing-prototypes -Wwrite-strings -D_XOPEN_SOURCE=500 -D_BSD_SOURCE -O2     conftest.c   -lresolv >&5
configure:18096: $? = 0
configure:18099: test -s conftest
configure:18102: $? = 0
configure:18106: result: yes
configure:18126: checking if res_init is available
configure:18152: gcc -c -ansi -W -Wall -pedantic -Wshadow -Wpointer-arith -Wmissing-prototypes -Wwrite-strings -D_XOPEN_SOURCE=500 -D_BSD_SOURCE -O2    conftest.c >&5
configure:18155: $? = 0
configure:18158: test -s conftest.o
configure:18161: $? = 0
configure:18164: result: yes
configure:18187: checking for killpg in -lucb
configure:18218: gcc -o conftest -ansi -W -Wall -pedantic -Wshadow -Wpointer-arith -Wmissing-prototypes -Wwrite-strings -D_XOPEN_SOURCE=500 -D_BSD_SOURCE -O2     conftest.c -lucb   >&5
/usr/lib/gcc-lib/i686-pc-linux-gnu/3.2.3/../../../../i686-pc-linux-gnu/bin/ld: cannot find -lucb
collect2: ld returned 1 exit status
configure:18221: $? = 1
configure: failed program was:
| #line 18194 "configure"
| /* confdefs.h.  */
| 
| #define PACKAGE_NAME ""
| #define PACKAGE_TARNAME ""
| #define PACKAGE_VERSION ""
| #define PACKAGE_STRING ""
| #define PACKAGE_BUGREPORT ""
| #define PACKAGE "iwiz"
| #define VERSION "0.1"
| #ifdef __cplusplus
| #include <stdlib.h>
| #endif
| #define HAVE_TEMPLATE_REPOSITORY 1
| #define KDELIBSUFF ""
| #define STDC_HEADERS 1
| #define HAVE_SYS_TYPES_H 1
| #define HAVE_SYS_STAT_H 1
| #define HAVE_STDLIB_H 1
| #define HAVE_STRING_H 1
| #define HAVE_MEMORY_H 1
| #define HAVE_STRINGS_H 1
| #define HAVE_INTTYPES_H 1
| #define HAVE_STDINT_H 1
| #define HAVE_UNISTD_H 1
| #define HAVE_DLFCN_H 1
| #define HAVE_CRYPT 1
| #define ksize_t socklen_t
| #define HAVE_SYS_TYPES_H 1
| #define HAVE_STDINT_H 1
| #define HAVE_RES_INIT 1
| #define HAVE_RES_INIT 1
| /* end confdefs.h.  */
| 
| /* Override any gcc2 internal prototype to avoid an error.  */
| #ifdef __cplusplus
| extern "C"
| #endif
| /* We use char because int might match the return type of a gcc2
|    builtin and then its argument prototype would still apply.  */
| char killpg ();
| int
| main ()
| {
| killpg ();
|   ;
|   return 0;
| }
configure:18239: result: no
configure:18312: checking for int
configure:18337: gcc -c -ansi -W -Wall -pedantic -Wshadow -Wpointer-arith -Wmissing-prototypes -Wwrite-strings -D_XOPEN_SOURCE=500 -D_BSD_SOURCE -O2    conftest.c >&5
configure:18340: $? = 0
configure:18343: test -s conftest.o
configure:18346: $? = 0
configure:18357: result: yes
configure:18360: checking size of int
configure:18635: gcc -o conftest -ansi -W -Wall -pedantic -Wshadow -Wpointer-arith -Wmissing-prototypes -Wwrite-strings -D_XOPEN_SOURCE=500 -D_BSD_SOURCE -O2     conftest.c  >&5
configure:18661: warning: no previous prototype for `longval'
configure:18662: warning: no previous prototype for `ulongval'
configure:18638: $? = 0
configure:18640: ./conftest
configure:18643: $? = 0
configure:18666: result: 4
configure:18672: checking for long
configure:18697: gcc -c -ansi -W -Wall -pedantic -Wshadow -Wpointer-arith -Wmissing-prototypes -Wwrite-strings -D_XOPEN_SOURCE=500 -D_BSD_SOURCE -O2    conftest.c >&5
configure:18700: $? = 0
configure:18703: test -s conftest.o
configure:18706: $? = 0
configure:18717: result: yes
configure:18720: checking size of long
configure:18995: gcc -o conftest -ansi -W -Wall -pedantic -Wshadow -Wpointer-arith -Wmissing-prototypes -Wwrite-strings -D_XOPEN_SOURCE=500 -D_BSD_SOURCE -O2     conftest.c  >&5
configure:19022: warning: no previous prototype for `longval'
configure:19023: warning: no previous prototype for `ulongval'
configure:18998: $? = 0
configure:19000: ./conftest
configure:19003: $? = 0
configure:19026: result: 4
configure:19032: checking for char *
configure:19057: gcc -c -ansi -W -Wall -pedantic -Wshadow -Wpointer-arith -Wmissing-prototypes -Wwrite-strings -D_XOPEN_SOURCE=500 -D_BSD_SOURCE -O2    conftest.c >&5
configure:19060: $? = 0
configure:19063: test -s conftest.o
configure:19066: $? = 0
configure:19077: result: yes
configure:19080: checking size of char *
configure:19355: gcc -o conftest -ansi -W -Wall -pedantic -Wshadow -Wpointer-arith -Wmissing-prototypes -Wwrite-strings -D_XOPEN_SOURCE=500 -D_BSD_SOURCE -O2     conftest.c  >&5
configure:19383: warning: no previous prototype for `longval'
configure:19384: warning: no previous prototype for `ulongval'
configure:19358: $? = 0
configure:19360: ./conftest
configure:19363: $? = 0
configure:19386: result: 4
configure:19392: checking for char
configure:19417: gcc -c -ansi -W -Wall -pedantic -Wshadow -Wpointer-arith -Wmissing-prototypes -Wwrite-strings -D_XOPEN_SOURCE=500 -D_BSD_SOURCE -O2    conftest.c >&5
configure:19420: $? = 0
configure:19423: test -s conftest.o
configure:19426: $? = 0
configure:19437: result: yes
configure:19440: checking size of char
configure:19715: gcc -o conftest -ansi -W -Wall -pedantic -Wshadow -Wpointer-arith -Wmissing-prototypes -Wwrite-strings -D_XOPEN_SOURCE=500 -D_BSD_SOURCE -O2     conftest.c  >&5
configure:19744: warning: no previous prototype for `longval'
configure:19745: warning: no previous prototype for `ulongval'
configure:19718: $? = 0
configure:19720: ./conftest
configure:19723: $? = 0
configure:19746: result: 1
configure:19754: checking for dlopen in -ldl
configure:19785: gcc -o conftest -ansi -W -Wall -pedantic -Wshadow -Wpointer-arith -Wmissing-prototypes -Wwrite-strings -D_XOPEN_SOURCE=500 -D_BSD_SOURCE -O2     conftest.c -ldl   >&5
configure:19788: $? = 0
configure:19791: test -s conftest
configure:19794: $? = 0
configure:19806: result: yes
configure:19816: checking for shl_unload in -ldld
configure:19847: gcc -o conftest -ansi -W -Wall -pedantic -Wshadow -Wpointer-arith -Wmissing-prototypes -Wwrite-strings -D_XOPEN_SOURCE=500 -D_BSD_SOURCE -O2     conftest.c -ldld   >&5
/usr/lib/gcc-lib/i686-pc-linux-gnu/3.2.3/../../../../i686-pc-linux-gnu/bin/ld: cannot find -ldld
collect2: ld returned 1 exit status
configure:19850: $? = 1
configure: failed program was:
| #line 19823 "configure"
| /* confdefs.h.  */
| 
| #define PACKAGE_NAME ""
| #define PACKAGE_TARNAME ""
| #define PACKAGE_VERSION ""
| #define PACKAGE_STRING ""
| #define PACKAGE_BUGREPORT ""
| #define PACKAGE "iwiz"
| #define VERSION "0.1"
| #ifdef __cplusplus
| #include <stdlib.h>
| #endif
| #define HAVE_TEMPLATE_REPOSITORY 1
| #define KDELIBSUFF ""
| #define STDC_HEADERS 1
| #define HAVE_SYS_TYPES_H 1
| #define HAVE_SYS_STAT_H 1
| #define HAVE_STDLIB_H 1
| #define HAVE_STRING_H 1
| #define HAVE_MEMORY_H 1
| #define HAVE_STRINGS_H 1
| #define HAVE_INTTYPES_H 1
| #define HAVE_STDINT_H 1
| #define HAVE_UNISTD_H 1
| #define HAVE_DLFCN_H 1
| #define HAVE_CRYPT 1
| #define ksize_t socklen_t
| #define HAVE_SYS_TYPES_H 1
| #define HAVE_STDINT_H 1
| #define HAVE_RES_INIT 1
| #define HAVE_RES_INIT 1
| #define SIZEOF_INT 4
| #define SIZEOF_LONG 4
| #define SIZEOF_CHAR_P 4
| #define SIZEOF_CHAR 1
| /* end confdefs.h.  */
| 
| /* Override any gcc2 internal prototype to avoid an error.  */
| #ifdef __cplusplus
| extern "C"
| #endif
| /* We use char because int might match the return type of a gcc2
|    builtin and then its argument prototype would still apply.  */
| char shl_unload ();
| int
| main ()
| {
| shl_unload ();
|   ;
|   return 0;
| }
configure:19868: result: no
configure:19889: checking for vsnprintf
configure:19939: gcc -o conftest -ansi -W -Wall -pedantic -Wshadow -Wpointer-arith -Wmissing-prototypes -Wwrite-strings -D_XOPEN_SOURCE=500 -D_BSD_SOURCE -O2     conftest.c  >&5
configure:19942: $? = 0
configure:19945: test -s conftest
configure:19948: $? = 0
configure:19959: result: yes
configure:19889: checking for snprintf
configure:19939: gcc -o conftest -ansi -W -Wall -pedantic -Wshadow -Wpointer-arith -Wmissing-prototypes -Wwrite-strings -D_XOPEN_SOURCE=500 -D_BSD_SOURCE -O2     conftest.c  >&5
configure:19942: $? = 0
configure:19945: test -s conftest
configure:19948: $? = 0
configure:19959: result: yes
configure:19997: checking for X
configure:20043: cpp  conftest.c
configure:20049: $? = 0
configure:20140: gcc -o conftest -ansi -W -Wall -pedantic -Wshadow -Wpointer-arith -Wmissing-prototypes -Wwrite-strings -D_XOPEN_SOURCE=500 -D_BSD_SOURCE -O2     conftest.c -lXt  >&5
configure: In function `main':
configure:20165: warning: implicit declaration of function `XtMalloc'
/usr/lib/gcc-lib/i686-pc-linux-gnu/3.2.3/../../../../i686-pc-linux-gnu/bin/ld: cannot find -lXt
collect2: ld returned 1 exit status
configure:20143: $? = 1
configure: failed program was:
| #line 20123 "configure"
| /* confdefs.h.  */
| 
| #define PACKAGE_NAME ""
| #define PACKAGE_TARNAME ""
| #define PACKAGE_VERSION ""
| #define PACKAGE_STRING ""
| #define PACKAGE_BUGREPORT ""
| #define PACKAGE "iwiz"
| #define VERSION "0.1"
| #ifdef __cplusplus
| #include <stdlib.h>
| #endif
| #define HAVE_TEMPLATE_REPOSITORY 1
| #define KDELIBSUFF ""
| #define STDC_HEADERS 1
| #define HAVE_SYS_TYPES_H 1
| #define HAVE_SYS_STAT_H 1
| #define HAVE_STDLIB_H 1
| #define HAVE_STRING_H 1
| #define HAVE_MEMORY_H 1
| #define HAVE_STRINGS_H 1
| #define HAVE_INTTYPES_H 1
| #define HAVE_STDINT_H 1
| #define HAVE_UNISTD_H 1
| #define HAVE_DLFCN_H 1
| #define HAVE_CRYPT 1
| #define ksize_t socklen_t
| #define HAVE_SYS_TYPES_H 1
| #define HAVE_STDINT_H 1
| #define HAVE_RES_INIT 1
| #define HAVE_RES_INIT 1
| #define SIZEOF_INT 4
| #define SIZEOF_LONG 4
| #define SIZEOF_CHAR_P 4
| #define SIZEOF_CHAR 1
| #define HAVE_VSNPRINTF 1
| #define HAVE_SNPRINTF 1
| /* end confdefs.h.  */
| 
| int
| main ()
| {
| XtMalloc()
|   ;
|   return 0;
| }
configure:20294: result: libraries /usr/X11R6/lib, headers /usr/X11R6/include
configure:20328: checking for IceConnectionNumber in -lICE
configure:20359: gcc -o conftest -ansi -W -Wall -pedantic -Wshadow -Wpointer-arith -Wmissing-prototypes -Wwrite-strings -D_XOPEN_SOURCE=500 -D_BSD_SOURCE -O2     -L/usr/X11R6/lib conftest.c -lICE   >&5
configure:20362: $? = 0
configure:20365: test -s conftest
configure:20368: $? = 0
configure:20380: result: yes
configure:20394: checking for libXext
configure:20430: gcc -o conftest -ansi -W -Wall -pedantic -Wshadow -Wpointer-arith -Wmissing-prototypes -Wwrite-strings -D_XOPEN_SOURCE=500 -D_BSD_SOURCE -O2     -L/usr/X11R6/lib  conftest.c -lXext -lX11  >&5
configure:20433: $? = 0
configure:20436: test -s conftest
configure:20439: $? = 0
configure:20457: result: yes
configure:20470: checking for Xinerama
configure:20544: result: no
configure:20600: checking for pthread_create in -lpthread
configure:20631: gcc -o conftest -ansi -W -Wall -pedantic -Wshadow -Wpointer-arith -Wmissing-prototypes -Wwrite-strings -D_XOPEN_SOURCE=500 -D_BSD_SOURCE -O2     conftest.c -lpthread   >&5
configure:20634: $? = 0
configure:20637: test -s conftest
configure:20640: $? = 0
configure:20652: result: yes
configure:21072: checking for extra includes
configure:21100: result: no
configure:21104: checking for extra libs
configure:21133: result: no
configure:21139: checking for libz
configure:21174: gcc -o conftest -ansi -W -Wall -pedantic -Wshadow -Wpointer-arith -Wmissing-prototypes -Wwrite-strings -D_XOPEN_SOURCE=500 -D_BSD_SOURCE -O2   -I/usr/X11R6/include   -D_REENTRANT  conftest.c -L/usr/X11R6/lib  -lz  >&5
configure:21177: $? = 0
configure:21180: test -s conftest
configure:21183: $? = 0
configure:21205: result: -lz
configure:21218: checking for libpng
configure:21261: gcc -o conftest -ansi -W -Wall -pedantic -Wshadow -Wpointer-arith -Wmissing-prototypes -Wwrite-strings -D_XOPEN_SOURCE=500 -D_BSD_SOURCE -O2   -I/usr/X11R6/include   -D_REENTRANT  conftest.c  -L/usr/X11R6/lib  -lpng -lz -lm -lX11  >&5
configure:21264: $? = 0
configure:21267: test -s conftest
configure:21270: $? = 0
configure:21293: result: -lpng -lz -lm
configure:21304: checking for libjpeg6b
configure:21351: gcc -o conftest -ansi -W -Wall -pedantic -Wshadow -Wpointer-arith -Wmissing-prototypes -Wwrite-strings -D_XOPEN_SOURCE=500 -D_BSD_SOURCE -O2   -I/usr/X11R6/include   -D_REENTRANT  conftest.c -L/usr/X11R6/lib  -ljpeg6b -lm >&5
/usr/lib/gcc-lib/i686-pc-linux-gnu/3.2.3/../../../../i686-pc-linux-gnu/bin/ld: cannot find -ljpeg6b
collect2: ld returned 1 exit status
configure:21354: $? = 1
configure: failed program was:
| #line 21320 "configure"
| /* confdefs.h.  */
| 
| #define PACKAGE_NAME ""
| #define PACKAGE_TARNAME ""
| #define PACKAGE_VERSION ""
| #define PACKAGE_STRING ""
| #define PACKAGE_BUGREPORT ""
| #define PACKAGE "iwiz"
| #define VERSION "0.1"
| #ifdef __cplusplus
| #include <stdlib.h>
| #endif
| #define HAVE_TEMPLATE_REPOSITORY 1
| #define KDELIBSUFF ""
| #define STDC_HEADERS 1
| #define HAVE_SYS_TYPES_H 1
| #define HAVE_SYS_STAT_H 1
| #define HAVE_STDLIB_H 1
| #define HAVE_STRING_H 1
| #define HAVE_MEMORY_H 1
| #define HAVE_STRINGS_H 1
| #define HAVE_INTTYPES_H 1
| #define HAVE_STDINT_H 1
| #define HAVE_UNISTD_H 1
| #define HAVE_DLFCN_H 1
| #define HAVE_CRYPT 1
| #define ksize_t socklen_t
| #define HAVE_SYS_TYPES_H 1
| #define HAVE_STDINT_H 1
| #define HAVE_RES_INIT 1
| #define HAVE_RES_INIT 1
| #define SIZEOF_INT 4
| #define SIZEOF_LONG 4
| #define SIZEOF_CHAR_P 4
| #define SIZEOF_CHAR 1
| #define HAVE_VSNPRINTF 1
| #define HAVE_SNPRINTF 1
| #define HAVE_LIBZ 1
| #define HAVE_LIBPNG 1
| /* end confdefs.h.  */
| /* Override any gcc2 internal prototype to avoid an error.  */
| struct jpeg_decompress_struct;
| typedef struct jpeg_decompress_struct * j_decompress_ptr;
| typedef int size_t;
| #ifdef __cplusplus
| extern "C" {
| #endif
|     void jpeg_CreateDecompress(j_decompress_ptr cinfo,
|                                     int version, size_t structsize);
| #ifdef __cplusplus
| }
| #endif
| /* We use char because int might match the return type of a gcc2
|     builtin and then its argument prototype would still apply.  */
| 
| int
| main ()
| {
| jpeg_CreateDecompress(0L, 0, 0);
|   ;
|   return 0;
| }
configure:21381: result: no
configure:21384: checking for libjpeg
configure:21431: gcc -o conftest -ansi -W -Wall -pedantic -Wshadow -Wpointer-arith -Wmissing-prototypes -Wwrite-strings -D_XOPEN_SOURCE=500 -D_BSD_SOURCE -O2   -I/usr/X11R6/include   -D_REENTRANT  conftest.c -L/usr/X11R6/lib  -ljpeg -lm >&5
configure:21434: $? = 0
configure:21437: test -s conftest
configure:21440: $? = 0
configure:21458: result: -ljpeg
configure: 21485: ${prefix}/include/jpeglib.h
configure: 21485: /usr/include/jpeglib.h
taking that
configure:21655: checking for Qt
configure: 21723: /usr/qt/3/include/qstyle.h
taking that
tried NO
configure:21832: rm -rf SunWS_cache; g++ -o conftest -Wnon-virtual-dtor -Wno-long-long -Wundef -Wall -pedantic -W -Wpointer-arith -Wmissing-prototypes -Wwrite-strings -ansi -D_XOPEN_SOURCE=500 -D_BSD_SOURCE -Wcast-align -Wconversion -O2 -O0 -g3 -Wall -fno-exceptions -fno-check-new -I/usr/qt/3/include -I/usr/X11R6/include  -DQT_THREAD_SUPPORT  -D_REENTRANT  -L/usr/qt/3/lib -L/usr/X11R6/lib   conftest.cc  -lqt-mt -lpng -lz -lm -ljpeg -ldl  -lXext -lX11 -lSM -lICE  -lpthread 1>&5
configure:21835: $? = 0
configure:21894: result: libraries /usr/qt/3/lib, headers /usr/qt/3/include using -mt
configure:21904: checking if Qt compiles without flags
configure:22001: rm -rf SunWS_cache; g++ -o conftest -Wnon-virtual-dtor -Wno-long-long -Wundef -Wall -pedantic -W -Wpointer-arith -Wmissing-prototypes -Wwrite-strings -ansi -D_XOPEN_SOURCE=500 -D_BSD_SOURCE -Wcast-align -Wconversion -O2 -O0 -g3 -Wall -fno-exceptions -fno-check-new -I/usr/qt/3/include  -DQT_THREAD_SUPPORT  -D_REENTRANT  -L/usr/X11R6/lib conftest.cc -lqt-mt -lpng -lz -lm -ljpeg -ldl  -lXext -lX11 -lSM -lICE  -lXext -lX11  1>&5
/usr/lib/gcc-lib/i686-pc-linux-gnu/3.2.3/../../../../i686-pc-linux-gnu/bin/ld: cannot find -lqt-mt
collect2: ld returned 1 exit status
configure:22004: $? = 1
configure: failed program was:
#include "confdefs.h"
#include <qglobal.h>
#include <qapplication.h>
#include <qcursor.h>
#include <qstylefactory.h>
#include <private/qucomextra_p.h>
#if ! (QT_VERSION >= 0x030100)
#error 1
#endif

int main() {
    (void)QStyleFactory::create(QString::null);
    QCursor c(Qt::WhatsThisCursor);
    return 0;
}
configure:22037: result: no
configure:22075: checking for moc
configure:22144: result: /usr/qt/3/bin/moc
configure:22152: checking for uic
configure:22203: result: /usr/qt/3/bin/uic
configure:22231: checking whether uic supports -L 
configure:22242: /usr/qt/3/bin/uic -L /nonexistant conftest.ui >/dev/null
configure:22245: $? = 0
configure:22257: result: yes
configure:22269: checking whether uic supports -nounload 
configure:22280: /usr/qt/3/bin/uic -nounload  conftest.ui >/dev/null
configure:22283: $? = 0
configure:22295: result: yes
configure:22331: checking if Qt needs -ljpeg
configure:22373: rm -rf SunWS_cache; g++ -o conftest -Wnon-virtual-dtor -Wno-long-long -Wundef -Wall -pedantic -W -Wpointer-arith -Wmissing-prototypes -Wwrite-strings -ansi -D_XOPEN_SOURCE=500 -D_BSD_SOURCE -Wcast-align -Wconversion -O2 -O0 -g3 -Wall -fno-exceptions -fno-check-new -I/usr/qt/3/include -I/usr/X11R6/include   -DQT_THREAD_SUPPORT  -D_REENTRANT  conftest.cc -L/usr/X11R6/lib -L/usr/qt/3/lib -lqt-mt -lpng -lz -lm  -ldl -lXext -lX11 -lSM -lICE 1>&5
configure:22376: $? = 0
configure:22379: test -s conftest
configure:22382: $? = 0
configure:22409: result: no
configure:22435: checking for rpath
configure:22461: result: yes
configure:22464: checking for KDE
configure: 22515: /usr/kde/3.1/include/ksharedptr.h
taking that
configure: 22545: /usr/kde/3.1/lib/libkio.la
taking that
configure: 22563: /usr/kde/3.1/lib/kde3/plugins/designer/kdewidgets.la
taking that
configure:22633: result: libraries /usr/kde/3.1/lib, headers /usr/kde/3.1/include
configure:22670: checking if UIC has KDE plugins available
configure:22697: /usr/qt/3/bin/uic -L /usr/kde/3.1/lib/kde3/plugins/designer -nounload -impl actest.h actest.ui > actest.cpp
configure:22700: $? = 0
configure:22712: result: yes
configure:22751: checking for KDE paths
configure:23311: result: defaults
configure:23331: checking for dcopidl
configure:23390: result: /usr/kde/3.1/bin/dcopidl
configure:23397: checking for dcopidl2cpp
configure:23456: result: /usr/kde/3.1/bin/dcopidl2cpp
configure:23463: checking for mcopidl
configure:23522: result: /usr/kde/3.1/bin/mcopidl
configure:23529: checking for artsc-config
configure:23588: result: /usr/kde/3.1/bin/artsc-config
configure:23595: checking for kde-config
configure:23646: result: /usr/kde/3.1/bin/kde-config
configure:23653: checking for meinproc
configure:23704: result: /usr/kde/3.1/bin/meinproc
configure: 23723: /usr/kde/3.1/share/apps/ksgmltools2/customization/kde-chunk.xsl
taking that
configure:23888: checking if doc should be compiled
configure:23900: result: yes
configure:23888: checking if iwiz should be compiled
configure:23900: result: yes
configure:23888: checking if po should be compiled
configure:23900: result: yes
configure:24018: creating ./config.status

## ---------------- ##
## Cache variables. ##
## ---------------- ##

ac_cv_build=i386-pc-linux-gnu
ac_cv_build_alias=i386-linux
ac_cv_c_compiler_gnu=yes
ac_cv_cxx_compiler_gnu=yes
ac_cv_env_CC_set=set
ac_cv_env_CC_value=gcc
ac_cv_env_CFLAGS_set=set
ac_cv_env_CFLAGS_value=
ac_cv_env_CPPFLAGS_set=set
ac_cv_env_CPPFLAGS_value=
ac_cv_env_CPP_set=set
ac_cv_env_CPP_value=cpp
ac_cv_env_CXXCPP_set=
ac_cv_env_CXXCPP_value=
ac_cv_env_CXXFLAGS_set=set
ac_cv_env_CXXFLAGS_value='-O0 -g3 -Wall '
ac_cv_env_CXX_set=set
ac_cv_env_CXX_value=g++
ac_cv_env_LDFLAGS_set=set
ac_cv_env_LDFLAGS_value=
ac_cv_env_build_alias_set=set
ac_cv_env_build_alias_value=i386-linux
ac_cv_env_host_alias_set=set
ac_cv_env_host_alias_value=i386-linux
ac_cv_env_target_alias_set=set
ac_cv_env_target_alias_value=i386-linux
ac_cv_exeext=
ac_cv_func__NSGetEnviron=no
ac_cv_func_connect=yes
ac_cv_func_inet_ntoa=yes
ac_cv_func_remove=yes
ac_cv_func_shmat=yes
ac_cv_func_snprintf=yes
ac_cv_func_vsnprintf=yes
ac_cv_have_dlfcn=yes
ac_cv_have_kde='have_kde=yes     ac_kde_includes=/usr/kde/3.1/include ac_kde_libraries=/usr/kde/3.1/lib'
ac_cv_have_qt='have_qt=yes     ac_qt_includes=/usr/qt/3/include ac_qt_libraries=/usr/qt/3/lib'
ac_cv_have_xinerama=no
ac_cv_header_CoreAudio_CoreAudio_h=no
ac_cv_header_crt_externs_h=no
ac_cv_header_dlfcn_h=yes
ac_cv_header_inttypes_h=yes
ac_cv_header_memory_h=yes
ac_cv_header_stdc=yes
ac_cv_header_stdint_h=yes
ac_cv_header_stdlib_h=yes
ac_cv_header_string_h=yes
ac_cv_header_strings_h=yes
ac_cv_header_sys_stat_h=yes
ac_cv_header_sys_types_h=yes
ac_cv_header_unistd_h=yes
ac_cv_host=i386-pc-linux-gnu
ac_cv_host_alias=i386-linux
ac_cv_lib_ICE_IceConnectionNumber=yes
ac_cv_lib_compat_main=no
ac_cv_lib_crypt_crypt=yes
ac_cv_lib_dl_dlopen=yes
ac_cv_lib_dld_shl_unload=no
ac_cv_lib_dnet_dnet_ntoa=no
ac_cv_lib_dnet_stub_dnet_ntoa=no
ac_cv_lib_jpeg_6b=no
ac_cv_lib_jpeg_normal=-ljpeg
ac_cv_lib_png='-lpng -lz -lm'
ac_cv_lib_poll_poll=no
ac_cv_lib_pthread_pthread_create=yes
ac_cv_lib_ucb_killpg=no
ac_cv_lib_util_main=yes
ac_cv_lib_z=-lz
ac_cv_objext=o
ac_cv_path_GMSGFMT=/usr/bin/msgfmt
ac_cv_path_MSGFMT=/usr/bin/msgfmt
ac_cv_path_XGETTEXT=/usr/bin/xgettext
ac_cv_path_install='/bin/install -c'
ac_cv_prog_CC=gcc
ac_cv_prog_CPP=cpp
ac_cv_prog_CXX=g++
ac_cv_prog_CXXCPP='g++ -E'
ac_cv_prog_ac_ct_RANLIB=ranlib
ac_cv_prog_ac_ct_STRIP=strip
ac_cv_prog_cc_g=yes
ac_cv_prog_cc_stdc=
ac_cv_prog_cxx_g=yes
ac_cv_prog_egrep='grep -E'
ac_cv_prog_make_make_set=yes
ac_cv_sizeof_char=1
ac_cv_sizeof_char_p=4
ac_cv_sizeof_int=4
ac_cv_sizeof_long=4
ac_cv_socklen_t=socklen_t
ac_cv_target=i386-pc-linux-gnu
ac_cv_target_alias=i386-linux
ac_cv_type_char=yes
ac_cv_type_char_p=yes
ac_cv_type_int=yes
ac_cv_type_long=yes
kde_cv_all_paths='kde_have_all_paths="yes" 	kde_htmldir="\${prefix}/share/doc/HTML" 	kde_appsdir="\${prefix}/share/applnk" 	kde_icondir="\${prefix}/share/icons" 	kde_sounddir="\${prefix}/share/sounds" 	kde_datadir="\${prefix}/share/apps" 	kde_locale="\${prefix}/share/locale" 	kde_cgidir="\${exec_prefix}/cgi-bin" 	kde_confdir="\${prefix}/share/config" 	kde_mimedir="\${prefix}/share/mimelnk" 	kde_toolbardir="\${prefix}/share/toolbar" 	kde_wallpaperdir="\${prefix}/share/wallpapers" 	kde_templatesdir="\${prefix}/share/templates" 	kde_bindir="\${exec_prefix}/bin" 	kde_servicesdir="\${prefix}/share/services" 	kde_servicetypesdir="\${prefix}/share/servicetypes" 	kde_moduledir="\${libdir}/kde3"    kde_styledir="\${libdir}/kde3/plugins/styles" 	kde_widgetdir="/usr/kde/3.1/lib/kde3/plugins/designer" 	kde_result=defaults'
kde_cv_have_libXext=yes
kde_cv_have_x='have_x=yes          kde_x_includes=/usr/X11R6/include kde_x_libraries=/usr/X11R6/lib'
kde_cv_path=/usr/kde/3.1/bin/meinproc
kde_cv_path_artsc_config=/usr/kde/3.1/bin/artsc-config
kde_cv_path_dcopidl=/usr/kde/3.1/bin/dcopidl
kde_cv_path_dcopidl2cpp=/usr/kde/3.1/bin/dcopidl2cpp
kde_cv_path_kde_config=/usr/kde/3.1/bin/kde-config
kde_cv_path_mcopidl=/usr/kde/3.1/bin/mcopidl
kde_cv_path_meinproc=/usr/kde/3.1/bin/meinproc
kde_cv_path_moc=/usr/qt/3/bin/moc
kde_cv_path_uic=/usr/qt/3/bin/uic
kde_cv_prog_cxx_Wno_long_long=yes
kde_cv_prog_cxx_Wnon_virtual_dtor=yes
kde_cv_prog_cxx_Wundef=yes
kde_cv_prog_cxx_fexceptions=yes
kde_cv_prog_cxx_fno_check_new=yes
kde_cv_prog_cxx_fno_exceptions=yes
kde_cv_prog_cxx_frepo=yes
kde_cv_prog_uic_L=yes
kde_cv_prog_uic_nounload=yes
kde_cv_qt_direct=no
kde_cv_qt_jpeg=no
kde_cv_uic_plugins=yes
lt_cv_deplibs_check_method=pass_all
lt_cv_file_magic_cmd='$MAGIC_CMD'
lt_cv_file_magic_test_file='/lib/libc.so.6 /lib/libc-2.3.2.so'
lt_cv_ld_reload_flag=-r
lt_cv_objdir=.libs
lt_cv_path_LD=/usr/i686-pc-linux-gnu/bin/ld
lt_cv_path_NM=nm
lt_cv_path_SED=/bin/sed
lt_cv_prog_compiler_c_o=yes
lt_cv_prog_compiler_c_o_CXX=yes
lt_cv_prog_compiler_c_o_GCJ=no
lt_cv_prog_compiler_rtti_exceptions=no
lt_cv_prog_gnu_ld=yes
lt_cv_sys_global_symbol_pipe='sed -n -e '\''s/^.*[ 	]\([ABCDGISTW][ABCDGISTW]*\)[ 	][ 	]*\(\)\([_A-Za-z][_A-Za-z0-9]*\)$/\1 \2\3 \3/p'\'''
lt_cv_sys_global_symbol_to_c_name_address='sed -n -e '\''s/^: \([^ ]*\) $/  {\"\1\", (lt_ptr) 0},/p'\'' -e '\''s/^[BCDEGRST] \([^ ]*\) \([^ ]*\)$/  {"\2", (lt_ptr) \&\2},/p'\'''
lt_cv_sys_global_symbol_to_cdecl='sed -n -e '\''s/^. .* \(.*\)$/extern int \1;/p'\'''
lt_cv_sys_max_cmd_len=32768
lt_lt_cv_prog_compiler_c_o='"yes"'
lt_lt_cv_prog_compiler_c_o_CXX='"yes"'
lt_lt_cv_prog_compiler_c_o_GCJ='"no"'
lt_lt_cv_sys_global_symbol_pipe='"sed -n -e '\''s/^.*[ 	]\\([ABCDGISTW][ABCDGISTW]*\\)[ 	][ 	]*\\(\\)\\([_A-Za-z][_A-Za-z0-9]*\\)\$/\\1 \\2\\3 \\3/p'\''"'
lt_lt_cv_sys_global_symbol_to_c_name_address='"sed -n -e '\''s/^: \\([^ ]*\\) \$/  {\\\"\\1\\\", (lt_ptr) 0},/p'\'' -e '\''s/^[BCDEGRST] \\([^ ]*\\) \\([^ ]*\\)\$/  {\"\\2\", (lt_ptr) \\&\\2},/p'\''"'
lt_lt_cv_sys_global_symbol_to_cdecl='"sed -n -e '\''s/^. .* \\(.*\\)\$/extern int \\1;/p'\''"'

## ----------------- ##
## Output variables. ##
## ----------------- ##

ACLOCAL='aclocal'
ARTSCCONFIG='/usr/kde/3.1/bin/artsc-config'
AUTOCONF='autoconf'
AUTODIRS=''
AUTOHEADER='autoheader'
AUTOMAKE='automake'
CC='gcc'
CFLAGS='-ansi -W -Wall -pedantic -Wshadow -Wpointer-arith -Wmissing-prototypes -Wwrite-strings -D_XOPEN_SOURCE=500 -D_BSD_SOURCE -O2  '
CONF_FILES=' $(top_srcdir)/./admin/configure.in.min $(top_srcdir)/configure.in.in'
CPP='cpp'
CPPFLAGS=' -DQT_THREAD_SUPPORT  -D_REENTRANT'
CXX='g++'
CXXCPP='g++ -E'
CXXFLAGS='-Wnon-virtual-dtor -Wno-long-long -Wundef -Wall -pedantic -W -Wpointer-arith -Wmissing-prototypes -Wwrite-strings -ansi -D_XOPEN_SOURCE=500 -D_BSD_SOURCE -Wcast-align -Wconversion -O2 -O0 -g3 -Wall -fno-exceptions -fno-check-new'
DCOPIDL2CPP='/usr/kde/3.1/bin/dcopidl2cpp'
DCOPIDL='/usr/kde/3.1/bin/dcopidl'
DCOP_DEPENDENCIES='$(DCOPIDL)'
DEFS='-DHAVE_CONFIG_H'
ECHO='echo'
ECHO_C=''
ECHO_N='-n'
ECHO_T=''
EGREP='grep -E'
EXEEXT=''
FRAMEWORK_COREAUDIO=''
GMSGFMT='/usr/bin/msgfmt'
INSTALL_DATA='${INSTALL} -m 644'
INSTALL_PROGRAM='${INSTALL} $(INSTALL_STRIP_FLAG)'
INSTALL_SCRIPT='${INSTALL}'
KDECONFIG='/usr/kde/3.1/bin/kde-config'
KDE_EXTRA_RPATH=''
KDE_INCLUDES='-I/usr/kde/3.1/include'
KDE_LDFLAGS='-L/usr/kde/3.1/lib'
KDE_MT_LDFLAGS=''
KDE_MT_LIBS='-lpthread'
KDE_PLUGIN='-avoid-version -module -no-undefined $(KDE_RPATH) $(KDE_MT_LDFLAGS)'
KDE_RPATH='-R $(kde_libraries) -R $(qt_libraries) -R $(x_libraries)'
KDE_USE_CLOSURE_FALSE='#'
KDE_USE_CLOSURE_TRUE=''
KDE_USE_FINAL_FALSE=''
KDE_USE_FINAL_TRUE='#'
KDE_XSL_STYLESHEET='/usr/kde/3.1/share/apps/ksgmltools2/customization/kde-chunk.xsl'
LDFLAGS=''
LIBCOMPAT=''
LIBCRYPT='-lcrypt'
LIBDL='-ldl'
LIBJPEG='-ljpeg'
LIBOBJS=''
LIBPNG='-lpng -lz -lm'
LIBPTHREAD='-lpthread'
LIBRESOLV='-lresolv'
LIBS=''
LIBSM='-lSM -lICE'
LIBSOCKET=''
LIBTOOL='$(SHELL) $(top_builddir)/libtool --silent'
LIBUCB=''
LIBUTIL='-lutil'
LIBXINERAMA=''
LIBZ='-lz'
LIB_KAB='-lkab'
LIB_KABC='-lkabc'
LIB_KDECORE='-lkdecore'
LIB_KDEPRINT='-lkdeprint'
LIB_KDEUI='-lkdeui'
LIB_KFILE='-lkio'
LIB_KFM=''
LIB_KHTML='-lkhtml'
LIB_KIO='-lkio'
LIB_KPARTS='-lkparts'
LIB_KSPELL='-lkspell'
LIB_KSYCOCA='-lkio'
LIB_POLL=''
LIB_QPE=''
LIB_QT='-lqt-mt  $(LIBPNG) -lXext $(LIB_X11) $(LIBSM) -lpthread'
LIB_SMB='-lsmb'
LIB_X11='-lX11 $(LIBSOCKET)'
LIB_XEXT='-lXext'
LN_S='ln -s'
LTLIBOBJS=''
MAKEINFO='makeinfo'
MCOPIDL='/usr/kde/3.1/bin/mcopidl'
MEINPROC='/usr/kde/3.1/bin/meinproc'
MOC='/usr/qt/3/bin/moc'
MSGFMT='/usr/bin/msgfmt'
NOOPT_CFLAGS='-O0'
NOOPT_CXXFLAGS='-O0'
NOREPO='-fno-repo'
OBJEXT='o'
PACKAGE='iwiz'
PACKAGE_BUGREPORT=''
PACKAGE_NAME=''
PACKAGE_STRING=''
PACKAGE_TARNAME=''
PACKAGE_VERSION=''
PATH_SEPARATOR=':'
QTE_NORTTI=''
QT_INCLUDES='-I/usr/qt/3/include'
QT_LDFLAGS='-L/usr/qt/3/lib'
RANLIB='ranlib'
REPO='-frepo'
SET_MAKE=''
SHELL='/bin/sh'
STRIP='strip'
TOPSUBDIRS=' doc iwiz po'
UIC='/usr/qt/3/bin/uic -L $(kde_widgetdir) -nounload'
UIC_TR='tr2i18n'
USER_INCLUDES=''
USER_LDFLAGS=''
USE_EXCEPTIONS='-fexceptions'
USE_RTTI=''
USE_THREADS=''
VERSION='0.1'
WOVERLOADED_VIRTUAL=''
XGETTEXT='/usr/bin/xgettext'
X_EXTRA_LIBS=''
X_INCLUDES='-I/usr/X11R6/include'
X_LDFLAGS='-L/usr/X11R6/lib'
X_PRE_LIBS=''
ac_ct_CC=''
ac_ct_CXX=''
ac_ct_RANLIB='ranlib'
ac_ct_STRIP='strip'
all_includes='-I/usr/kde/3.1/include -I/usr/qt/3/include -I/usr/X11R6/include '
all_libraries='-L/usr/X11R6/lib -L/usr/qt/3/lib -L/usr/kde/3.1/lib '
bindir='${exec_prefix}/bin'
build='i386-pc-linux-gnu'
build_alias='i386-linux'
build_cpu='i386'
build_os='linux-gnu'
build_vendor='pc'
datadir='${prefix}/share'
exec_prefix='${prefix}'
host='i386-pc-linux-gnu'
host_alias='i386-linux'
host_cpu='i386'
host_os='linux-gnu'
host_vendor='pc'
includedir='${prefix}/include'
infodir='${prefix}/info'
kde_appsdir='${prefix}/share/applnk'
kde_bindir='${exec_prefix}/bin'
kde_confdir='${prefix}/share/config'
kde_datadir='${prefix}/share/apps'
kde_htmldir='${prefix}/share/doc/HTML'
kde_icondir='${prefix}/share/icons'
kde_includes='/usr/kde/3.1/include'
kde_libraries='/usr/kde/3.1/lib'
kde_libs_htmldir='/usr/kde/3.1/share/doc/HTML'
kde_libs_prefix='/usr/kde/3.1'
kde_locale='${prefix}/share/locale'
kde_mimedir='${prefix}/share/mimelnk'
kde_moduledir='${libdir}/kde3'
kde_qtver='3'
kde_servicesdir='${prefix}/share/services'
kde_servicetypesdir='${prefix}/share/servicetypes'
kde_sounddir='${prefix}/share/sounds'
kde_styledir='${libdir}/kde3/plugins/styles'
kde_templatesdir='${prefix}/share/templates'
kde_wallpaperdir='${prefix}/share/wallpapers'
kde_widgetdir='/usr/kde/3.1/lib/kde3/plugins/designer'
libdir='${exec_prefix}/lib'
libexecdir='${exec_prefix}/libexec'
localstatedir='${prefix}/var'
mandir='${prefix}/man'
oldincludedir='/usr/include'
prefix='/usr/kde/3.1'
program_transform_name='s,^,i386-linux-,'
qt_includes='/usr/qt/3/include'
qt_libraries='/usr/qt/3/lib'
sbindir='${exec_prefix}/sbin'
sharedstatedir='${prefix}/com'
sysconfdir='${prefix}/etc'
target='i386-pc-linux-gnu'
target_alias='i386-linux'
target_cpu='i386'
target_os='linux-gnu'
target_vendor='pc'
x_includes='/usr/X11R6/include'
x_libraries='/usr/X11R6/lib'

## ----------- ##
## confdefs.h. ##
## ----------- ##

#define HAVE_CRYPT 1
#define HAVE_DLFCN_H 1
#define HAVE_INTTYPES_H 1
#define HAVE_LIBJPEG 1
#define HAVE_LIBPNG 1
#define HAVE_LIBPTHREAD 1
#define HAVE_LIBZ 1
#define HAVE_MEMORY_H 1
#define HAVE_RES_INIT 1
#define HAVE_RES_INIT 1
#define HAVE_SNPRINTF 1
#define HAVE_STDINT_H 1
#define HAVE_STDINT_H 1
#define HAVE_STDLIB_H 1
#define HAVE_STRINGS_H 1
#define HAVE_STRING_H 1
#define HAVE_SYS_STAT_H 1
#define HAVE_SYS_TYPES_H 1
#define HAVE_SYS_TYPES_H 1
#define HAVE_TEMPLATE_REPOSITORY 1
#define HAVE_UNISTD_H 1
#define HAVE_VSNPRINTF 1
#define KDELIBSUFF ""
#define PACKAGE "iwiz"
#define PACKAGE_BUGREPORT ""
#define PACKAGE_NAME ""
#define PACKAGE_STRING ""
#define PACKAGE_TARNAME ""
#define PACKAGE_VERSION ""
#define SIZEOF_CHAR 1
#define SIZEOF_CHAR_P 4
#define SIZEOF_INT 4
#define SIZEOF_LONG 4
#define STDC_HEADERS 1
#define VERSION "0.1"
#define ksize_t socklen_t
#endif
#ifdef __cplusplus
#include <stdlib.h>

configure: exit 0

## ---------------------- ##
## Running config.status. ##
## ---------------------- ##

This file was extended by config.status, which was
generated by GNU Autoconf 2.57.  Invocation command line was

  CONFIG_FILES    = 
  CONFIG_HEADERS  = config.h
  CONFIG_LINKS    = 
  CONFIG_COMMANDS = 
  $ ./config.status 

on mainbrain

config.status:870: creating config.h
config.status:1011: config.h is unchanged
config.status:1111: executing default-1 commands

## ---------------------- ##
## Running config.status. ##
## ---------------------- ##

This file was extended by config.status, which was
generated by GNU Autoconf 2.57.  Invocation command line was

  CONFIG_FILES    = Makefile
  CONFIG_HEADERS  = 
  CONFIG_LINKS    = 
  CONFIG_COMMANDS = 
  $ ./config.status 

on mainbrain

config.status:766: creating Makefile
config.status:1111: executing default-1 commands

## ---------------------- ##
## Running config.status. ##
## ---------------------- ##

This file was extended by config.status, which was
generated by GNU Autoconf 2.57.  Invocation command line was

  CONFIG_FILES    = iwiz/Makefile
  CONFIG_HEADERS  = 
  CONFIG_LINKS    = 
  CONFIG_COMMANDS = 
  $ ./config.status 

on mainbrain

config.status:766: creating iwiz/Makefile
config.status:1111: executing default-1 commands

## ---------------------- ##
## Running config.status. ##
## ---------------------- ##

This file was extended by config.status, which was
generated by GNU Autoconf 2.57.  Invocation command line was

  CONFIG_FILES    = po/Makefile
  CONFIG_HEADERS  = 
  CONFIG_LINKS    = 
  CONFIG_COMMANDS = 
  $ ./config.status 

on mainbrain

config.status:766: creating po/Makefile
config.status:1111: executing default-1 commands

## ---------------------- ##
## Running config.status. ##
## ---------------------- ##

This file was extended by config.status, which was
generated by GNU Autoconf 2.57.  Invocation command line was

  CONFIG_FILES    = doc/Makefile
  CONFIG_HEADERS  = 
  CONFIG_LINKS    = 
  CONFIG_COMMANDS = 
  $ ./config.status 

on mainbrain

config.status:766: creating doc/Makefile
config.status:1111: executing default-1 commands

## ---------------------- ##
## Running config.status. ##
## ---------------------- ##

This file was extended by config.status, which was
generated by GNU Autoconf 2.57.  Invocation command line was

  CONFIG_FILES    = doc/en/Makefile
  CONFIG_HEADERS  = 
  CONFIG_LINKS    = 
  CONFIG_COMMANDS = 
  $ ./config.status 

on mainbrain

config.status:766: creating doc/en/Makefile
config.status:1111: executing default-1 commands
